15:45:31.749 [background-preinit] INFO  [] o.h.validator.internal.util.Version - HV000001: Hibernate Validator 8.0.3.Final
15:45:31.798 [main] INFO  [] com.gymapp.GymAppApplication - Starting GymAppApplication using Java 21.0.7 with PID 11444 (C:\Users\ASUS\Desktop\EPAM-COURSE\Spring-boot\spring-rest\target\classes started by ASUS in C:\Users\ASUS\Desktop\EPAM-COURSE\Spring-boot\spring-rest)
15:45:31.799 [main] INFO  [] com.gymapp.GymAppApplication - No active profile set, falling back to 1 default profile: "default"
15:45:33.693 [main] INFO  [] o.s.d.r.c.RepositoryConfigurationDelegate - Bootstrapping Spring Data JPA repositories in DEFAULT mode.
15:45:33.765 [main] INFO  [] o.s.d.r.c.RepositoryConfigurationDelegate - Finished Spring Data repository scanning in 63 ms. Found 4 JPA repository interfaces.
15:45:34.344 [main] INFO  [] o.s.b.w.e.tomcat.TomcatWebServer - Tomcat initialized with port 8080 (http)
15:45:34.355 [main] INFO  [] o.a.coyote.http11.Http11NioProtocol - Initializing ProtocolHandler ["http-nio-8080"]
15:45:34.358 [main] INFO  [] o.a.catalina.core.StandardService - Starting service [Tomcat]
15:45:34.358 [main] INFO  [] o.a.catalina.core.StandardEngine - Starting Servlet engine: [Apache Tomcat/10.1.48]
15:45:34.412 [main] INFO  [] o.a.c.c.C.[Tomcat].[localhost].[/] - Initializing Spring embedded WebApplicationContext
15:45:34.413 [main] INFO  [] o.s.b.w.s.c.ServletWebServerApplicationContext - Root WebApplicationContext: initialization completed in 2575 ms
15:45:34.735 [main] INFO  [] o.h.jpa.internal.util.LogHelper - HHH000204: Processing PersistenceUnitInfo [name: default]
15:45:34.806 [main] INFO  [] org.hibernate.Version - HHH000412: Hibernate ORM core version 6.6.33.Final
15:45:34.835 [main] INFO  [] o.h.c.i.RegionFactoryInitiator - HHH000026: Second-level cache disabled
15:45:35.044 [main] INFO  [] o.s.o.j.p.SpringPersistenceUnitInfo - No LoadTimeWeaver setup: ignoring JPA class transformer
15:45:35.066 [main] INFO  [] com.zaxxer.hikari.HikariDataSource - HikariPool-1 - Starting...
15:45:35.214 [main] INFO  [] com.zaxxer.hikari.pool.HikariPool - HikariPool-1 - Added connection org.postgresql.jdbc.PgConnection@e60c5a
15:45:35.215 [main] INFO  [] com.zaxxer.hikari.HikariDataSource - HikariPool-1 - Start completed.
15:45:35.268 [main] INFO  [] o.hibernate.orm.connections.pooling - HHH10001005: Database info:
	Database JDBC URL [Connecting through datasource 'HikariDataSource (HikariPool-1)']
	Database driver: undefined/unknown
	Database version: 17.5
	Autocommit mode: undefined/unknown
	Isolation level: undefined/unknown
	Minimum pool size: undefined/unknown
	Maximum pool size: undefined/unknown
15:45:36.021 [main] INFO  [] o.h.e.t.j.p.i.JtaPlatformInitiator - HHH000489: No JTA platform available (set 'hibernate.transaction.jta.platform' to enable JTA platform integration)
15:45:36.116 [main] INFO  [] o.s.o.j.LocalContainerEntityManagerFactoryBean - Initialized JPA EntityManagerFactory for persistence unit 'default'
15:45:36.439 [main] INFO  [] o.s.d.j.r.query.QueryEnhancerFactory - Hibernate is in classpath; If applicable, HQL parser will be used.
15:45:37.808 [main] INFO  [] o.s.b.a.e.web.EndpointLinksResolver - Exposing 1 endpoint beneath base path '/actuator'
15:45:37.854 [main] INFO  [] o.a.coyote.http11.Http11NioProtocol - Starting ProtocolHandler ["http-nio-8080"]
15:45:37.866 [main] INFO  [] o.s.b.w.e.tomcat.TomcatWebServer - Tomcat started on port 8080 (http) with context path '/'
15:45:37.876 [main] INFO  [] com.gymapp.GymAppApplication - Started GymAppApplication in 6.385 seconds (process running for 15.216)
15:45:41.126 [SpringApplicationShutdownHook] INFO  [] o.s.b.w.e.tomcat.GracefulShutdown - Commencing graceful shutdown. Waiting for active requests to complete
15:45:41.130 [tomcat-shutdown] INFO  [] o.s.b.w.e.tomcat.GracefulShutdown - Graceful shutdown complete
15:45:41.134 [SpringApplicationShutdownHook] INFO  [] o.s.o.j.LocalContainerEntityManagerFactoryBean - Closing JPA EntityManagerFactory for persistence unit 'default'
15:45:41.135 [SpringApplicationShutdownHook] INFO  [] com.zaxxer.hikari.HikariDataSource - HikariPool-1 - Shutdown initiated...
15:45:41.138 [SpringApplicationShutdownHook] INFO  [] com.zaxxer.hikari.HikariDataSource - HikariPool-1 - Shutdown completed.
15:48:09.202 [background-preinit] INFO  [] o.h.validator.internal.util.Version - HV000001: Hibernate Validator 8.0.3.Final
15:48:09.253 [main] INFO  [] com.gymapp.GymAppApplication - Starting GymAppApplication using Java 21.0.7 with PID 17412 (C:\Users\ASUS\Desktop\EPAM-COURSE\Spring-boot\spring-rest\target\classes started by ASUS in C:\Users\ASUS\Desktop\EPAM-COURSE\Spring-boot\spring-rest)
15:48:09.254 [main] INFO  [] com.gymapp.GymAppApplication - No active profile set, falling back to 1 default profile: "default"
15:48:10.429 [main] INFO  [] o.s.d.r.c.RepositoryConfigurationDelegate - Bootstrapping Spring Data JPA repositories in DEFAULT mode.
15:48:10.518 [main] INFO  [] o.s.d.r.c.RepositoryConfigurationDelegate - Finished Spring Data repository scanning in 80 ms. Found 4 JPA repository interfaces.
15:48:11.218 [main] INFO  [] o.s.b.w.e.tomcat.TomcatWebServer - Tomcat initialized with port 8080 (http)
15:48:11.229 [main] INFO  [] o.a.coyote.http11.Http11NioProtocol - Initializing ProtocolHandler ["http-nio-8080"]
15:48:11.231 [main] INFO  [] o.a.catalina.core.StandardService - Starting service [Tomcat]
15:48:11.231 [main] INFO  [] o.a.catalina.core.StandardEngine - Starting Servlet engine: [Apache Tomcat/10.1.48]
15:48:11.296 [main] INFO  [] o.a.c.c.C.[Tomcat].[localhost].[/] - Initializing Spring embedded WebApplicationContext
15:48:11.297 [main] INFO  [] o.s.b.w.s.c.ServletWebServerApplicationContext - Root WebApplicationContext: initialization completed in 2002 ms
15:48:11.806 [main] INFO  [] o.h.jpa.internal.util.LogHelper - HHH000204: Processing PersistenceUnitInfo [name: default]
15:48:11.850 [main] INFO  [] org.hibernate.Version - HHH000412: Hibernate ORM core version 6.6.33.Final
15:48:11.933 [main] INFO  [] o.h.c.i.RegionFactoryInitiator - HHH000026: Second-level cache disabled
15:48:12.158 [main] INFO  [] o.s.o.j.p.SpringPersistenceUnitInfo - No LoadTimeWeaver setup: ignoring JPA class transformer
15:48:12.179 [main] INFO  [] com.zaxxer.hikari.HikariDataSource - HikariPool-1 - Starting...
15:48:12.414 [main] INFO  [] com.zaxxer.hikari.pool.HikariPool - HikariPool-1 - Added connection org.postgresql.jdbc.PgConnection@7614378d
15:48:12.415 [main] INFO  [] com.zaxxer.hikari.HikariDataSource - HikariPool-1 - Start completed.
15:48:12.447 [main] INFO  [] o.hibernate.orm.connections.pooling - HHH10001005: Database info:
	Database JDBC URL [Connecting through datasource 'HikariDataSource (HikariPool-1)']
	Database driver: undefined/unknown
	Database version: 17.5
	Autocommit mode: undefined/unknown
	Isolation level: undefined/unknown
	Minimum pool size: undefined/unknown
	Maximum pool size: undefined/unknown
15:48:14.286 [main] INFO  [] o.h.e.t.j.p.i.JtaPlatformInitiator - HHH000489: No JTA platform available (set 'hibernate.transaction.jta.platform' to enable JTA platform integration)
15:48:14.519 [main] INFO  [] o.s.o.j.LocalContainerEntityManagerFactoryBean - Initialized JPA EntityManagerFactory for persistence unit 'default'
15:48:15.531 [main] INFO  [] o.s.d.j.r.query.QueryEnhancerFactory - Hibernate is in classpath; If applicable, HQL parser will be used.
15:48:20.105 [main] INFO  [] o.s.b.a.e.web.EndpointLinksResolver - Exposing 2 endpoints beneath base path '/actuator'
15:48:20.288 [main] INFO  [] o.a.coyote.http11.Http11NioProtocol - Starting ProtocolHandler ["http-nio-8080"]
15:48:20.322 [main] INFO  [] o.s.b.w.e.tomcat.TomcatWebServer - Tomcat started on port 8080 (http) with context path '/'
15:48:20.384 [main] INFO  [] com.gymapp.GymAppApplication - Started GymAppApplication in 11.452 seconds (process running for 11.951)
15:48:48.706 [http-nio-8080-exec-1] INFO  [] o.a.c.c.C.[Tomcat].[localhost].[/] - Initializing Spring DispatcherServlet 'dispatcherServlet'
15:48:48.706 [http-nio-8080-exec-1] INFO  [] o.s.web.servlet.DispatcherServlet - Initializing Servlet 'dispatcherServlet'
15:48:48.709 [http-nio-8080-exec-1] INFO  [] o.s.web.servlet.DispatcherServlet - Completed initialization in 2 ms
15:48:49.193 [http-nio-8080-exec-2] INFO  [c65fca71-e6da-48fb-a11f-9936a7397923] c.g.interceptor.LoggingInterceptor - Incoming request: GET /favicon.ico
15:48:49.196 [http-nio-8080-exec-2] INFO  [c65fca71-e6da-48fb-a11f-9936a7397923] c.g.interceptor.LoggingInterceptor - Response status: 401
15:49:58.229 [http-nio-8080-exec-4] INFO  [635a27a7-360d-48a2-bb23-f951e14d9e05] c.g.interceptor.LoggingInterceptor - Incoming request: GET /favicon.ico
15:49:58.230 [http-nio-8080-exec-4] INFO  [635a27a7-360d-48a2-bb23-f951e14d9e05] c.g.interceptor.LoggingInterceptor - Response status: 401
15:50:55.119 [SpringApplicationShutdownHook] INFO  [] o.s.b.w.e.tomcat.GracefulShutdown - Commencing graceful shutdown. Waiting for active requests to complete
15:50:55.122 [tomcat-shutdown] INFO  [] o.s.b.w.e.tomcat.GracefulShutdown - Graceful shutdown complete
15:50:55.126 [SpringApplicationShutdownHook] INFO  [] o.s.o.j.LocalContainerEntityManagerFactoryBean - Closing JPA EntityManagerFactory for persistence unit 'default'
15:50:55.128 [SpringApplicationShutdownHook] INFO  [] com.zaxxer.hikari.HikariDataSource - HikariPool-1 - Shutdown initiated...
15:50:55.130 [SpringApplicationShutdownHook] INFO  [] com.zaxxer.hikari.HikariDataSource - HikariPool-1 - Shutdown completed.
15:54:41.972 [background-preinit] INFO  [] o.h.validator.internal.util.Version - HV000001: Hibernate Validator 8.0.3.Final
15:54:42.020 [main] INFO  [] com.gymapp.GymAppApplication - Starting GymAppApplication using Java 21.0.7 with PID 21044 (C:\Users\ASUS\Desktop\EPAM-COURSE\Spring-boot\spring-rest\target\classes started by ASUS in C:\Users\ASUS\Desktop\EPAM-COURSE\Spring-boot\spring-rest)
15:54:42.021 [main] INFO  [] com.gymapp.GymAppApplication - No active profile set, falling back to 1 default profile: "default"
15:54:43.147 [main] INFO  [] o.s.d.r.c.RepositoryConfigurationDelegate - Bootstrapping Spring Data JPA repositories in DEFAULT mode.
15:54:43.224 [main] INFO  [] o.s.d.r.c.RepositoryConfigurationDelegate - Finished Spring Data repository scanning in 70 ms. Found 4 JPA repository interfaces.
15:54:43.955 [main] INFO  [] o.s.b.w.e.tomcat.TomcatWebServer - Tomcat initialized with port 8080 (http)
15:54:43.967 [main] INFO  [] o.a.coyote.http11.Http11NioProtocol - Initializing ProtocolHandler ["http-nio-8080"]
15:54:43.970 [main] INFO  [] o.a.catalina.core.StandardService - Starting service [Tomcat]
15:54:43.970 [main] INFO  [] o.a.catalina.core.StandardEngine - Starting Servlet engine: [Apache Tomcat/10.1.48]
15:54:44.048 [main] INFO  [] o.a.c.c.C.[Tomcat].[localhost].[/] - Initializing Spring embedded WebApplicationContext
15:54:44.049 [main] INFO  [] o.s.b.w.s.c.ServletWebServerApplicationContext - Root WebApplicationContext: initialization completed in 1980 ms
15:54:44.401 [main] INFO  [] o.h.jpa.internal.util.LogHelper - HHH000204: Processing PersistenceUnitInfo [name: default]
15:54:44.442 [main] INFO  [] org.hibernate.Version - HHH000412: Hibernate ORM core version 6.6.33.Final
15:54:44.486 [main] INFO  [] o.h.c.i.RegionFactoryInitiator - HHH000026: Second-level cache disabled
15:54:44.683 [main] INFO  [] o.s.o.j.p.SpringPersistenceUnitInfo - No LoadTimeWeaver setup: ignoring JPA class transformer
15:54:44.701 [main] INFO  [] com.zaxxer.hikari.HikariDataSource - HikariPool-1 - Starting...
15:54:44.819 [main] INFO  [] com.zaxxer.hikari.pool.HikariPool - HikariPool-1 - Added connection org.postgresql.jdbc.PgConnection@1ce6a9bd
15:54:44.820 [main] INFO  [] com.zaxxer.hikari.HikariDataSource - HikariPool-1 - Start completed.
15:54:44.857 [main] INFO  [] o.hibernate.orm.connections.pooling - HHH10001005: Database info:
	Database JDBC URL [Connecting through datasource 'HikariDataSource (HikariPool-1)']
	Database driver: undefined/unknown
	Database version: 17.5
	Autocommit mode: undefined/unknown
	Isolation level: undefined/unknown
	Minimum pool size: undefined/unknown
	Maximum pool size: undefined/unknown
15:54:46.833 [main] INFO  [] o.h.e.t.j.p.i.JtaPlatformInitiator - HHH000489: No JTA platform available (set 'hibernate.transaction.jta.platform' to enable JTA platform integration)
15:54:47.039 [main] INFO  [] o.s.o.j.LocalContainerEntityManagerFactoryBean - Initialized JPA EntityManagerFactory for persistence unit 'default'
15:54:48.193 [main] INFO  [] o.s.d.j.r.query.QueryEnhancerFactory - Hibernate is in classpath; If applicable, HQL parser will be used.
15:54:53.318 [main] INFO  [] o.s.b.a.e.web.EndpointLinksResolver - Exposing 2 endpoints beneath base path '/actuator'
15:54:53.469 [main] INFO  [] o.a.coyote.http11.Http11NioProtocol - Starting ProtocolHandler ["http-nio-8080"]
15:54:53.500 [main] INFO  [] o.s.b.w.e.tomcat.TomcatWebServer - Tomcat started on port 8080 (http) with context path '/'
15:54:53.545 [main] INFO  [] com.gymapp.GymAppApplication - Started GymAppApplication in 11.84 seconds (process running for 12.294)
15:54:54.051 [http-nio-8080-exec-2] INFO  [] o.a.c.c.C.[Tomcat].[localhost].[/] - Initializing Spring DispatcherServlet 'dispatcherServlet'
15:54:54.051 [http-nio-8080-exec-2] INFO  [] o.s.web.servlet.DispatcherServlet - Initializing Servlet 'dispatcherServlet'
15:54:54.051 [http-nio-8080-exec-2] INFO  [] o.s.web.servlet.DispatcherServlet - Completed initialization in 0 ms
15:54:54.536 [http-nio-8080-exec-3] INFO  [01fae185-0419-49e2-9290-849764e191c6] c.g.interceptor.LoggingInterceptor - Incoming request: GET /favicon.ico
15:54:54.538 [http-nio-8080-exec-3] INFO  [01fae185-0419-49e2-9290-849764e191c6] c.g.interceptor.LoggingInterceptor - Response status: 401
15:57:56.304 [http-nio-8080-exec-8] INFO  [6bb36710-b0e4-4560-a7c3-d306f1b09700] c.g.interceptor.LoggingInterceptor - Incoming request: GET /favicon.ico
15:57:56.305 [http-nio-8080-exec-8] INFO  [6bb36710-b0e4-4560-a7c3-d306f1b09700] c.g.interceptor.LoggingInterceptor - Response status: 401
16:05:55.722 [SpringApplicationShutdownHook] INFO  [] o.s.b.w.e.tomcat.GracefulShutdown - Commencing graceful shutdown. Waiting for active requests to complete
16:05:55.727 [tomcat-shutdown] INFO  [] o.s.b.w.e.tomcat.GracefulShutdown - Graceful shutdown complete
16:05:55.732 [SpringApplicationShutdownHook] INFO  [] o.s.o.j.LocalContainerEntityManagerFactoryBean - Closing JPA EntityManagerFactory for persistence unit 'default'
16:05:55.733 [SpringApplicationShutdownHook] INFO  [] com.zaxxer.hikari.HikariDataSource - HikariPool-1 - Shutdown initiated...
16:05:55.736 [SpringApplicationShutdownHook] INFO  [] com.zaxxer.hikari.HikariDataSource - HikariPool-1 - Shutdown completed.
16:45:33.593 [background-preinit] INFO  [] o.h.validator.internal.util.Version - HV000001: Hibernate Validator 8.0.3.Final
16:45:33.643 [main] INFO  [] com.gymapp.GymAppApplication - Starting GymAppApplication using Java 21.0.7 with PID 13004 (C:\Users\ASUS\Desktop\EPAM-COURSE\Spring-boot\spring-rest\target\classes started by ASUS in C:\Users\ASUS\Desktop\EPAM-COURSE\Spring-boot\spring-rest)
16:45:33.644 [main] INFO  [] com.gymapp.GymAppApplication - No active profile set, falling back to 1 default profile: "default"
16:45:34.939 [main] INFO  [] o.s.d.r.c.RepositoryConfigurationDelegate - Bootstrapping Spring Data JPA repositories in DEFAULT mode.
16:45:35.015 [main] INFO  [] o.s.d.r.c.RepositoryConfigurationDelegate - Finished Spring Data repository scanning in 66 ms. Found 4 JPA repository interfaces.
16:45:35.568 [main] INFO  [] o.s.b.w.e.tomcat.TomcatWebServer - Tomcat initialized with port 8080 (http)
16:45:35.578 [main] INFO  [] o.a.coyote.http11.Http11NioProtocol - Initializing ProtocolHandler ["http-nio-8080"]
16:45:35.580 [main] INFO  [] o.a.catalina.core.StandardService - Starting service [Tomcat]
16:45:35.580 [main] INFO  [] o.a.catalina.core.StandardEngine - Starting Servlet engine: [Apache Tomcat/10.1.48]
16:45:35.633 [main] INFO  [] o.a.c.c.C.[Tomcat].[localhost].[/] - Initializing Spring embedded WebApplicationContext
16:45:35.634 [main] INFO  [] o.s.b.w.s.c.ServletWebServerApplicationContext - Root WebApplicationContext: initialization completed in 1950 ms
16:45:35.969 [main] INFO  [] o.h.jpa.internal.util.LogHelper - HHH000204: Processing PersistenceUnitInfo [name: default]
16:45:36.045 [main] INFO  [] org.hibernate.Version - HHH000412: Hibernate ORM core version 6.6.33.Final
16:45:36.118 [main] INFO  [] o.h.c.i.RegionFactoryInitiator - HHH000026: Second-level cache disabled
16:45:36.346 [main] INFO  [] o.s.o.j.p.SpringPersistenceUnitInfo - No LoadTimeWeaver setup: ignoring JPA class transformer
16:45:36.364 [main] INFO  [] com.zaxxer.hikari.HikariDataSource - HikariPool-1 - Starting...
16:45:36.476 [main] INFO  [] com.zaxxer.hikari.pool.HikariPool - HikariPool-1 - Added connection org.postgresql.jdbc.PgConnection@7c840fe3
16:45:36.477 [main] INFO  [] com.zaxxer.hikari.HikariDataSource - HikariPool-1 - Start completed.
16:45:36.523 [main] INFO  [] o.hibernate.orm.connections.pooling - HHH10001005: Database info:
	Database JDBC URL [Connecting through datasource 'HikariDataSource (HikariPool-1)']
	Database driver: undefined/unknown
	Database version: 17.5
	Autocommit mode: undefined/unknown
	Isolation level: undefined/unknown
	Minimum pool size: undefined/unknown
	Maximum pool size: undefined/unknown
16:45:37.230 [main] INFO  [] o.h.e.t.j.p.i.JtaPlatformInitiator - HHH000489: No JTA platform available (set 'hibernate.transaction.jta.platform' to enable JTA platform integration)
16:45:37.303 [main] INFO  [] o.s.o.j.LocalContainerEntityManagerFactoryBean - Initialized JPA EntityManagerFactory for persistence unit 'default'
16:45:37.509 [main] INFO  [] o.s.o.j.LocalContainerEntityManagerFactoryBean - Closing JPA EntityManagerFactory for persistence unit 'default'
16:45:37.512 [main] INFO  [] com.zaxxer.hikari.HikariDataSource - HikariPool-1 - Shutdown initiated...
16:45:37.515 [main] INFO  [] com.zaxxer.hikari.HikariDataSource - HikariPool-1 - Shutdown completed.
16:45:37.519 [main] INFO  [] o.a.catalina.core.StandardService - Stopping service [Tomcat]
16:45:37.531 [main] INFO  [] o.s.b.a.l.ConditionEvaluationReportLogger - 

Error starting ApplicationContext. To display the condition evaluation report re-run your application with 'debug' enabled.
16:45:44.013 [background-preinit] INFO  [] o.h.validator.internal.util.Version - HV000001: Hibernate Validator 8.0.3.Final
16:45:44.055 [main] INFO  [] com.gymapp.GymAppApplication - Starting GymAppApplication using Java 21.0.7 with PID 7288 (C:\Users\ASUS\Desktop\EPAM-COURSE\Spring-boot\spring-rest\target\classes started by ASUS in C:\Users\ASUS\Desktop\EPAM-COURSE\Spring-boot\spring-rest)
16:45:44.056 [main] INFO  [] com.gymapp.GymAppApplication - No active profile set, falling back to 1 default profile: "default"
16:45:45.192 [main] INFO  [] o.s.d.r.c.RepositoryConfigurationDelegate - Bootstrapping Spring Data JPA repositories in DEFAULT mode.
16:45:45.276 [main] INFO  [] o.s.d.r.c.RepositoryConfigurationDelegate - Finished Spring Data repository scanning in 75 ms. Found 4 JPA repository interfaces.
16:45:45.851 [main] INFO  [] o.s.b.w.e.tomcat.TomcatWebServer - Tomcat initialized with port 8080 (http)
16:45:45.862 [main] INFO  [] o.a.coyote.http11.Http11NioProtocol - Initializing ProtocolHandler ["http-nio-8080"]
16:45:45.864 [main] INFO  [] o.a.catalina.core.StandardService - Starting service [Tomcat]
16:45:45.864 [main] INFO  [] o.a.catalina.core.StandardEngine - Starting Servlet engine: [Apache Tomcat/10.1.48]
16:45:45.923 [main] INFO  [] o.a.c.c.C.[Tomcat].[localhost].[/] - Initializing Spring embedded WebApplicationContext
16:45:45.924 [main] INFO  [] o.s.b.w.s.c.ServletWebServerApplicationContext - Root WebApplicationContext: initialization completed in 1826 ms
16:45:46.226 [main] INFO  [] o.h.jpa.internal.util.LogHelper - HHH000204: Processing PersistenceUnitInfo [name: default]
16:45:46.269 [main] INFO  [] org.hibernate.Version - HHH000412: Hibernate ORM core version 6.6.33.Final
16:45:46.329 [main] INFO  [] o.h.c.i.RegionFactoryInitiator - HHH000026: Second-level cache disabled
16:45:46.552 [main] INFO  [] o.s.o.j.p.SpringPersistenceUnitInfo - No LoadTimeWeaver setup: ignoring JPA class transformer
16:45:46.568 [main] INFO  [] com.zaxxer.hikari.HikariDataSource - HikariPool-1 - Starting...
16:45:46.687 [main] INFO  [] com.zaxxer.hikari.pool.HikariPool - HikariPool-1 - Added connection org.postgresql.jdbc.PgConnection@642c5bb3
16:45:46.688 [main] INFO  [] com.zaxxer.hikari.HikariDataSource - HikariPool-1 - Start completed.
16:45:46.721 [main] INFO  [] o.hibernate.orm.connections.pooling - HHH10001005: Database info:
	Database JDBC URL [Connecting through datasource 'HikariDataSource (HikariPool-1)']
	Database driver: undefined/unknown
	Database version: 17.5
	Autocommit mode: undefined/unknown
	Isolation level: undefined/unknown
	Minimum pool size: undefined/unknown
	Maximum pool size: undefined/unknown
16:45:47.419 [main] INFO  [] o.h.e.t.j.p.i.JtaPlatformInitiator - HHH000489: No JTA platform available (set 'hibernate.transaction.jta.platform' to enable JTA platform integration)
16:45:47.491 [main] INFO  [] o.s.o.j.LocalContainerEntityManagerFactoryBean - Initialized JPA EntityManagerFactory for persistence unit 'default'
16:45:47.749 [main] INFO  [] o.s.o.j.LocalContainerEntityManagerFactoryBean - Closing JPA EntityManagerFactory for persistence unit 'default'
16:45:47.751 [main] INFO  [] com.zaxxer.hikari.HikariDataSource - HikariPool-1 - Shutdown initiated...
16:45:47.755 [main] INFO  [] com.zaxxer.hikari.HikariDataSource - HikariPool-1 - Shutdown completed.
16:45:47.759 [main] INFO  [] o.a.catalina.core.StandardService - Stopping service [Tomcat]
16:45:47.771 [main] INFO  [] o.s.b.a.l.ConditionEvaluationReportLogger - 

Error starting ApplicationContext. To display the condition evaluation report re-run your application with 'debug' enabled.
16:49:02.579 [background-preinit] INFO  [] o.h.validator.internal.util.Version - HV000001: Hibernate Validator 8.0.3.Final
16:49:02.625 [main] INFO  [] com.gymapp.GymAppApplication - Starting GymAppApplication using Java 21.0.7 with PID 11100 (C:\Users\ASUS\Desktop\EPAM-COURSE\Spring-boot\spring-rest\target\classes started by ASUS in C:\Users\ASUS\Desktop\EPAM-COURSE\Spring-boot\spring-rest)
16:49:02.626 [main] INFO  [] com.gymapp.GymAppApplication - No active profile set, falling back to 1 default profile: "default"
16:49:03.741 [main] INFO  [] o.s.d.r.c.RepositoryConfigurationDelegate - Bootstrapping Spring Data JPA repositories in DEFAULT mode.
16:49:03.810 [main] INFO  [] o.s.d.r.c.RepositoryConfigurationDelegate - Finished Spring Data repository scanning in 62 ms. Found 4 JPA repository interfaces.
16:49:04.430 [main] INFO  [] o.s.b.w.e.tomcat.TomcatWebServer - Tomcat initialized with port 8080 (http)
16:49:04.441 [main] INFO  [] o.a.coyote.http11.Http11NioProtocol - Initializing ProtocolHandler ["http-nio-8080"]
16:49:04.443 [main] INFO  [] o.a.catalina.core.StandardService - Starting service [Tomcat]
16:49:04.443 [main] INFO  [] o.a.catalina.core.StandardEngine - Starting Servlet engine: [Apache Tomcat/10.1.48]
16:49:04.505 [main] INFO  [] o.a.c.c.C.[Tomcat].[localhost].[/] - Initializing Spring embedded WebApplicationContext
16:49:04.506 [main] INFO  [] o.s.b.w.s.c.ServletWebServerApplicationContext - Root WebApplicationContext: initialization completed in 1840 ms
16:49:04.836 [main] INFO  [] o.h.jpa.internal.util.LogHelper - HHH000204: Processing PersistenceUnitInfo [name: default]
16:49:04.891 [main] INFO  [] org.hibernate.Version - HHH000412: Hibernate ORM core version 6.6.33.Final
16:49:04.931 [main] INFO  [] o.h.c.i.RegionFactoryInitiator - HHH000026: Second-level cache disabled
16:49:05.137 [main] INFO  [] o.s.o.j.p.SpringPersistenceUnitInfo - No LoadTimeWeaver setup: ignoring JPA class transformer
16:49:05.154 [main] INFO  [] com.zaxxer.hikari.HikariDataSource - HikariPool-1 - Starting...
16:49:05.268 [main] INFO  [] com.zaxxer.hikari.pool.HikariPool - HikariPool-1 - Added connection org.postgresql.jdbc.PgConnection@608f310a
16:49:05.269 [main] INFO  [] com.zaxxer.hikari.HikariDataSource - HikariPool-1 - Start completed.
16:49:05.302 [main] INFO  [] o.hibernate.orm.connections.pooling - HHH10001005: Database info:
	Database JDBC URL [Connecting through datasource 'HikariDataSource (HikariPool-1)']
	Database driver: undefined/unknown
	Database version: 17.5
	Autocommit mode: undefined/unknown
	Isolation level: undefined/unknown
	Minimum pool size: undefined/unknown
	Maximum pool size: undefined/unknown
16:49:05.968 [main] INFO  [] o.h.e.t.j.p.i.JtaPlatformInitiator - HHH000489: No JTA platform available (set 'hibernate.transaction.jta.platform' to enable JTA platform integration)
16:49:06.042 [main] INFO  [] o.s.o.j.LocalContainerEntityManagerFactoryBean - Initialized JPA EntityManagerFactory for persistence unit 'default'
16:49:06.279 [main] INFO  [] o.s.d.j.r.query.QueryEnhancerFactory - Hibernate is in classpath; If applicable, HQL parser will be used.
16:49:07.630 [main] INFO  [] o.s.b.a.e.web.EndpointLinksResolver - Exposing 3 endpoints beneath base path '/actuator'
16:49:07.697 [main] INFO  [] o.a.coyote.http11.Http11NioProtocol - Starting ProtocolHandler ["http-nio-8080"]
16:49:07.715 [main] INFO  [] o.s.b.w.e.tomcat.TomcatWebServer - Tomcat started on port 8080 (http) with context path '/'
16:49:07.727 [main] INFO  [] com.gymapp.GymAppApplication - Started GymAppApplication in 5.411 seconds (process running for 5.854)
16:49:25.749 [http-nio-8080-exec-1] INFO  [] o.a.c.c.C.[Tomcat].[localhost].[/] - Initializing Spring DispatcherServlet 'dispatcherServlet'
16:49:25.749 [http-nio-8080-exec-1] INFO  [] o.s.web.servlet.DispatcherServlet - Initializing Servlet 'dispatcherServlet'
16:49:25.752 [http-nio-8080-exec-1] INFO  [] o.s.web.servlet.DispatcherServlet - Completed initialization in 2 ms
16:49:25.801 [http-nio-8080-exec-1] INFO  [a86bd79d-aa36-4a36-a30f-c0f85b81a19d] c.g.interceptor.LoggingInterceptor - Incoming request: GET /swagger-ui.html
16:49:25.942 [http-nio-8080-exec-1] INFO  [a86bd79d-aa36-4a36-a30f-c0f85b81a19d] c.g.interceptor.LoggingInterceptor - Response status: 302
16:49:25.959 [http-nio-8080-exec-9] INFO  [e9ab247f-1b67-498d-808f-5d89cbf7bbb5] c.g.interceptor.LoggingInterceptor - Incoming request: GET /swagger-ui/index.html
16:49:25.969 [http-nio-8080-exec-9] INFO  [e9ab247f-1b67-498d-808f-5d89cbf7bbb5] c.g.interceptor.LoggingInterceptor - Response status: 304
16:49:26.016 [http-nio-8080-exec-3] INFO  [ef35798c-4c11-482e-978f-9afe179a38df] c.g.interceptor.LoggingInterceptor - Incoming request: GET /swagger-ui/swagger-ui.css
16:49:26.021 [http-nio-8080-exec-3] INFO  [ef35798c-4c11-482e-978f-9afe179a38df] c.g.interceptor.LoggingInterceptor - Response status: 304
16:49:26.038 [http-nio-8080-exec-2] INFO  [77210119-ad4a-441d-8214-9039256ba149] c.g.interceptor.LoggingInterceptor - Incoming request: GET /swagger-ui/swagger-initializer.js
16:49:26.040 [http-nio-8080-exec-5] INFO  [5208df28-593c-4475-9f40-744d59f38db4] c.g.interceptor.LoggingInterceptor - Incoming request: GET /swagger-ui/index.css
16:49:26.043 [http-nio-8080-exec-7] INFO  [0aa03fda-f47b-4d62-a830-84d627edd5ce] c.g.interceptor.LoggingInterceptor - Incoming request: GET /swagger-ui/swagger-ui-bundle.js
16:49:26.043 [http-nio-8080-exec-8] INFO  [723cda4b-e2bd-4ad8-b9ad-e84082ff249c] c.g.interceptor.LoggingInterceptor - Incoming request: GET /swagger-ui/swagger-ui-standalone-preset.js
16:49:26.043 [http-nio-8080-exec-5] INFO  [5208df28-593c-4475-9f40-744d59f38db4] c.g.interceptor.LoggingInterceptor - Response status: 304
16:49:26.043 [http-nio-8080-exec-7] INFO  [0aa03fda-f47b-4d62-a830-84d627edd5ce] c.g.interceptor.LoggingInterceptor - Response status: 304
16:49:26.043 [http-nio-8080-exec-8] INFO  [723cda4b-e2bd-4ad8-b9ad-e84082ff249c] c.g.interceptor.LoggingInterceptor - Response status: 304
16:49:26.142 [http-nio-8080-exec-2] INFO  [77210119-ad4a-441d-8214-9039256ba149] c.g.interceptor.LoggingInterceptor - Response status: 200
16:49:26.259 [http-nio-8080-exec-4] INFO  [7681f565-8b72-49ff-b2a1-5a171e2b9f14] c.g.interceptor.LoggingInterceptor - Incoming request: GET /v3/api-docs/swagger-config
16:49:26.272 [http-nio-8080-exec-4] INFO  [7681f565-8b72-49ff-b2a1-5a171e2b9f14] c.g.interceptor.LoggingInterceptor - Response status: 200
16:49:26.292 [http-nio-8080-exec-6] INFO  [17d874b3-51e9-451a-b669-9831c88e913d] c.g.interceptor.LoggingInterceptor - Incoming request: GET /v3/api-docs
16:49:27.523 [http-nio-8080-exec-6] INFO  [17d874b3-51e9-451a-b669-9831c88e913d] o.s.api.AbstractOpenApiResource - Init duration for springdoc-openapi is: 1211 ms
16:49:27.744 [http-nio-8080-exec-6] INFO  [17d874b3-51e9-451a-b669-9831c88e913d] c.g.interceptor.LoggingInterceptor - Response status: 200
16:49:33.898 [http-nio-8080-exec-1] INFO  [4fd0e65d-c497-4922-9e61-af3540a843c3] c.g.interceptor.LoggingInterceptor - Incoming request: GET /favicon.ico
16:49:33.900 [http-nio-8080-exec-1] INFO  [4fd0e65d-c497-4922-9e61-af3540a843c3] c.g.interceptor.LoggingInterceptor - Response status: 401
16:49:36.993 [http-nio-8080-exec-3] INFO  [3470f8b8-c9dc-4a3b-ac18-0693aebb6f37] c.g.interceptor.LoggingInterceptor - Incoming request: GET /favicon.ico
16:49:36.993 [http-nio-8080-exec-3] INFO  [3470f8b8-c9dc-4a3b-ac18-0693aebb6f37] c.g.interceptor.LoggingInterceptor - Response status: 401
16:49:40.493 [http-nio-8080-exec-5] INFO  [a0747196-ba8a-493a-bd55-9ecb95d630cd] c.g.interceptor.LoggingInterceptor - Incoming request: GET /.well-known/appspecific/com.chrome.devtools.json
16:49:40.493 [http-nio-8080-exec-5] INFO  [a0747196-ba8a-493a-bd55-9ecb95d630cd] c.g.interceptor.LoggingInterceptor - Response status: 401
16:49:46.266 [http-nio-8080-exec-8] INFO  [87d61ded-d57c-4c26-baf3-0caaa9a123d5] c.g.interceptor.LoggingInterceptor - Incoming request: GET /.well-known/appspecific/com.chrome.devtools.json
16:49:46.267 [http-nio-8080-exec-8] INFO  [87d61ded-d57c-4c26-baf3-0caaa9a123d5] c.g.interceptor.LoggingInterceptor - Response status: 401
16:49:46.600 [http-nio-8080-exec-2] INFO  [cfea27c5-beee-4882-8df9-3bbb5104814f] c.g.interceptor.LoggingInterceptor - Incoming request: GET /favicon.ico
16:49:46.600 [http-nio-8080-exec-2] INFO  [cfea27c5-beee-4882-8df9-3bbb5104814f] c.g.interceptor.LoggingInterceptor - Response status: 401
16:49:50.881 [SpringApplicationShutdownHook] INFO  [] o.s.b.w.e.tomcat.GracefulShutdown - Commencing graceful shutdown. Waiting for active requests to complete
16:49:50.885 [tomcat-shutdown] INFO  [] o.s.b.w.e.tomcat.GracefulShutdown - Graceful shutdown complete
16:49:50.890 [SpringApplicationShutdownHook] INFO  [] o.s.o.j.LocalContainerEntityManagerFactoryBean - Closing JPA EntityManagerFactory for persistence unit 'default'
16:49:50.891 [SpringApplicationShutdownHook] INFO  [] com.zaxxer.hikari.HikariDataSource - HikariPool-1 - Shutdown initiated...
16:49:50.894 [SpringApplicationShutdownHook] INFO  [] com.zaxxer.hikari.HikariDataSource - HikariPool-1 - Shutdown completed.
16:54:30.328 [background-preinit] INFO  [] o.h.validator.internal.util.Version - HV000001: Hibernate Validator 8.0.3.Final
16:54:30.376 [main] INFO  [] com.gymapp.GymAppApplication - Starting GymAppApplication using Java 21.0.7 with PID 6500 (C:\Users\ASUS\Desktop\EPAM-COURSE\Spring-boot\spring-rest\target\classes started by ASUS in C:\Users\ASUS\Desktop\EPAM-COURSE\Spring-boot\spring-rest)
16:54:30.377 [main] INFO  [] com.gymapp.GymAppApplication - No active profile set, falling back to 1 default profile: "default"
16:54:31.504 [main] INFO  [] o.s.d.r.c.RepositoryConfigurationDelegate - Bootstrapping Spring Data JPA repositories in DEFAULT mode.
16:54:31.574 [main] INFO  [] o.s.d.r.c.RepositoryConfigurationDelegate - Finished Spring Data repository scanning in 64 ms. Found 4 JPA repository interfaces.
16:54:32.198 [main] INFO  [] o.s.b.w.e.tomcat.TomcatWebServer - Tomcat initialized with port 8080 (http)
16:54:32.209 [main] INFO  [] o.a.coyote.http11.Http11NioProtocol - Initializing ProtocolHandler ["http-nio-8080"]
16:54:32.211 [main] INFO  [] o.a.catalina.core.StandardService - Starting service [Tomcat]
16:54:32.211 [main] INFO  [] o.a.catalina.core.StandardEngine - Starting Servlet engine: [Apache Tomcat/10.1.48]
16:54:32.289 [main] INFO  [] o.a.c.c.C.[Tomcat].[localhost].[/] - Initializing Spring embedded WebApplicationContext
16:54:32.291 [main] INFO  [] o.s.b.w.s.c.ServletWebServerApplicationContext - Root WebApplicationContext: initialization completed in 1873 ms
16:54:32.614 [main] INFO  [] o.h.jpa.internal.util.LogHelper - HHH000204: Processing PersistenceUnitInfo [name: default]
16:54:32.664 [main] INFO  [] org.hibernate.Version - HHH000412: Hibernate ORM core version 6.6.33.Final
16:54:32.712 [main] INFO  [] o.h.c.i.RegionFactoryInitiator - HHH000026: Second-level cache disabled
16:54:32.901 [main] INFO  [] o.s.o.j.p.SpringPersistenceUnitInfo - No LoadTimeWeaver setup: ignoring JPA class transformer
16:54:32.919 [main] INFO  [] com.zaxxer.hikari.HikariDataSource - HikariPool-1 - Starting...
16:54:33.037 [main] INFO  [] com.zaxxer.hikari.pool.HikariPool - HikariPool-1 - Added connection org.postgresql.jdbc.PgConnection@4a47bc9c
16:54:33.038 [main] INFO  [] com.zaxxer.hikari.HikariDataSource - HikariPool-1 - Start completed.
16:54:33.071 [main] INFO  [] o.hibernate.orm.connections.pooling - HHH10001005: Database info:
	Database JDBC URL [Connecting through datasource 'HikariDataSource (HikariPool-1)']
	Database driver: undefined/unknown
	Database version: 17.5
	Autocommit mode: undefined/unknown
	Isolation level: undefined/unknown
	Minimum pool size: undefined/unknown
	Maximum pool size: undefined/unknown
16:54:33.786 [main] INFO  [] o.h.e.t.j.p.i.JtaPlatformInitiator - HHH000489: No JTA platform available (set 'hibernate.transaction.jta.platform' to enable JTA platform integration)
16:54:33.865 [main] INFO  [] o.s.o.j.LocalContainerEntityManagerFactoryBean - Initialized JPA EntityManagerFactory for persistence unit 'default'
16:54:34.203 [main] INFO  [] o.s.d.j.r.query.QueryEnhancerFactory - Hibernate is in classpath; If applicable, HQL parser will be used.
16:54:37.594 [main] INFO  [] o.s.b.a.e.web.EndpointLinksResolver - Exposing 3 endpoints beneath base path '/actuator'
16:54:37.762 [main] INFO  [] o.a.coyote.http11.Http11NioProtocol - Starting ProtocolHandler ["http-nio-8080"]
16:54:37.794 [main] INFO  [] o.s.b.w.e.tomcat.TomcatWebServer - Tomcat started on port 8080 (http) with context path '/'
16:54:37.855 [main] INFO  [] com.gymapp.GymAppApplication - Started GymAppApplication in 7.782 seconds (process running for 8.23)
16:54:38.272 [http-nio-8080-exec-1] INFO  [] o.a.c.c.C.[Tomcat].[localhost].[/] - Initializing Spring DispatcherServlet 'dispatcherServlet'
16:54:38.272 [http-nio-8080-exec-1] INFO  [] o.s.web.servlet.DispatcherServlet - Initializing Servlet 'dispatcherServlet'
16:54:38.272 [http-nio-8080-exec-1] INFO  [] o.s.web.servlet.DispatcherServlet - Completed initialization in 0 ms
16:54:38.876 [http-nio-8080-exec-2] INFO  [c7532619-d971-4d1a-8036-06f2650f8eb5] c.g.interceptor.LoggingInterceptor - Incoming request: GET /.well-known/appspecific/com.chrome.devtools.json
16:54:38.880 [http-nio-8080-exec-2] INFO  [c7532619-d971-4d1a-8036-06f2650f8eb5] c.g.interceptor.LoggingInterceptor - Response status: 401
16:54:39.233 [http-nio-8080-exec-3] INFO  [aec0f753-712a-4310-b042-420d2ff44b16] c.g.interceptor.LoggingInterceptor - Incoming request: GET /favicon.ico
16:54:39.233 [http-nio-8080-exec-3] INFO  [aec0f753-712a-4310-b042-420d2ff44b16] c.g.interceptor.LoggingInterceptor - Response status: 401
16:54:41.230 [http-nio-8080-exec-5] INFO  [9940a644-df2c-451f-bda4-66976183abb5] c.g.interceptor.LoggingInterceptor - Incoming request: GET /.well-known/appspecific/com.chrome.devtools.json
16:54:41.231 [http-nio-8080-exec-5] INFO  [9940a644-df2c-451f-bda4-66976183abb5] c.g.interceptor.LoggingInterceptor - Response status: 401
16:54:41.552 [http-nio-8080-exec-4] INFO  [f9080127-1ff1-4de2-8218-695a40d68a7d] c.g.interceptor.LoggingInterceptor - Incoming request: GET /favicon.ico
16:54:41.552 [http-nio-8080-exec-4] INFO  [f9080127-1ff1-4de2-8218-695a40d68a7d] c.g.interceptor.LoggingInterceptor - Response status: 401
16:54:43.499 [http-nio-8080-exec-9] INFO  [b7be123d-9b3d-42b2-90b5-ab7d8decd31d] c.g.interceptor.LoggingInterceptor - Incoming request: GET /.well-known/appspecific/com.chrome.devtools.json
16:54:43.499 [http-nio-8080-exec-9] INFO  [b7be123d-9b3d-42b2-90b5-ab7d8decd31d] c.g.interceptor.LoggingInterceptor - Response status: 401
16:54:43.805 [http-nio-8080-exec-8] INFO  [21dcd880-ac99-4af6-924c-342757e952dd] c.g.interceptor.LoggingInterceptor - Incoming request: GET /favicon.ico
16:54:43.806 [http-nio-8080-exec-8] INFO  [21dcd880-ac99-4af6-924c-342757e952dd] c.g.interceptor.LoggingInterceptor - Response status: 401
16:54:51.490 [http-nio-8080-exec-10] INFO  [32506ade-ac1d-4f40-a5a2-1f09eaa42f84] c.g.interceptor.LoggingInterceptor - Incoming request: GET /favicon.ico
16:54:51.491 [http-nio-8080-exec-10] INFO  [32506ade-ac1d-4f40-a5a2-1f09eaa42f84] c.g.interceptor.LoggingInterceptor - Response status: 401
16:54:59.638 [http-nio-8080-exec-2] INFO  [1fbba8a9-5a58-4307-9508-da7bf62c5df9] c.g.interceptor.LoggingInterceptor - Incoming request: GET /favicon.ico
16:54:59.638 [http-nio-8080-exec-2] INFO  [1fbba8a9-5a58-4307-9508-da7bf62c5df9] c.g.interceptor.LoggingInterceptor - Response status: 401
16:56:58.303 [SpringApplicationShutdownHook] INFO  [] o.s.b.w.e.tomcat.GracefulShutdown - Commencing graceful shutdown. Waiting for active requests to complete
16:56:58.307 [tomcat-shutdown] INFO  [] o.s.b.w.e.tomcat.GracefulShutdown - Graceful shutdown complete
16:56:58.311 [SpringApplicationShutdownHook] INFO  [] o.s.o.j.LocalContainerEntityManagerFactoryBean - Closing JPA EntityManagerFactory for persistence unit 'default'
16:56:58.312 [SpringApplicationShutdownHook] INFO  [] com.zaxxer.hikari.HikariDataSource - HikariPool-1 - Shutdown initiated...
16:56:58.317 [SpringApplicationShutdownHook] INFO  [] com.zaxxer.hikari.HikariDataSource - HikariPool-1 - Shutdown completed.
16:57:04.219 [background-preinit] INFO  [] o.h.validator.internal.util.Version - HV000001: Hibernate Validator 8.0.3.Final
16:57:04.266 [main] INFO  [] com.gymapp.GymAppApplication - Starting GymAppApplication using Java 21.0.7 with PID 16140 (C:\Users\ASUS\Desktop\EPAM-COURSE\Spring-boot\spring-rest\target\classes started by ASUS in C:\Users\ASUS\Desktop\EPAM-COURSE\Spring-boot\spring-rest)
16:57:04.267 [main] INFO  [] com.gymapp.GymAppApplication - No active profile set, falling back to 1 default profile: "default"
16:57:05.389 [main] INFO  [] o.s.d.r.c.RepositoryConfigurationDelegate - Bootstrapping Spring Data JPA repositories in DEFAULT mode.
16:57:05.461 [main] INFO  [] o.s.d.r.c.RepositoryConfigurationDelegate - Finished Spring Data repository scanning in 64 ms. Found 4 JPA repository interfaces.
16:57:05.967 [main] INFO  [] o.s.b.w.e.tomcat.TomcatWebServer - Tomcat initialized with port 8080 (http)
16:57:05.981 [main] INFO  [] o.a.coyote.http11.Http11NioProtocol - Initializing ProtocolHandler ["http-nio-8080"]
16:57:05.983 [main] INFO  [] o.a.catalina.core.StandardService - Starting service [Tomcat]
16:57:05.983 [main] INFO  [] o.a.catalina.core.StandardEngine - Starting Servlet engine: [Apache Tomcat/10.1.48]
16:57:06.053 [main] INFO  [] o.a.c.c.C.[Tomcat].[localhost].[/] - Initializing Spring embedded WebApplicationContext
16:57:06.054 [main] INFO  [] o.s.b.w.s.c.ServletWebServerApplicationContext - Root WebApplicationContext: initialization completed in 1746 ms
16:57:06.358 [main] INFO  [] o.h.jpa.internal.util.LogHelper - HHH000204: Processing PersistenceUnitInfo [name: default]
16:57:06.402 [main] INFO  [] org.hibernate.Version - HHH000412: Hibernate ORM core version 6.6.33.Final
16:57:06.435 [main] INFO  [] o.h.c.i.RegionFactoryInitiator - HHH000026: Second-level cache disabled
16:57:06.645 [main] INFO  [] o.s.o.j.p.SpringPersistenceUnitInfo - No LoadTimeWeaver setup: ignoring JPA class transformer
16:57:06.662 [main] INFO  [] com.zaxxer.hikari.HikariDataSource - HikariPool-1 - Starting...
16:57:06.775 [main] INFO  [] com.zaxxer.hikari.pool.HikariPool - HikariPool-1 - Added connection org.postgresql.jdbc.PgConnection@c1f0c7b
16:57:06.777 [main] INFO  [] com.zaxxer.hikari.HikariDataSource - HikariPool-1 - Start completed.
16:57:06.813 [main] INFO  [] o.hibernate.orm.connections.pooling - HHH10001005: Database info:
	Database JDBC URL [Connecting through datasource 'HikariDataSource (HikariPool-1)']
	Database driver: undefined/unknown
	Database version: 17.5
	Autocommit mode: undefined/unknown
	Isolation level: undefined/unknown
	Minimum pool size: undefined/unknown
	Maximum pool size: undefined/unknown
16:57:07.550 [main] INFO  [] o.h.e.t.j.p.i.JtaPlatformInitiator - HHH000489: No JTA platform available (set 'hibernate.transaction.jta.platform' to enable JTA platform integration)
16:57:07.634 [main] INFO  [] o.s.o.j.LocalContainerEntityManagerFactoryBean - Initialized JPA EntityManagerFactory for persistence unit 'default'
16:57:07.833 [main] INFO  [] o.s.d.j.r.query.QueryEnhancerFactory - Hibernate is in classpath; If applicable, HQL parser will be used.
16:57:14.304 [main] INFO  [] o.s.b.a.e.web.EndpointLinksResolver - Exposing 3 endpoints beneath base path '/actuator'
16:57:14.470 [main] INFO  [] o.a.coyote.http11.Http11NioProtocol - Starting ProtocolHandler ["http-nio-8080"]
16:57:14.500 [main] INFO  [] o.s.b.w.e.tomcat.TomcatWebServer - Tomcat started on port 8080 (http) with context path '/'
16:57:14.544 [main] INFO  [] com.gymapp.GymAppApplication - Started GymAppApplication in 10.577 seconds (process running for 11.006)
16:57:14.689 [http-nio-8080-exec-3] INFO  [] o.a.c.c.C.[Tomcat].[localhost].[/] - Initializing Spring DispatcherServlet 'dispatcherServlet'
16:57:14.692 [http-nio-8080-exec-3] INFO  [] o.s.web.servlet.DispatcherServlet - Initializing Servlet 'dispatcherServlet'
16:57:14.695 [http-nio-8080-exec-3] INFO  [] o.s.web.servlet.DispatcherServlet - Completed initialization in 2 ms
16:57:15.669 [http-nio-8080-exec-1] INFO  [d433ed19-c94b-4ebb-af89-b5078d1b8206] c.g.interceptor.LoggingInterceptor - Incoming request: GET /favicon.ico
16:57:15.673 [http-nio-8080-exec-1] INFO  [d433ed19-c94b-4ebb-af89-b5078d1b8206] c.g.interceptor.LoggingInterceptor - Response status: 401
16:57:18.487 [http-nio-8080-exec-4] INFO  [de411cb9-6bcb-4ea8-ac80-eb0ef08564df] c.g.interceptor.LoggingInterceptor - Incoming request: GET /favicon.ico
16:57:18.487 [http-nio-8080-exec-4] INFO  [de411cb9-6bcb-4ea8-ac80-eb0ef08564df] c.g.interceptor.LoggingInterceptor - Response status: 401
16:57:23.432 [http-nio-8080-exec-2] INFO  [233cefea-a14e-4731-9c1a-bf41a6134c35] c.g.interceptor.LoggingInterceptor - Incoming request: GET /.well-known/appspecific/com.chrome.devtools.json
16:57:23.432 [http-nio-8080-exec-2] INFO  [233cefea-a14e-4731-9c1a-bf41a6134c35] c.g.interceptor.LoggingInterceptor - Response status: 401
16:57:29.511 [http-nio-8080-exec-7] INFO  [9ff33e39-353a-4a89-9870-84d5df7e9173] c.g.interceptor.LoggingInterceptor - Incoming request: GET /.well-known/appspecific/com.chrome.devtools.json
16:57:29.511 [http-nio-8080-exec-7] INFO  [9ff33e39-353a-4a89-9870-84d5df7e9173] c.g.interceptor.LoggingInterceptor - Response status: 401
16:57:29.813 [http-nio-8080-exec-8] INFO  [ef04bb04-807a-4eed-9ada-644860b94866] c.g.interceptor.LoggingInterceptor - Incoming request: GET /favicon.ico
16:57:29.814 [http-nio-8080-exec-8] INFO  [ef04bb04-807a-4eed-9ada-644860b94866] c.g.interceptor.LoggingInterceptor - Response status: 401
16:58:29.900 [SpringApplicationShutdownHook] INFO  [] o.s.b.w.e.tomcat.GracefulShutdown - Commencing graceful shutdown. Waiting for active requests to complete
16:58:29.903 [tomcat-shutdown] INFO  [] o.s.b.w.e.tomcat.GracefulShutdown - Graceful shutdown complete
16:58:29.908 [SpringApplicationShutdownHook] INFO  [] o.s.o.j.LocalContainerEntityManagerFactoryBean - Closing JPA EntityManagerFactory for persistence unit 'default'
16:58:29.910 [SpringApplicationShutdownHook] INFO  [] com.zaxxer.hikari.HikariDataSource - HikariPool-1 - Shutdown initiated...
16:58:29.912 [SpringApplicationShutdownHook] INFO  [] com.zaxxer.hikari.HikariDataSource - HikariPool-1 - Shutdown completed.
16:58:34.961 [background-preinit] INFO  [] o.h.validator.internal.util.Version - HV000001: Hibernate Validator 8.0.3.Final
16:58:35.007 [main] INFO  [] com.gymapp.GymAppApplication - Starting GymAppApplication using Java 21.0.7 with PID 20812 (C:\Users\ASUS\Desktop\EPAM-COURSE\Spring-boot\spring-rest\target\classes started by ASUS in C:\Users\ASUS\Desktop\EPAM-COURSE\Spring-boot\spring-rest)
16:58:35.008 [main] INFO  [] com.gymapp.GymAppApplication - No active profile set, falling back to 1 default profile: "default"
16:58:36.120 [main] INFO  [] o.s.d.r.c.RepositoryConfigurationDelegate - Bootstrapping Spring Data JPA repositories in DEFAULT mode.
16:58:36.197 [main] INFO  [] o.s.d.r.c.RepositoryConfigurationDelegate - Finished Spring Data repository scanning in 70 ms. Found 4 JPA repository interfaces.
16:58:36.798 [main] INFO  [] o.s.b.w.e.tomcat.TomcatWebServer - Tomcat initialized with port 8080 (http)
16:58:36.810 [main] INFO  [] o.a.coyote.http11.Http11NioProtocol - Initializing ProtocolHandler ["http-nio-8080"]
16:58:36.812 [main] INFO  [] o.a.catalina.core.StandardService - Starting service [Tomcat]
16:58:36.813 [main] INFO  [] o.a.catalina.core.StandardEngine - Starting Servlet engine: [Apache Tomcat/10.1.48]
16:58:36.868 [main] INFO  [] o.a.c.c.C.[Tomcat].[localhost].[/] - Initializing Spring embedded WebApplicationContext
16:58:36.869 [main] INFO  [] o.s.b.w.s.c.ServletWebServerApplicationContext - Root WebApplicationContext: initialization completed in 1822 ms
16:58:37.144 [main] INFO  [] o.h.jpa.internal.util.LogHelper - HHH000204: Processing PersistenceUnitInfo [name: default]
16:58:37.188 [main] INFO  [] org.hibernate.Version - HHH000412: Hibernate ORM core version 6.6.33.Final
16:58:37.246 [main] INFO  [] o.h.c.i.RegionFactoryInitiator - HHH000026: Second-level cache disabled
16:58:37.448 [main] INFO  [] o.s.o.j.p.SpringPersistenceUnitInfo - No LoadTimeWeaver setup: ignoring JPA class transformer
16:58:37.465 [main] INFO  [] com.zaxxer.hikari.HikariDataSource - HikariPool-1 - Starting...
16:58:37.583 [main] INFO  [] com.zaxxer.hikari.pool.HikariPool - HikariPool-1 - Added connection org.postgresql.jdbc.PgConnection@608f310a
16:58:37.584 [main] INFO  [] com.zaxxer.hikari.HikariDataSource - HikariPool-1 - Start completed.
16:58:37.618 [main] INFO  [] o.hibernate.orm.connections.pooling - HHH10001005: Database info:
	Database JDBC URL [Connecting through datasource 'HikariDataSource (HikariPool-1)']
	Database driver: undefined/unknown
	Database version: 17.5
	Autocommit mode: undefined/unknown
	Isolation level: undefined/unknown
	Minimum pool size: undefined/unknown
	Maximum pool size: undefined/unknown
16:58:38.301 [main] INFO  [] o.h.e.t.j.p.i.JtaPlatformInitiator - HHH000489: No JTA platform available (set 'hibernate.transaction.jta.platform' to enable JTA platform integration)
16:58:38.373 [main] INFO  [] o.s.o.j.LocalContainerEntityManagerFactoryBean - Initialized JPA EntityManagerFactory for persistence unit 'default'
16:58:38.633 [main] INFO  [] o.s.d.j.r.query.QueryEnhancerFactory - Hibernate is in classpath; If applicable, HQL parser will be used.
16:58:41.530 [main] INFO  [] o.s.b.a.e.web.EndpointLinksResolver - Exposing 3 endpoints beneath base path '/actuator'
16:58:41.803 [main] INFO  [] o.a.coyote.http11.Http11NioProtocol - Starting ProtocolHandler ["http-nio-8080"]
16:58:41.851 [main] INFO  [] o.s.b.w.e.tomcat.TomcatWebServer - Tomcat started on port 8080 (http) with context path '/'
16:58:41.887 [main] INFO  [] com.gymapp.GymAppApplication - Started GymAppApplication in 7.177 seconds (process running for 7.626)
16:58:42.002 [http-nio-8080-exec-2] INFO  [] o.a.c.c.C.[Tomcat].[localhost].[/] - Initializing Spring DispatcherServlet 'dispatcherServlet'
16:58:42.002 [http-nio-8080-exec-2] INFO  [] o.s.web.servlet.DispatcherServlet - Initializing Servlet 'dispatcherServlet'
16:58:42.017 [http-nio-8080-exec-2] INFO  [] o.s.web.servlet.DispatcherServlet - Completed initialization in 15 ms
16:58:42.904 [http-nio-8080-exec-1] INFO  [8fc463e3-4391-4a81-8dbf-37ea743c9fe5] c.g.interceptor.LoggingInterceptor - Incoming request: GET /.well-known/appspecific/com.chrome.devtools.json
16:58:42.907 [http-nio-8080-exec-1] INFO  [8fc463e3-4391-4a81-8dbf-37ea743c9fe5] c.g.interceptor.LoggingInterceptor - Response status: 401
16:58:43.247 [http-nio-8080-exec-4] INFO  [934d5e12-e22b-4c0b-bd40-3715a6766279] c.g.interceptor.LoggingInterceptor - Incoming request: GET /favicon.ico
16:58:43.268 [http-nio-8080-exec-4] INFO  [934d5e12-e22b-4c0b-bd40-3715a6766279] c.g.interceptor.LoggingInterceptor - Response status: 500
16:58:47.683 [http-nio-8080-exec-5] INFO  [44c2a0ff-5a55-465e-b972-67d6b0c81464] c.g.interceptor.LoggingInterceptor - Incoming request: GET /.well-known/appspecific/com.chrome.devtools.json
16:58:47.684 [http-nio-8080-exec-5] INFO  [44c2a0ff-5a55-465e-b972-67d6b0c81464] c.g.interceptor.LoggingInterceptor - Response status: 401
16:58:47.998 [http-nio-8080-exec-6] INFO  [aa7453ea-bcf9-469b-8031-b45f7d978e6b] c.g.interceptor.LoggingInterceptor - Incoming request: GET /favicon.ico
16:58:48.001 [http-nio-8080-exec-6] INFO  [aa7453ea-bcf9-469b-8031-b45f7d978e6b] c.g.interceptor.LoggingInterceptor - Response status: 500
16:58:50.453 [http-nio-8080-exec-8] INFO  [d9627351-9af0-40bc-8689-3acb1b8556ef] c.g.interceptor.LoggingInterceptor - Incoming request: GET /.well-known/appspecific/com.chrome.devtools.json
16:58:50.453 [http-nio-8080-exec-8] INFO  [d9627351-9af0-40bc-8689-3acb1b8556ef] c.g.interceptor.LoggingInterceptor - Response status: 401
16:58:50.764 [http-nio-8080-exec-9] INFO  [764ff131-fac1-4964-8bd6-34f3b9c56a8f] c.g.interceptor.LoggingInterceptor - Incoming request: GET /favicon.ico
16:58:50.774 [http-nio-8080-exec-9] INFO  [764ff131-fac1-4964-8bd6-34f3b9c56a8f] c.g.interceptor.LoggingInterceptor - Response status: 500
16:58:52.095 [http-nio-8080-exec-2] INFO  [0534d987-5a54-42d9-9e62-ed9d27dc2d87] c.g.interceptor.LoggingInterceptor - Incoming request: GET /.well-known/appspecific/com.chrome.devtools.json
16:58:52.097 [http-nio-8080-exec-2] INFO  [0534d987-5a54-42d9-9e62-ed9d27dc2d87] c.g.interceptor.LoggingInterceptor - Response status: 401
16:58:52.410 [http-nio-8080-exec-1] INFO  [92326564-676d-4b49-b8cb-c6adabb8be49] c.g.interceptor.LoggingInterceptor - Incoming request: GET /favicon.ico
16:58:52.412 [http-nio-8080-exec-1] INFO  [92326564-676d-4b49-b8cb-c6adabb8be49] c.g.interceptor.LoggingInterceptor - Response status: 500
16:59:00.195 [http-nio-8080-exec-3] INFO  [f8760d92-d510-4fb2-93c7-bfd7fc308e1b] c.g.interceptor.LoggingInterceptor - Incoming request: GET /.well-known/appspecific/com.chrome.devtools.json
16:59:00.198 [http-nio-8080-exec-3] INFO  [f8760d92-d510-4fb2-93c7-bfd7fc308e1b] c.g.interceptor.LoggingInterceptor - Response status: 401
16:59:00.499 [http-nio-8080-exec-5] INFO  [0256bc91-e933-4f25-8c50-25db17bfc916] c.g.interceptor.LoggingInterceptor - Incoming request: GET /favicon.ico
16:59:00.503 [http-nio-8080-exec-5] INFO  [0256bc91-e933-4f25-8c50-25db17bfc916] c.g.interceptor.LoggingInterceptor - Response status: 500
16:59:24.118 [SpringApplicationShutdownHook] INFO  [] o.s.b.w.e.tomcat.GracefulShutdown - Commencing graceful shutdown. Waiting for active requests to complete
16:59:24.122 [tomcat-shutdown] INFO  [] o.s.b.w.e.tomcat.GracefulShutdown - Graceful shutdown complete
16:59:24.126 [SpringApplicationShutdownHook] INFO  [] o.s.o.j.LocalContainerEntityManagerFactoryBean - Closing JPA EntityManagerFactory for persistence unit 'default'
16:59:24.127 [SpringApplicationShutdownHook] INFO  [] com.zaxxer.hikari.HikariDataSource - HikariPool-1 - Shutdown initiated...
16:59:24.130 [SpringApplicationShutdownHook] INFO  [] com.zaxxer.hikari.HikariDataSource - HikariPool-1 - Shutdown completed.
16:59:29.841 [background-preinit] INFO  [] o.h.validator.internal.util.Version - HV000001: Hibernate Validator 8.0.3.Final
16:59:29.886 [main] INFO  [] com.gymapp.GymAppApplication - Starting GymAppApplication using Java 21.0.7 with PID 20160 (C:\Users\ASUS\Desktop\EPAM-COURSE\Spring-boot\spring-rest\target\classes started by ASUS in C:\Users\ASUS\Desktop\EPAM-COURSE\Spring-boot\spring-rest)
16:59:29.887 [main] INFO  [] com.gymapp.GymAppApplication - No active profile set, falling back to 1 default profile: "default"
16:59:31.040 [main] INFO  [] o.s.d.r.c.RepositoryConfigurationDelegate - Bootstrapping Spring Data JPA repositories in DEFAULT mode.
16:59:31.114 [main] INFO  [] o.s.d.r.c.RepositoryConfigurationDelegate - Finished Spring Data repository scanning in 66 ms. Found 4 JPA repository interfaces.
16:59:31.789 [main] INFO  [] o.s.b.w.e.tomcat.TomcatWebServer - Tomcat initialized with port 8080 (http)
16:59:31.805 [main] INFO  [] o.a.coyote.http11.Http11NioProtocol - Initializing ProtocolHandler ["http-nio-8080"]
16:59:31.806 [main] INFO  [] o.a.catalina.core.StandardService - Starting service [Tomcat]
16:59:31.807 [main] INFO  [] o.a.catalina.core.StandardEngine - Starting Servlet engine: [Apache Tomcat/10.1.48]
16:59:31.860 [main] INFO  [] o.a.c.c.C.[Tomcat].[localhost].[/] - Initializing Spring embedded WebApplicationContext
16:59:31.861 [main] INFO  [] o.s.b.w.s.c.ServletWebServerApplicationContext - Root WebApplicationContext: initialization completed in 1933 ms
16:59:32.166 [main] INFO  [] o.h.jpa.internal.util.LogHelper - HHH000204: Processing PersistenceUnitInfo [name: default]
16:59:32.208 [main] INFO  [] org.hibernate.Version - HHH000412: Hibernate ORM core version 6.6.33.Final
16:59:32.238 [main] INFO  [] o.h.c.i.RegionFactoryInitiator - HHH000026: Second-level cache disabled
16:59:32.428 [main] INFO  [] o.s.o.j.p.SpringPersistenceUnitInfo - No LoadTimeWeaver setup: ignoring JPA class transformer
16:59:32.492 [main] INFO  [] com.zaxxer.hikari.HikariDataSource - HikariPool-1 - Starting...
16:59:32.901 [main] INFO  [] com.zaxxer.hikari.pool.HikariPool - HikariPool-1 - Added connection org.postgresql.jdbc.PgConnection@23e86863
16:59:32.904 [main] INFO  [] com.zaxxer.hikari.HikariDataSource - HikariPool-1 - Start completed.
16:59:33.033 [main] INFO  [] o.hibernate.orm.connections.pooling - HHH10001005: Database info:
	Database JDBC URL [Connecting through datasource 'HikariDataSource (HikariPool-1)']
	Database driver: undefined/unknown
	Database version: 17.5
	Autocommit mode: undefined/unknown
	Isolation level: undefined/unknown
	Minimum pool size: undefined/unknown
	Maximum pool size: undefined/unknown
16:59:35.867 [main] INFO  [] o.h.e.t.j.p.i.JtaPlatformInitiator - HHH000489: No JTA platform available (set 'hibernate.transaction.jta.platform' to enable JTA platform integration)
16:59:36.015 [main] INFO  [] o.s.o.j.LocalContainerEntityManagerFactoryBean - Initialized JPA EntityManagerFactory for persistence unit 'default'
16:59:37.135 [main] INFO  [] o.s.d.j.r.query.QueryEnhancerFactory - Hibernate is in classpath; If applicable, HQL parser will be used.
16:59:43.175 [main] INFO  [] o.s.b.a.e.web.EndpointLinksResolver - Exposing 3 endpoints beneath base path '/actuator'
16:59:43.351 [main] INFO  [] o.a.coyote.http11.Http11NioProtocol - Starting ProtocolHandler ["http-nio-8080"]
16:59:43.387 [main] INFO  [] o.s.b.w.e.tomcat.TomcatWebServer - Tomcat started on port 8080 (http) with context path '/'
16:59:43.436 [main] INFO  [] com.gymapp.GymAppApplication - Started GymAppApplication in 13.848 seconds (process running for 14.295)
17:00:46.746 [SpringApplicationShutdownHook] INFO  [] o.s.b.w.e.tomcat.GracefulShutdown - Commencing graceful shutdown. Waiting for active requests to complete
17:00:46.750 [tomcat-shutdown] INFO  [] o.s.b.w.e.tomcat.GracefulShutdown - Graceful shutdown complete
17:00:46.754 [SpringApplicationShutdownHook] INFO  [] o.s.o.j.LocalContainerEntityManagerFactoryBean - Closing JPA EntityManagerFactory for persistence unit 'default'
17:00:46.755 [SpringApplicationShutdownHook] INFO  [] com.zaxxer.hikari.HikariDataSource - HikariPool-1 - Shutdown initiated...
17:00:46.757 [SpringApplicationShutdownHook] INFO  [] com.zaxxer.hikari.HikariDataSource - HikariPool-1 - Shutdown completed.
17:00:53.635 [background-preinit] INFO  [] o.h.validator.internal.util.Version - HV000001: Hibernate Validator 8.0.3.Final
17:00:53.679 [main] INFO  [] com.gymapp.GymAppApplication - Starting GymAppApplication using Java 21.0.7 with PID 12776 (C:\Users\ASUS\Desktop\EPAM-COURSE\Spring-boot\spring-rest\target\classes started by ASUS in C:\Users\ASUS\Desktop\EPAM-COURSE\Spring-boot\spring-rest)
17:00:53.680 [main] INFO  [] com.gymapp.GymAppApplication - No active profile set, falling back to 1 default profile: "default"
17:00:54.854 [main] INFO  [] o.s.d.r.c.RepositoryConfigurationDelegate - Bootstrapping Spring Data JPA repositories in DEFAULT mode.
17:00:54.938 [main] INFO  [] o.s.d.r.c.RepositoryConfigurationDelegate - Finished Spring Data repository scanning in 73 ms. Found 4 JPA repository interfaces.
17:00:55.608 [main] INFO  [] o.s.b.w.e.tomcat.TomcatWebServer - Tomcat initialized with port 8080 (http)
17:00:55.618 [main] INFO  [] o.a.coyote.http11.Http11NioProtocol - Initializing ProtocolHandler ["http-nio-8080"]
17:00:55.619 [main] INFO  [] o.a.catalina.core.StandardService - Starting service [Tomcat]
17:00:55.619 [main] INFO  [] o.a.catalina.core.StandardEngine - Starting Servlet engine: [Apache Tomcat/10.1.48]
17:00:55.674 [main] INFO  [] o.a.c.c.C.[Tomcat].[localhost].[/] - Initializing Spring embedded WebApplicationContext
17:00:55.675 [main] INFO  [] o.s.b.w.s.c.ServletWebServerApplicationContext - Root WebApplicationContext: initialization completed in 1955 ms
17:00:55.982 [main] INFO  [] o.h.jpa.internal.util.LogHelper - HHH000204: Processing PersistenceUnitInfo [name: default]
17:00:56.025 [main] INFO  [] org.hibernate.Version - HHH000412: Hibernate ORM core version 6.6.33.Final
17:00:56.062 [main] INFO  [] o.h.c.i.RegionFactoryInitiator - HHH000026: Second-level cache disabled
17:00:56.245 [main] INFO  [] o.s.o.j.p.SpringPersistenceUnitInfo - No LoadTimeWeaver setup: ignoring JPA class transformer
17:00:56.261 [main] INFO  [] com.zaxxer.hikari.HikariDataSource - HikariPool-1 - Starting...
17:00:56.371 [main] INFO  [] com.zaxxer.hikari.pool.HikariPool - HikariPool-1 - Added connection org.postgresql.jdbc.PgConnection@5f8df69
17:00:56.372 [main] INFO  [] com.zaxxer.hikari.HikariDataSource - HikariPool-1 - Start completed.
17:00:56.405 [main] INFO  [] o.hibernate.orm.connections.pooling - HHH10001005: Database info:
	Database JDBC URL [Connecting through datasource 'HikariDataSource (HikariPool-1)']
	Database driver: undefined/unknown
	Database version: 17.5
	Autocommit mode: undefined/unknown
	Isolation level: undefined/unknown
	Minimum pool size: undefined/unknown
	Maximum pool size: undefined/unknown
17:00:57.186 [main] INFO  [] o.h.e.t.j.p.i.JtaPlatformInitiator - HHH000489: No JTA platform available (set 'hibernate.transaction.jta.platform' to enable JTA platform integration)
17:00:57.260 [main] INFO  [] o.s.o.j.LocalContainerEntityManagerFactoryBean - Initialized JPA EntityManagerFactory for persistence unit 'default'
17:00:57.590 [main] INFO  [] o.s.d.j.r.query.QueryEnhancerFactory - Hibernate is in classpath; If applicable, HQL parser will be used.
17:01:03.730 [main] INFO  [] o.s.b.a.e.web.EndpointLinksResolver - Exposing 3 endpoints beneath base path '/actuator'
17:01:03.885 [main] INFO  [] o.a.coyote.http11.Http11NioProtocol - Starting ProtocolHandler ["http-nio-8080"]
17:01:03.920 [main] INFO  [] o.s.b.w.e.tomcat.TomcatWebServer - Tomcat started on port 8080 (http) with context path '/'
17:01:03.967 [main] INFO  [] com.gymapp.GymAppApplication - Started GymAppApplication in 10.595 seconds (process running for 11.053)
17:01:04.116 [http-nio-8080-exec-2] INFO  [] o.a.c.c.C.[Tomcat].[localhost].[/] - Initializing Spring DispatcherServlet 'dispatcherServlet'
17:01:04.116 [http-nio-8080-exec-2] INFO  [] o.s.web.servlet.DispatcherServlet - Initializing Servlet 'dispatcherServlet'
17:01:04.134 [http-nio-8080-exec-2] INFO  [] o.s.web.servlet.DispatcherServlet - Completed initialization in 2 ms
17:01:05.352 [http-nio-8080-exec-4] INFO  [58a1a933-5d0d-410d-ba92-a7d44db4f247] c.g.interceptor.LoggingInterceptor - Incoming request: GET /favicon.ico
17:01:05.352 [http-nio-8080-exec-4] INFO  [58a1a933-5d0d-410d-ba92-a7d44db4f247] c.g.interceptor.LoggingInterceptor - Response status: 401
17:03:01.091 [SpringApplicationShutdownHook] INFO  [] o.s.b.w.e.tomcat.GracefulShutdown - Commencing graceful shutdown. Waiting for active requests to complete
17:03:01.100 [tomcat-shutdown] INFO  [] o.s.b.w.e.tomcat.GracefulShutdown - Graceful shutdown complete
17:03:01.105 [SpringApplicationShutdownHook] INFO  [] o.s.o.j.LocalContainerEntityManagerFactoryBean - Closing JPA EntityManagerFactory for persistence unit 'default'
17:03:01.106 [SpringApplicationShutdownHook] INFO  [] com.zaxxer.hikari.HikariDataSource - HikariPool-1 - Shutdown initiated...
17:03:01.108 [SpringApplicationShutdownHook] INFO  [] com.zaxxer.hikari.HikariDataSource - HikariPool-1 - Shutdown completed.
17:03:16.130 [background-preinit] INFO  [] o.h.validator.internal.util.Version - HV000001: Hibernate Validator 8.0.3.Final
17:03:16.179 [main] INFO  [] com.gymapp.GymAppApplication - Starting GymAppApplication using Java 21.0.7 with PID 5448 (C:\Users\ASUS\Desktop\EPAM-COURSE\Spring-boot\spring-rest\target\classes started by ASUS in C:\Users\ASUS\Desktop\EPAM-COURSE\Spring-boot\spring-rest)
17:03:16.180 [main] INFO  [] com.gymapp.GymAppApplication - No active profile set, falling back to 1 default profile: "default"
17:03:17.308 [main] INFO  [] o.s.d.r.c.RepositoryConfigurationDelegate - Bootstrapping Spring Data JPA repositories in DEFAULT mode.
17:03:17.384 [main] INFO  [] o.s.d.r.c.RepositoryConfigurationDelegate - Finished Spring Data repository scanning in 69 ms. Found 4 JPA repository interfaces.
17:03:18.153 [main] INFO  [] o.s.b.w.e.tomcat.TomcatWebServer - Tomcat initialized with port 8080 (http)
17:03:18.167 [main] INFO  [] o.a.coyote.http11.Http11NioProtocol - Initializing ProtocolHandler ["http-nio-8080"]
17:03:18.169 [main] INFO  [] o.a.catalina.core.StandardService - Starting service [Tomcat]
17:03:18.169 [main] INFO  [] o.a.catalina.core.StandardEngine - Starting Servlet engine: [Apache Tomcat/10.1.48]
17:03:18.243 [main] INFO  [] o.a.c.c.C.[Tomcat].[localhost].[/] - Initializing Spring embedded WebApplicationContext
17:03:18.244 [main] INFO  [] o.s.b.w.s.c.ServletWebServerApplicationContext - Root WebApplicationContext: initialization completed in 2022 ms
17:03:18.558 [main] INFO  [] o.h.jpa.internal.util.LogHelper - HHH000204: Processing PersistenceUnitInfo [name: default]
17:03:18.612 [main] INFO  [] org.hibernate.Version - HHH000412: Hibernate ORM core version 6.6.33.Final
17:03:18.687 [main] INFO  [] o.h.c.i.RegionFactoryInitiator - HHH000026: Second-level cache disabled
17:03:19.097 [main] INFO  [] o.s.o.j.p.SpringPersistenceUnitInfo - No LoadTimeWeaver setup: ignoring JPA class transformer
17:03:19.200 [main] INFO  [] com.zaxxer.hikari.HikariDataSource - HikariPool-1 - Starting...
17:03:19.766 [main] INFO  [] com.zaxxer.hikari.pool.HikariPool - HikariPool-1 - Added connection org.postgresql.jdbc.PgConnection@5a9051fd
17:03:19.770 [main] INFO  [] com.zaxxer.hikari.HikariDataSource - HikariPool-1 - Start completed.
17:03:19.814 [main] INFO  [] o.hibernate.orm.connections.pooling - HHH10001005: Database info:
	Database JDBC URL [Connecting through datasource 'HikariDataSource (HikariPool-1)']
	Database driver: undefined/unknown
	Database version: 17.5
	Autocommit mode: undefined/unknown
	Isolation level: undefined/unknown
	Minimum pool size: undefined/unknown
	Maximum pool size: undefined/unknown
17:03:20.631 [main] INFO  [] o.h.e.t.j.p.i.JtaPlatformInitiator - HHH000489: No JTA platform available (set 'hibernate.transaction.jta.platform' to enable JTA platform integration)
17:03:20.709 [main] INFO  [] o.s.o.j.LocalContainerEntityManagerFactoryBean - Initialized JPA EntityManagerFactory for persistence unit 'default'
17:03:21.708 [main] INFO  [] o.s.d.j.r.query.QueryEnhancerFactory - Hibernate is in classpath; If applicable, HQL parser will be used.
17:03:24.182 [main] INFO  [] o.s.b.a.e.web.EndpointLinksResolver - Exposing 3 endpoints beneath base path '/actuator'
17:03:24.366 [main] INFO  [] o.a.coyote.http11.Http11NioProtocol - Starting ProtocolHandler ["http-nio-8080"]
17:03:24.401 [main] INFO  [] o.s.b.w.e.tomcat.TomcatWebServer - Tomcat started on port 8080 (http) with context path '/'
17:03:24.434 [main] INFO  [] com.gymapp.GymAppApplication - Started GymAppApplication in 8.579 seconds (process running for 9.05)
17:03:29.499 [http-nio-8080-exec-1] INFO  [] o.a.c.c.C.[Tomcat].[localhost].[/] - Initializing Spring DispatcherServlet 'dispatcherServlet'
17:03:29.499 [http-nio-8080-exec-1] INFO  [] o.s.web.servlet.DispatcherServlet - Initializing Servlet 'dispatcherServlet'
17:03:29.499 [http-nio-8080-exec-1] INFO  [] o.s.web.servlet.DispatcherServlet - Completed initialization in 0 ms
17:03:30.130 [http-nio-8080-exec-2] INFO  [b52ff945-795d-4afd-bca1-1f1a2c379320] c.g.interceptor.LoggingInterceptor - Incoming request: GET /favicon.ico
17:03:30.132 [http-nio-8080-exec-2] INFO  [b52ff945-795d-4afd-bca1-1f1a2c379320] c.g.interceptor.LoggingInterceptor - Response status: 401
17:03:53.096 [SpringApplicationShutdownHook] INFO  [] o.s.b.w.e.tomcat.GracefulShutdown - Commencing graceful shutdown. Waiting for active requests to complete
17:03:53.100 [tomcat-shutdown] INFO  [] o.s.b.w.e.tomcat.GracefulShutdown - Graceful shutdown complete
17:03:53.104 [SpringApplicationShutdownHook] INFO  [] o.s.o.j.LocalContainerEntityManagerFactoryBean - Closing JPA EntityManagerFactory for persistence unit 'default'
17:03:53.105 [SpringApplicationShutdownHook] INFO  [] com.zaxxer.hikari.HikariDataSource - HikariPool-1 - Shutdown initiated...
17:03:53.108 [SpringApplicationShutdownHook] INFO  [] com.zaxxer.hikari.HikariDataSource - HikariPool-1 - Shutdown completed.
17:18:08.985 [background-preinit] INFO  [] o.h.validator.internal.util.Version - HV000001: Hibernate Validator 8.0.3.Final
17:18:09.036 [main] INFO  [] com.gymapp.GymAppApplication - Starting GymAppApplication using Java 21.0.7 with PID 5176 (C:\Users\ASUS\Desktop\EPAM-COURSE\Spring-boot\spring-rest\target\classes started by ASUS in C:\Users\ASUS\Desktop\EPAM-COURSE\Spring-boot\spring-rest)
17:18:09.036 [main] INFO  [] com.gymapp.GymAppApplication - No active profile set, falling back to 1 default profile: "default"
17:18:10.161 [main] INFO  [] o.s.d.r.c.RepositoryConfigurationDelegate - Bootstrapping Spring Data JPA repositories in DEFAULT mode.
17:18:10.237 [main] INFO  [] o.s.d.r.c.RepositoryConfigurationDelegate - Finished Spring Data repository scanning in 69 ms. Found 4 JPA repository interfaces.
17:18:10.874 [main] INFO  [] o.s.b.w.e.tomcat.TomcatWebServer - Tomcat initialized with port 8080 (http)
17:18:10.885 [main] INFO  [] o.a.coyote.http11.Http11NioProtocol - Initializing ProtocolHandler ["http-nio-8080"]
17:18:10.886 [main] INFO  [] o.a.catalina.core.StandardService - Starting service [Tomcat]
17:18:10.887 [main] INFO  [] o.a.catalina.core.StandardEngine - Starting Servlet engine: [Apache Tomcat/10.1.48]
17:18:10.951 [main] INFO  [] o.a.c.c.C.[Tomcat].[localhost].[/] - Initializing Spring embedded WebApplicationContext
17:18:10.952 [main] INFO  [] o.s.b.w.s.c.ServletWebServerApplicationContext - Root WebApplicationContext: initialization completed in 1873 ms
17:18:11.277 [main] INFO  [] o.h.jpa.internal.util.LogHelper - HHH000204: Processing PersistenceUnitInfo [name: default]
17:18:11.324 [main] INFO  [] org.hibernate.Version - HHH000412: Hibernate ORM core version 6.6.33.Final
17:18:11.364 [main] INFO  [] o.h.c.i.RegionFactoryInitiator - HHH000026: Second-level cache disabled
17:18:11.548 [main] INFO  [] o.s.o.j.p.SpringPersistenceUnitInfo - No LoadTimeWeaver setup: ignoring JPA class transformer
17:18:11.567 [main] INFO  [] com.zaxxer.hikari.HikariDataSource - HikariPool-1 - Starting...
17:18:11.684 [main] INFO  [] com.zaxxer.hikari.pool.HikariPool - HikariPool-1 - Added connection org.postgresql.jdbc.PgConnection@5d22ed6c
17:18:11.685 [main] INFO  [] com.zaxxer.hikari.HikariDataSource - HikariPool-1 - Start completed.
17:18:11.719 [main] INFO  [] o.hibernate.orm.connections.pooling - HHH10001005: Database info:
	Database JDBC URL [Connecting through datasource 'HikariDataSource (HikariPool-1)']
	Database driver: undefined/unknown
	Database version: 17.5
	Autocommit mode: undefined/unknown
	Isolation level: undefined/unknown
	Minimum pool size: undefined/unknown
	Maximum pool size: undefined/unknown
17:18:12.440 [main] INFO  [] o.h.e.t.j.p.i.JtaPlatformInitiator - HHH000489: No JTA platform available (set 'hibernate.transaction.jta.platform' to enable JTA platform integration)
17:18:12.522 [main] INFO  [] o.s.o.j.LocalContainerEntityManagerFactoryBean - Initialized JPA EntityManagerFactory for persistence unit 'default'
17:18:12.774 [main] INFO  [] o.s.d.j.r.query.QueryEnhancerFactory - Hibernate is in classpath; If applicable, HQL parser will be used.
17:18:15.419 [main] INFO  [] o.s.b.a.e.web.EndpointLinksResolver - Exposing 3 endpoints beneath base path '/actuator'
17:18:15.746 [main] INFO  [] o.a.coyote.http11.Http11NioProtocol - Starting ProtocolHandler ["http-nio-8080"]
17:18:15.812 [main] INFO  [] o.s.b.w.e.tomcat.TomcatWebServer - Tomcat started on port 8080 (http) with context path '/'
17:18:15.861 [main] INFO  [] com.gymapp.GymAppApplication - Started GymAppApplication in 7.135 seconds (process running for 7.588)
17:18:17.244 [http-nio-8080-exec-1] INFO  [] o.a.c.c.C.[Tomcat].[localhost].[/] - Initializing Spring DispatcherServlet 'dispatcherServlet'
17:18:17.244 [http-nio-8080-exec-1] INFO  [] o.s.web.servlet.DispatcherServlet - Initializing Servlet 'dispatcherServlet'
17:18:17.244 [http-nio-8080-exec-1] INFO  [] o.s.web.servlet.DispatcherServlet - Completed initialization in 0 ms
17:18:17.994 [http-nio-8080-exec-2] INFO  [1ad01931-3cd6-4204-8083-db68f7e6b371] c.g.interceptor.LoggingInterceptor - Incoming request: GET /favicon.ico
17:18:18.010 [http-nio-8080-exec-2] INFO  [1ad01931-3cd6-4204-8083-db68f7e6b371] c.g.interceptor.LoggingInterceptor - Response status: 401
17:18:28.539 [http-nio-8080-exec-5] INFO  [2b630886-851c-4996-aa7b-f08c42349d80] c.g.interceptor.LoggingInterceptor - Incoming request: GET /favicon.ico
17:18:28.539 [http-nio-8080-exec-5] INFO  [2b630886-851c-4996-aa7b-f08c42349d80] c.g.interceptor.LoggingInterceptor - Response status: 401
17:19:36.115 [SpringApplicationShutdownHook] INFO  [] o.s.b.w.e.tomcat.GracefulShutdown - Commencing graceful shutdown. Waiting for active requests to complete
17:19:36.120 [tomcat-shutdown] INFO  [] o.s.b.w.e.tomcat.GracefulShutdown - Graceful shutdown complete
17:19:36.126 [SpringApplicationShutdownHook] INFO  [] o.s.o.j.LocalContainerEntityManagerFactoryBean - Closing JPA EntityManagerFactory for persistence unit 'default'
17:19:36.127 [SpringApplicationShutdownHook] INFO  [] com.zaxxer.hikari.HikariDataSource - HikariPool-1 - Shutdown initiated...
17:19:36.129 [SpringApplicationShutdownHook] INFO  [] com.zaxxer.hikari.HikariDataSource - HikariPool-1 - Shutdown completed.
17:29:37.892 [background-preinit] INFO  [] o.h.validator.internal.util.Version - HV000001: Hibernate Validator 8.0.3.Final
17:29:37.940 [main] INFO  [] com.gymapp.GymAppApplication - Starting GymAppApplication using Java 21.0.7 with PID 8908 (C:\Users\ASUS\Desktop\EPAM-COURSE\Spring-boot\spring-rest\target\classes started by ASUS in C:\Users\ASUS\Desktop\EPAM-COURSE\Spring-boot\spring-rest)
17:29:37.941 [main] INFO  [] com.gymapp.GymAppApplication - No active profile set, falling back to 1 default profile: "default"
17:29:39.116 [main] INFO  [] o.s.d.r.c.RepositoryConfigurationDelegate - Bootstrapping Spring Data JPA repositories in DEFAULT mode.
17:29:39.199 [main] INFO  [] o.s.d.r.c.RepositoryConfigurationDelegate - Finished Spring Data repository scanning in 74 ms. Found 4 JPA repository interfaces.
17:29:39.814 [main] INFO  [] o.s.b.w.e.tomcat.TomcatWebServer - Tomcat initialized with port 8080 (http)
17:29:39.824 [main] INFO  [] o.a.coyote.http11.Http11NioProtocol - Initializing ProtocolHandler ["http-nio-8080"]
17:29:39.825 [main] INFO  [] o.a.catalina.core.StandardService - Starting service [Tomcat]
17:29:39.826 [main] INFO  [] o.a.catalina.core.StandardEngine - Starting Servlet engine: [Apache Tomcat/10.1.48]
17:29:39.878 [main] INFO  [] o.a.c.c.C.[Tomcat].[localhost].[/] - Initializing Spring embedded WebApplicationContext
17:29:39.878 [main] INFO  [] o.s.b.w.s.c.ServletWebServerApplicationContext - Root WebApplicationContext: initialization completed in 1897 ms
17:29:40.217 [main] INFO  [] o.h.jpa.internal.util.LogHelper - HHH000204: Processing PersistenceUnitInfo [name: default]
17:29:40.270 [main] INFO  [] org.hibernate.Version - HHH000412: Hibernate ORM core version 6.6.33.Final
17:29:40.343 [main] INFO  [] o.h.c.i.RegionFactoryInitiator - HHH000026: Second-level cache disabled
17:29:40.620 [main] INFO  [] o.s.o.j.p.SpringPersistenceUnitInfo - No LoadTimeWeaver setup: ignoring JPA class transformer
17:29:40.642 [main] INFO  [] com.zaxxer.hikari.HikariDataSource - HikariPool-1 - Starting...
17:29:40.757 [main] INFO  [] com.zaxxer.hikari.pool.HikariPool - HikariPool-1 - Added connection org.postgresql.jdbc.PgConnection@1ce6a9bd
17:29:40.758 [main] INFO  [] com.zaxxer.hikari.HikariDataSource - HikariPool-1 - Start completed.
17:29:40.791 [main] INFO  [] o.hibernate.orm.connections.pooling - HHH10001005: Database info:
	Database JDBC URL [Connecting through datasource 'HikariDataSource (HikariPool-1)']
	Database driver: undefined/unknown
	Database version: 17.5
	Autocommit mode: undefined/unknown
	Isolation level: undefined/unknown
	Minimum pool size: undefined/unknown
	Maximum pool size: undefined/unknown
17:29:41.524 [main] INFO  [] o.h.e.t.j.p.i.JtaPlatformInitiator - HHH000489: No JTA platform available (set 'hibernate.transaction.jta.platform' to enable JTA platform integration)
17:29:41.605 [main] INFO  [] o.s.o.j.LocalContainerEntityManagerFactoryBean - Initialized JPA EntityManagerFactory for persistence unit 'default'
17:29:41.898 [main] INFO  [] o.s.d.j.r.query.QueryEnhancerFactory - Hibernate is in classpath; If applicable, HQL parser will be used.
17:29:43.306 [main] INFO  [] o.s.b.a.e.web.EndpointLinksResolver - Exposing 3 endpoints beneath base path '/actuator'
17:29:43.375 [main] INFO  [] o.a.coyote.http11.Http11NioProtocol - Starting ProtocolHandler ["http-nio-8080"]
17:29:43.394 [main] INFO  [] o.s.b.w.e.tomcat.TomcatWebServer - Tomcat started on port 8080 (http) with context path '/'
17:29:43.406 [main] INFO  [] com.gymapp.GymAppApplication - Started GymAppApplication in 5.777 seconds (process running for 6.235)
17:29:55.719 [http-nio-8080-exec-2] INFO  [] o.a.c.c.C.[Tomcat].[localhost].[/] - Initializing Spring DispatcherServlet 'dispatcherServlet'
17:29:55.719 [http-nio-8080-exec-2] INFO  [] o.s.web.servlet.DispatcherServlet - Initializing Servlet 'dispatcherServlet'
17:29:55.719 [http-nio-8080-exec-2] INFO  [] o.s.web.servlet.DispatcherServlet - Completed initialization in 0 ms
17:29:57.104 [http-nio-8080-exec-1] INFO  [faf1a31f-6b36-4f48-a744-0f54052490ba] c.g.interceptor.LoggingInterceptor - Incoming request: GET /favicon.ico
17:29:57.104 [http-nio-8080-exec-1] INFO  [faf1a31f-6b36-4f48-a744-0f54052490ba] c.g.interceptor.LoggingInterceptor - Response status: 401
17:30:03.907 [http-nio-8080-exec-4] INFO  [9fa2902b-292c-4b72-839f-bd4ae86d3172] c.g.interceptor.LoggingInterceptor - Incoming request: GET /favicon.ico
17:30:03.908 [http-nio-8080-exec-4] INFO  [9fa2902b-292c-4b72-839f-bd4ae86d3172] c.g.interceptor.LoggingInterceptor - Response status: 401
17:30:08.815 [SpringApplicationShutdownHook] INFO  [] o.s.b.w.e.tomcat.GracefulShutdown - Commencing graceful shutdown. Waiting for active requests to complete
17:30:08.822 [tomcat-shutdown] INFO  [] o.s.b.w.e.tomcat.GracefulShutdown - Graceful shutdown complete
17:30:08.826 [SpringApplicationShutdownHook] INFO  [] o.s.o.j.LocalContainerEntityManagerFactoryBean - Closing JPA EntityManagerFactory for persistence unit 'default'
17:30:08.827 [SpringApplicationShutdownHook] INFO  [] com.zaxxer.hikari.HikariDataSource - HikariPool-1 - Shutdown initiated...
17:30:08.830 [SpringApplicationShutdownHook] INFO  [] com.zaxxer.hikari.HikariDataSource - HikariPool-1 - Shutdown completed.
17:40:00.909 [background-preinit] INFO  [] o.h.validator.internal.util.Version - HV000001: Hibernate Validator 8.0.3.Final
17:40:00.952 [main] INFO  [] com.gymapp.GymAppApplication - Starting GymAppApplication using Java 21.0.7 with PID 19928 (C:\Users\ASUS\Desktop\EPAM-COURSE\Spring-boot\spring-rest\target\classes started by ASUS in C:\Users\ASUS\Desktop\EPAM-COURSE\Spring-boot\spring-rest)
17:40:00.953 [main] INFO  [] com.gymapp.GymAppApplication - No active profile set, falling back to 1 default profile: "default"
17:40:02.152 [main] INFO  [] o.s.d.r.c.RepositoryConfigurationDelegate - Bootstrapping Spring Data JPA repositories in DEFAULT mode.
17:40:02.229 [main] INFO  [] o.s.d.r.c.RepositoryConfigurationDelegate - Finished Spring Data repository scanning in 70 ms. Found 4 JPA repository interfaces.
17:40:02.902 [main] INFO  [] o.s.b.w.e.tomcat.TomcatWebServer - Tomcat initialized with port 8080 (http)
17:40:02.917 [main] INFO  [] o.a.coyote.http11.Http11NioProtocol - Initializing ProtocolHandler ["http-nio-8080"]
17:40:02.920 [main] INFO  [] o.a.catalina.core.StandardService - Starting service [Tomcat]
17:40:02.921 [main] INFO  [] o.a.catalina.core.StandardEngine - Starting Servlet engine: [Apache Tomcat/10.1.48]
17:40:02.986 [main] INFO  [] o.a.c.c.C.[Tomcat].[localhost].[/] - Initializing Spring embedded WebApplicationContext
17:40:02.987 [main] INFO  [] o.s.b.w.s.c.ServletWebServerApplicationContext - Root WebApplicationContext: initialization completed in 1990 ms
17:40:03.373 [main] INFO  [] o.h.jpa.internal.util.LogHelper - HHH000204: Processing PersistenceUnitInfo [name: default]
17:40:03.424 [main] INFO  [] org.hibernate.Version - HHH000412: Hibernate ORM core version 6.6.33.Final
17:40:03.489 [main] INFO  [] o.h.c.i.RegionFactoryInitiator - HHH000026: Second-level cache disabled
17:40:03.702 [main] INFO  [] o.s.o.j.p.SpringPersistenceUnitInfo - No LoadTimeWeaver setup: ignoring JPA class transformer
17:40:03.720 [main] INFO  [] com.zaxxer.hikari.HikariDataSource - HikariPool-1 - Starting...
17:40:03.843 [main] INFO  [] com.zaxxer.hikari.pool.HikariPool - HikariPool-1 - Added connection org.postgresql.jdbc.PgConnection@4a47bc9c
17:40:03.845 [main] INFO  [] com.zaxxer.hikari.HikariDataSource - HikariPool-1 - Start completed.
17:40:03.876 [main] INFO  [] o.hibernate.orm.connections.pooling - HHH10001005: Database info:
	Database JDBC URL [Connecting through datasource 'HikariDataSource (HikariPool-1)']
	Database driver: undefined/unknown
	Database version: 17.5
	Autocommit mode: undefined/unknown
	Isolation level: undefined/unknown
	Minimum pool size: undefined/unknown
	Maximum pool size: undefined/unknown
17:40:04.622 [main] INFO  [] o.h.e.t.j.p.i.JtaPlatformInitiator - HHH000489: No JTA platform available (set 'hibernate.transaction.jta.platform' to enable JTA platform integration)
17:40:04.700 [main] INFO  [] o.s.o.j.LocalContainerEntityManagerFactoryBean - Initialized JPA EntityManagerFactory for persistence unit 'default'
17:40:04.975 [main] INFO  [] o.s.d.j.r.query.QueryEnhancerFactory - Hibernate is in classpath; If applicable, HQL parser will be used.
17:40:06.364 [main] INFO  [] o.s.b.a.e.web.EndpointLinksResolver - Exposing 3 endpoints beneath base path '/actuator'
17:40:06.415 [main] INFO  [] o.a.coyote.http11.Http11NioProtocol - Starting ProtocolHandler ["http-nio-8080"]
17:40:06.428 [main] INFO  [] o.s.b.w.e.tomcat.TomcatWebServer - Tomcat started on port 8080 (http) with context path '/'
17:40:06.442 [main] INFO  [] com.gymapp.GymAppApplication - Started GymAppApplication in 5.792 seconds (process running for 6.26)
17:40:11.556 [SpringApplicationShutdownHook] INFO  [] o.s.b.w.e.tomcat.GracefulShutdown - Commencing graceful shutdown. Waiting for active requests to complete
17:40:11.560 [tomcat-shutdown] INFO  [] o.s.b.w.e.tomcat.GracefulShutdown - Graceful shutdown complete
17:40:11.565 [SpringApplicationShutdownHook] INFO  [] o.s.o.j.LocalContainerEntityManagerFactoryBean - Closing JPA EntityManagerFactory for persistence unit 'default'
17:40:11.566 [SpringApplicationShutdownHook] INFO  [] com.zaxxer.hikari.HikariDataSource - HikariPool-1 - Shutdown initiated...
17:40:11.569 [SpringApplicationShutdownHook] INFO  [] com.zaxxer.hikari.HikariDataSource - HikariPool-1 - Shutdown completed.
17:46:00.131 [background-preinit] INFO  [] o.h.validator.internal.util.Version - HV000001: Hibernate Validator 8.0.3.Final
17:46:00.174 [main] INFO  [] com.gymapp.GymAppApplication - Starting GymAppApplication using Java 21.0.7 with PID 10652 (C:\Users\ASUS\Desktop\EPAM-COURSE\Spring-boot\spring-rest\target\classes started by ASUS in C:\Users\ASUS\Desktop\EPAM-COURSE\Spring-boot\spring-rest)
17:46:00.175 [main] INFO  [] com.gymapp.GymAppApplication - The following 1 profile is active: "local"
17:46:01.301 [main] INFO  [] o.s.d.r.c.RepositoryConfigurationDelegate - Bootstrapping Spring Data JPA repositories in DEFAULT mode.
17:46:01.378 [main] INFO  [] o.s.d.r.c.RepositoryConfigurationDelegate - Finished Spring Data repository scanning in 68 ms. Found 4 JPA repository interfaces.
17:46:01.999 [main] INFO  [] o.s.b.w.e.tomcat.TomcatWebServer - Tomcat initialized with port 8080 (http)
17:46:02.009 [main] INFO  [] o.a.coyote.http11.Http11NioProtocol - Initializing ProtocolHandler ["http-nio-8080"]
17:46:02.010 [main] INFO  [] o.a.catalina.core.StandardService - Starting service [Tomcat]
17:46:02.011 [main] INFO  [] o.a.catalina.core.StandardEngine - Starting Servlet engine: [Apache Tomcat/10.1.48]
17:46:02.072 [main] INFO  [] o.a.c.c.C.[Tomcat].[localhost].[/] - Initializing Spring embedded WebApplicationContext
17:46:02.073 [main] INFO  [] o.s.b.w.s.c.ServletWebServerApplicationContext - Root WebApplicationContext: initialization completed in 1853 ms
17:46:02.408 [main] INFO  [] o.h.jpa.internal.util.LogHelper - HHH000204: Processing PersistenceUnitInfo [name: default]
17:46:02.455 [main] INFO  [] org.hibernate.Version - HHH000412: Hibernate ORM core version 6.6.33.Final
17:46:02.487 [main] INFO  [] o.h.c.i.RegionFactoryInitiator - HHH000026: Second-level cache disabled
17:46:02.670 [main] INFO  [] o.s.o.j.p.SpringPersistenceUnitInfo - No LoadTimeWeaver setup: ignoring JPA class transformer
17:46:02.688 [main] INFO  [] com.zaxxer.hikari.HikariDataSource - HikariPool-1 - Starting...
17:46:02.803 [main] INFO  [] com.zaxxer.hikari.pool.HikariPool - HikariPool-1 - Added connection org.postgresql.jdbc.PgConnection@3a13f663
17:46:02.804 [main] INFO  [] com.zaxxer.hikari.HikariDataSource - HikariPool-1 - Start completed.
17:46:02.840 [main] INFO  [] o.hibernate.orm.connections.pooling - HHH10001005: Database info:
	Database JDBC URL [Connecting through datasource 'HikariDataSource (HikariPool-1)']
	Database driver: undefined/unknown
	Database version: 17.5
	Autocommit mode: undefined/unknown
	Isolation level: undefined/unknown
	Minimum pool size: undefined/unknown
	Maximum pool size: undefined/unknown
17:46:03.559 [main] INFO  [] o.h.e.t.j.p.i.JtaPlatformInitiator - HHH000489: No JTA platform available (set 'hibernate.transaction.jta.platform' to enable JTA platform integration)
17:46:03.637 [main] INFO  [] o.s.o.j.LocalContainerEntityManagerFactoryBean - Initialized JPA EntityManagerFactory for persistence unit 'default'
17:46:03.881 [main] INFO  [] o.s.d.j.r.query.QueryEnhancerFactory - Hibernate is in classpath; If applicable, HQL parser will be used.
17:46:05.184 [main] INFO  [] o.s.b.a.e.web.EndpointLinksResolver - Exposing 3 endpoints beneath base path '/actuator'
17:46:05.257 [main] INFO  [] o.a.coyote.http11.Http11NioProtocol - Starting ProtocolHandler ["http-nio-8080"]
17:46:05.268 [main] INFO  [] o.s.b.w.e.tomcat.TomcatWebServer - Tomcat started on port 8080 (http) with context path '/'
17:46:05.280 [main] INFO  [] com.gymapp.GymAppApplication - Started GymAppApplication in 5.423 seconds (process running for 5.889)
17:46:12.578 [SpringApplicationShutdownHook] INFO  [] o.s.b.w.e.tomcat.GracefulShutdown - Commencing graceful shutdown. Waiting for active requests to complete
17:46:12.582 [tomcat-shutdown] INFO  [] o.s.b.w.e.tomcat.GracefulShutdown - Graceful shutdown complete
17:46:12.586 [SpringApplicationShutdownHook] INFO  [] o.s.o.j.LocalContainerEntityManagerFactoryBean - Closing JPA EntityManagerFactory for persistence unit 'default'
17:46:12.587 [SpringApplicationShutdownHook] INFO  [] com.zaxxer.hikari.HikariDataSource - HikariPool-1 - Shutdown initiated...
17:46:12.590 [SpringApplicationShutdownHook] INFO  [] com.zaxxer.hikari.HikariDataSource - HikariPool-1 - Shutdown completed.
17:46:38.641 [main] INFO  [] c.g.s.training.TrainingServiceImpl - Creating training for trainee=sofia.ramirez with trainer=ana.lopez and type=Clase avanzada
17:46:39.067 [main] INFO  [] c.g.s.trainer.TrainerServiceImpl - Updating profile for trainer: ana.lopez
17:46:39.075 [main] INFO  [] c.g.s.trainer.TrainerServiceImpl - Fetching trainings for trainer: ana.lopez with filters: from=null, to=null, trainee=null
17:46:39.079 [main] INFO  [] c.g.s.trainer.TrainerServiceImpl - Fetching assigned trainees for trainer: ana.lopez
17:46:39.131 [main] INFO  [] c.g.s.trainer.TrainerServiceImpl - Changing status for trainer: ana.lopez to ACTIVE
17:46:39.145 [main] INFO  [] c.g.s.trainer.TrainerServiceImpl - Fetching profile for trainer: ana.lopez
17:46:39.149 [main] INFO  [] c.g.s.trainer.TrainerServiceImpl - Deleting trainer: ana.lopez
17:46:39.152 [main] INFO  [] c.g.s.trainer.TrainerServiceImpl - Changing status for trainer: ana.lopez to INACTIVE
17:46:39.159 [main] INFO  [] c.g.s.trainer.TrainerServiceImpl - Registering trainer: Ana Lopez
17:46:39.352 [main] INFO  [] c.g.i.AuthenticationInterceptor - Authentication successful for user: validUser
17:46:39.525 [main] INFO  [] com.gymapp.service.core.AuthManager - Authenticating user: unknown.user
17:46:39.529 [main] INFO  [] com.gymapp.service.core.AuthManager - Authenticating user: trainer.juan
17:46:39.530 [main] INFO  [] com.gymapp.service.core.AuthManager - Authentication successful for user: trainer.juan
17:46:39.532 [main] INFO  [] com.gymapp.service.core.AuthManager - Authenticating user: sofia.ramirez
17:46:39.533 [main] INFO  [] com.gymapp.service.core.AuthManager - Authentication successful for user: sofia.ramirez
17:46:39.809 [main] INFO  [] c.g.s.trainee.TraineeServiceImpl - Fetching active unassigned trainers for trainee: sofia.ramirez
17:46:39.847 [main] INFO  [] c.g.s.trainee.TraineeServiceImpl - Changing status for trainee: sofia.ramirez to INACTIVE
17:46:39.851 [main] INFO  [] c.g.s.trainee.TraineeServiceImpl - Fetching trainings for trainee: sofia.ramirez with filters: from=null, to=null, trainer=null, type=null
17:46:39.854 [main] INFO  [] c.g.s.trainee.TraineeServiceImpl - Fetching profile for trainee: sofia.ramirez
17:46:39.858 [main] INFO  [] c.g.s.trainee.TraineeServiceImpl - Updating profile for trainee: sofia.ramirez
17:46:39.861 [main] INFO  [] c.g.s.trainee.TraineeServiceImpl - Assigning trainers [ana.lopez, miguel.torres] to trainee sofia.ramirez
17:46:39.863 [main] INFO  [] c.g.s.trainee.TraineeServiceImpl - Changing status for trainee: sofia.ramirez to ACTIVE
17:46:39.866 [main] INFO  [] c.g.s.trainee.TraineeServiceImpl - Deleting trainee: sofia.ramirez
17:46:39.868 [main] INFO  [] c.g.s.trainee.TraineeServiceImpl - Registering new trainee: Sofia Ramirez
17:47:16.756 [main] INFO  [] c.g.s.training.TrainingServiceImpl - Creating training for trainee=sofia.ramirez with trainer=ana.lopez and type=Clase avanzada
17:47:17.298 [main] INFO  [] c.g.s.trainer.TrainerServiceImpl - Updating profile for trainer: ana.lopez
17:47:17.305 [main] INFO  [] c.g.s.trainer.TrainerServiceImpl - Fetching trainings for trainer: ana.lopez with filters: from=null, to=null, trainee=null
17:47:17.310 [main] INFO  [] c.g.s.trainer.TrainerServiceImpl - Fetching assigned trainees for trainer: ana.lopez
17:47:17.389 [main] INFO  [] c.g.s.trainer.TrainerServiceImpl - Changing status for trainer: ana.lopez to ACTIVE
17:47:17.401 [main] INFO  [] c.g.s.trainer.TrainerServiceImpl - Fetching profile for trainer: ana.lopez
17:47:17.405 [main] INFO  [] c.g.s.trainer.TrainerServiceImpl - Deleting trainer: ana.lopez
17:47:17.410 [main] INFO  [] c.g.s.trainer.TrainerServiceImpl - Changing status for trainer: ana.lopez to INACTIVE
17:47:17.414 [main] INFO  [] c.g.s.trainer.TrainerServiceImpl - Registering trainer: Ana Lopez
17:47:17.621 [main] INFO  [] c.g.i.AuthenticationInterceptor - Authentication successful for user: validUser
17:47:17.799 [main] INFO  [] com.gymapp.service.core.AuthManager - Authenticating user: unknown.user
17:47:17.803 [main] INFO  [] com.gymapp.service.core.AuthManager - Authenticating user: trainer.juan
17:47:17.804 [main] INFO  [] com.gymapp.service.core.AuthManager - Authentication successful for user: trainer.juan
17:47:17.807 [main] INFO  [] com.gymapp.service.core.AuthManager - Authenticating user: sofia.ramirez
17:47:17.808 [main] INFO  [] com.gymapp.service.core.AuthManager - Authentication successful for user: sofia.ramirez
17:47:18.132 [main] INFO  [] c.g.s.trainee.TraineeServiceImpl - Fetching active unassigned trainers for trainee: sofia.ramirez
17:47:18.173 [main] INFO  [] c.g.s.trainee.TraineeServiceImpl - Changing status for trainee: sofia.ramirez to INACTIVE
17:47:18.180 [main] INFO  [] c.g.s.trainee.TraineeServiceImpl - Fetching trainings for trainee: sofia.ramirez with filters: from=null, to=null, trainer=null, type=null
17:47:18.183 [main] INFO  [] c.g.s.trainee.TraineeServiceImpl - Fetching profile for trainee: sofia.ramirez
17:47:18.188 [main] INFO  [] c.g.s.trainee.TraineeServiceImpl - Updating profile for trainee: sofia.ramirez
17:47:18.190 [main] INFO  [] c.g.s.trainee.TraineeServiceImpl - Assigning trainers [ana.lopez, miguel.torres] to trainee sofia.ramirez
17:47:18.194 [main] INFO  [] c.g.s.trainee.TraineeServiceImpl - Changing status for trainee: sofia.ramirez to ACTIVE
17:47:18.196 [main] INFO  [] c.g.s.trainee.TraineeServiceImpl - Deleting trainee: sofia.ramirez
17:47:18.198 [main] INFO  [] c.g.s.trainee.TraineeServiceImpl - Registering new trainee: Sofia Ramirez
17:58:17.049 [main] INFO  [] c.g.s.training.TrainingServiceImpl - Creating training for trainee=sofia.ramirez with trainer=ana.lopez and type=Clase avanzada
17:58:17.391 [main] INFO  [8343863e-ec8d-443c-ba3b-c1f797c49ac5] c.g.interceptor.LoggingInterceptor - Incoming request: GET /api/test
17:58:17.397 [main] INFO  [test-id] c.g.interceptor.LoggingInterceptor - Response status: 500
17:58:17.402 [main] INFO  [test-id] c.g.interceptor.LoggingInterceptor - Response status: 200
17:58:17.674 [main] INFO  [] c.g.s.trainer.TrainerServiceImpl - Updating profile for trainer: ana.lopez
17:58:17.680 [main] INFO  [] c.g.s.trainer.TrainerServiceImpl - Fetching trainings for trainer: ana.lopez with filters: from=null, to=null, trainee=null
17:58:17.684 [main] INFO  [] c.g.s.trainer.TrainerServiceImpl - Fetching assigned trainees for trainer: ana.lopez
17:58:17.766 [main] INFO  [] c.g.s.trainer.TrainerServiceImpl - Changing status for trainer: ana.lopez to ACTIVE
17:58:17.775 [main] INFO  [] c.g.s.trainer.TrainerServiceImpl - Fetching profile for trainer: ana.lopez
17:58:17.777 [main] INFO  [] c.g.s.trainer.TrainerServiceImpl - Deleting trainer: ana.lopez
17:58:17.779 [main] INFO  [] c.g.s.trainer.TrainerServiceImpl - Changing status for trainer: ana.lopez to INACTIVE
17:58:17.783 [main] INFO  [] c.g.s.trainer.TrainerServiceImpl - Registering trainer: Ana Lopez
17:58:17.936 [main] INFO  [] c.g.i.AuthenticationInterceptor - Authentication successful for user: validUser
17:58:18.140 [main] INFO  [] com.gymapp.service.core.AuthManager - Authenticating user: unknown.user
17:58:18.151 [main] INFO  [] com.gymapp.service.core.AuthManager - Authenticating user: trainer.juan
17:58:18.151 [main] INFO  [] com.gymapp.service.core.AuthManager - Authentication successful for user: trainer.juan
17:58:18.155 [main] INFO  [] com.gymapp.service.core.AuthManager - Authenticating user: sofia.ramirez
17:58:18.156 [main] INFO  [] com.gymapp.service.core.AuthManager - Authentication successful for user: sofia.ramirez
17:58:18.607 [main] INFO  [] c.g.s.trainee.TraineeServiceImpl - Fetching active unassigned trainers for trainee: sofia.ramirez
17:58:18.651 [main] INFO  [] c.g.s.trainee.TraineeServiceImpl - Changing status for trainee: sofia.ramirez to INACTIVE
17:58:18.657 [main] INFO  [] c.g.s.trainee.TraineeServiceImpl - Fetching trainings for trainee: sofia.ramirez with filters: from=null, to=null, trainer=null, type=null
17:58:18.660 [main] INFO  [] c.g.s.trainee.TraineeServiceImpl - Fetching profile for trainee: sofia.ramirez
17:58:18.670 [main] INFO  [] c.g.s.trainee.TraineeServiceImpl - Updating profile for trainee: sofia.ramirez
17:58:18.672 [main] INFO  [] c.g.s.trainee.TraineeServiceImpl - Assigning trainers [ana.lopez, miguel.torres] to trainee sofia.ramirez
17:58:18.674 [main] INFO  [] c.g.s.trainee.TraineeServiceImpl - Changing status for trainee: sofia.ramirez to ACTIVE
17:58:18.678 [main] INFO  [] c.g.s.trainee.TraineeServiceImpl - Deleting trainee: sofia.ramirez
17:58:18.683 [main] INFO  [] c.g.s.trainee.TraineeServiceImpl - Registering new trainee: Sofia Ramirez
