07:31:19.741 [main] WARN  [] o.s.c.a.AnnotationTypeMapping - Support for convention-based annotation attribute overrides is deprecated and will be removed in Spring Framework 7.0. Please annotate the following attributes in @com.gymapp.openapi.annotation.operation.LoginOperation with appropriate @AliasFor declarations: [summary, description]
07:31:19.763 [main] WARN  [] o.s.c.a.AnnotationTypeMapping - Support for convention-based annotation attribute overrides is deprecated and will be removed in Spring Framework 7.0. Please annotate the following attributes in @com.gymapp.openapi.annotation.operation.LoginOperation with appropriate @AliasFor declarations: [description]
07:31:19.819 [main] WARN  [] o.s.c.a.AnnotationTypeMapping - Support for convention-based annotation attribute overrides is deprecated and will be removed in Spring Framework 7.0. Please annotate the following attributes in @com.gymapp.openapi.annotation.operation.ChangePasswordOperation with appropriate @AliasFor declarations: [summary, description]
07:31:19.821 [main] WARN  [] o.s.c.a.AnnotationTypeMapping - Support for convention-based annotation attribute overrides is deprecated and will be removed in Spring Framework 7.0. Please annotate the following attributes in @com.gymapp.openapi.annotation.operation.ChangePasswordOperation with appropriate @AliasFor declarations: [description]
07:31:19.873 [main] WARN  [] o.s.c.a.AnnotationTypeMapping - Support for convention-based annotation attribute overrides is deprecated and will be removed in Spring Framework 7.0. Please annotate the following attributes in @com.gymapp.openapi.annotation.operation.CreateOperation with appropriate @AliasFor declarations: [summary, description]
07:31:19.885 [main] WARN  [] o.s.c.a.AnnotationTypeMapping - Support for convention-based annotation attribute overrides is deprecated and will be removed in Spring Framework 7.0. Please annotate the following attributes in @com.gymapp.openapi.annotation.operation.CreateOperation with appropriate @AliasFor declarations: [description]
07:31:19.911 [main] WARN  [] o.s.c.a.AnnotationTypeMapping - Support for convention-based annotation attribute overrides is deprecated and will be removed in Spring Framework 7.0. Please annotate the following attributes in @com.gymapp.openapi.annotation.operation.GetByIdOperation with appropriate @AliasFor declarations: [summary, description]
07:31:19.913 [main] WARN  [] o.s.c.a.AnnotationTypeMapping - Support for convention-based annotation attribute overrides is deprecated and will be removed in Spring Framework 7.0. Please annotate the following attributes in @com.gymapp.openapi.annotation.operation.GetByIdOperation with appropriate @AliasFor declarations: [description]
07:31:19.944 [main] WARN  [] o.s.c.a.AnnotationTypeMapping - Support for convention-based annotation attribute overrides is deprecated and will be removed in Spring Framework 7.0. Please annotate the following attributes in @com.gymapp.openapi.annotation.operation.UpdateOperation with appropriate @AliasFor declarations: [summary, description]
07:31:19.945 [main] WARN  [] o.s.c.a.AnnotationTypeMapping - Support for convention-based annotation attribute overrides is deprecated and will be removed in Spring Framework 7.0. Please annotate the following attributes in @com.gymapp.openapi.annotation.operation.UpdateOperation with appropriate @AliasFor declarations: [description]
07:31:19.975 [main] WARN  [] o.s.c.a.AnnotationTypeMapping - Support for convention-based annotation attribute overrides is deprecated and will be removed in Spring Framework 7.0. Please annotate the following attributes in @com.gymapp.openapi.annotation.operation.DeleteOperation with appropriate @AliasFor declarations: [summary, description]
07:31:19.988 [main] WARN  [] o.s.c.a.AnnotationTypeMapping - Support for convention-based annotation attribute overrides is deprecated and will be removed in Spring Framework 7.0. Please annotate the following attributes in @com.gymapp.openapi.annotation.operation.DeleteOperation with appropriate @AliasFor declarations: [description]
07:31:20.007 [main] WARN  [] o.s.c.a.AnnotationTypeMapping - Support for convention-based annotation attribute overrides is deprecated and will be removed in Spring Framework 7.0. Please annotate the following attributes in @com.gymapp.openapi.annotation.operation.AssignOperation with appropriate @AliasFor declarations: [summary, description]
07:31:20.008 [main] WARN  [] o.s.c.a.AnnotationTypeMapping - Support for convention-based annotation attribute overrides is deprecated and will be removed in Spring Framework 7.0. Please annotate the following attributes in @com.gymapp.openapi.annotation.operation.AssignOperation with appropriate @AliasFor declarations: [description]
07:31:20.027 [main] WARN  [] o.s.c.a.AnnotationTypeMapping - Support for convention-based annotation attribute overrides is deprecated and will be removed in Spring Framework 7.0. Please annotate the following attributes in @com.gymapp.openapi.annotation.operation.SearchTrainingsOperation with appropriate @AliasFor declarations: [summary, description]
07:31:20.028 [main] WARN  [] o.s.c.a.AnnotationTypeMapping - Support for convention-based annotation attribute overrides is deprecated and will be removed in Spring Framework 7.0. Please annotate the following attributes in @com.gymapp.openapi.annotation.operation.SearchTrainingsOperation with appropriate @AliasFor declarations: [description]
07:31:20.045 [main] WARN  [] o.s.c.a.AnnotationTypeMapping - Support for convention-based annotation attribute overrides is deprecated and will be removed in Spring Framework 7.0. Please annotate the following attributes in @com.gymapp.openapi.annotation.operation.ChangeStatusOperation with appropriate @AliasFor declarations: [summary, description]
07:31:20.046 [main] WARN  [] o.s.c.a.AnnotationTypeMapping - Support for convention-based annotation attribute overrides is deprecated and will be removed in Spring Framework 7.0. Please annotate the following attributes in @com.gymapp.openapi.annotation.operation.ChangeStatusOperation with appropriate @AliasFor declarations: [description]
07:31:20.079 [main] WARN  [] o.s.c.a.AnnotationTypeMapping - Support for convention-based annotation attribute overrides is deprecated and will be removed in Spring Framework 7.0. Please annotate the following attributes in @com.gymapp.openapi.annotation.operation.CreateVoidOperation with appropriate @AliasFor declarations: [summary, description]
07:31:20.079 [main] WARN  [] o.s.c.a.AnnotationTypeMapping - Support for convention-based annotation attribute overrides is deprecated and will be removed in Spring Framework 7.0. Please annotate the following attributes in @com.gymapp.openapi.annotation.operation.CreateVoidOperation with appropriate @AliasFor declarations: [description]
07:31:20.099 [main] WARN  [] o.s.c.a.AnnotationTypeMapping - Support for convention-based annotation attribute overrides is deprecated and will be removed in Spring Framework 7.0. Please annotate the following attributes in @com.gymapp.openapi.annotation.operation.GetAllOperation with appropriate @AliasFor declarations: [summary, description]
07:31:20.100 [main] WARN  [] o.s.c.a.AnnotationTypeMapping - Support for convention-based annotation attribute overrides is deprecated and will be removed in Spring Framework 7.0. Please annotate the following attributes in @com.gymapp.openapi.annotation.operation.GetAllOperation with appropriate @AliasFor declarations: [description]
07:31:24.273 [main] WARN  [] org.hibernate.orm.deprecation - HHH90000025: PostgreSQLDialect does not need to be specified explicitly using 'hibernate.dialect' (remove the property setting and it will be selected by default)
07:31:26.915 [main] WARN  [] o.s.b.a.o.j.JpaBaseConfiguration$JpaWebConfiguration - spring.jpa.open-in-view is enabled by default. Therefore, database queries may be performed during view rendering. Explicitly configure spring.jpa.open-in-view to disable this warning
07:31:27.886 [main] WARN  [] o.s.c.events.SpringDocAppInitializer - SpringDoc /v3/api-docs endpoint is enabled by default. To disable it in production, set the property 'springdoc.api-docs.enabled=false'
07:31:27.886 [main] WARN  [] o.s.c.events.SpringDocAppInitializer - SpringDoc /swagger-ui.html endpoint is enabled by default. To disable it in production, set the property 'springdoc.swagger-ui.enabled=false'
08:02:30.193 [main] WARN  [] o.s.c.a.AnnotationTypeMapping - Support for convention-based annotation attribute overrides is deprecated and will be removed in Spring Framework 7.0. Please annotate the following attributes in @com.gymapp.openapi.annotation.operation.LoginOperation with appropriate @AliasFor declarations: [summary, description]
08:02:30.206 [main] WARN  [] o.s.c.a.AnnotationTypeMapping - Support for convention-based annotation attribute overrides is deprecated and will be removed in Spring Framework 7.0. Please annotate the following attributes in @com.gymapp.openapi.annotation.operation.LoginOperation with appropriate @AliasFor declarations: [description]
08:02:30.252 [main] WARN  [] o.s.c.a.AnnotationTypeMapping - Support for convention-based annotation attribute overrides is deprecated and will be removed in Spring Framework 7.0. Please annotate the following attributes in @com.gymapp.openapi.annotation.operation.ChangePasswordOperation with appropriate @AliasFor declarations: [summary, description]
08:02:30.254 [main] WARN  [] o.s.c.a.AnnotationTypeMapping - Support for convention-based annotation attribute overrides is deprecated and will be removed in Spring Framework 7.0. Please annotate the following attributes in @com.gymapp.openapi.annotation.operation.ChangePasswordOperation with appropriate @AliasFor declarations: [description]
08:02:30.307 [main] WARN  [] o.s.c.a.AnnotationTypeMapping - Support for convention-based annotation attribute overrides is deprecated and will be removed in Spring Framework 7.0. Please annotate the following attributes in @com.gymapp.openapi.annotation.operation.CreateOperation with appropriate @AliasFor declarations: [summary, description]
08:02:30.317 [main] WARN  [] o.s.c.a.AnnotationTypeMapping - Support for convention-based annotation attribute overrides is deprecated and will be removed in Spring Framework 7.0. Please annotate the following attributes in @com.gymapp.openapi.annotation.operation.CreateOperation with appropriate @AliasFor declarations: [description]
08:02:30.344 [main] WARN  [] o.s.c.a.AnnotationTypeMapping - Support for convention-based annotation attribute overrides is deprecated and will be removed in Spring Framework 7.0. Please annotate the following attributes in @com.gymapp.openapi.annotation.operation.GetByIdOperation with appropriate @AliasFor declarations: [summary, description]
08:02:30.345 [main] WARN  [] o.s.c.a.AnnotationTypeMapping - Support for convention-based annotation attribute overrides is deprecated and will be removed in Spring Framework 7.0. Please annotate the following attributes in @com.gymapp.openapi.annotation.operation.GetByIdOperation with appropriate @AliasFor declarations: [description]
08:02:30.366 [main] WARN  [] o.s.c.a.AnnotationTypeMapping - Support for convention-based annotation attribute overrides is deprecated and will be removed in Spring Framework 7.0. Please annotate the following attributes in @com.gymapp.openapi.annotation.operation.UpdateOperation with appropriate @AliasFor declarations: [summary, description]
08:02:30.367 [main] WARN  [] o.s.c.a.AnnotationTypeMapping - Support for convention-based annotation attribute overrides is deprecated and will be removed in Spring Framework 7.0. Please annotate the following attributes in @com.gymapp.openapi.annotation.operation.UpdateOperation with appropriate @AliasFor declarations: [description]
08:02:30.385 [main] WARN  [] o.s.c.a.AnnotationTypeMapping - Support for convention-based annotation attribute overrides is deprecated and will be removed in Spring Framework 7.0. Please annotate the following attributes in @com.gymapp.openapi.annotation.operation.DeleteOperation with appropriate @AliasFor declarations: [summary, description]
08:02:30.392 [main] WARN  [] o.s.c.a.AnnotationTypeMapping - Support for convention-based annotation attribute overrides is deprecated and will be removed in Spring Framework 7.0. Please annotate the following attributes in @com.gymapp.openapi.annotation.operation.DeleteOperation with appropriate @AliasFor declarations: [description]
08:02:30.423 [main] WARN  [] o.s.c.a.AnnotationTypeMapping - Support for convention-based annotation attribute overrides is deprecated and will be removed in Spring Framework 7.0. Please annotate the following attributes in @com.gymapp.openapi.annotation.operation.AssignOperation with appropriate @AliasFor declarations: [summary, description]
08:02:30.424 [main] WARN  [] o.s.c.a.AnnotationTypeMapping - Support for convention-based annotation attribute overrides is deprecated and will be removed in Spring Framework 7.0. Please annotate the following attributes in @com.gymapp.openapi.annotation.operation.AssignOperation with appropriate @AliasFor declarations: [description]
08:02:30.468 [main] WARN  [] o.s.c.a.AnnotationTypeMapping - Support for convention-based annotation attribute overrides is deprecated and will be removed in Spring Framework 7.0. Please annotate the following attributes in @com.gymapp.openapi.annotation.operation.SearchTrainingsOperation with appropriate @AliasFor declarations: [summary, description]
08:02:30.468 [main] WARN  [] o.s.c.a.AnnotationTypeMapping - Support for convention-based annotation attribute overrides is deprecated and will be removed in Spring Framework 7.0. Please annotate the following attributes in @com.gymapp.openapi.annotation.operation.SearchTrainingsOperation with appropriate @AliasFor declarations: [description]
08:02:30.482 [main] WARN  [] o.s.c.a.AnnotationTypeMapping - Support for convention-based annotation attribute overrides is deprecated and will be removed in Spring Framework 7.0. Please annotate the following attributes in @com.gymapp.openapi.annotation.operation.ChangeStatusOperation with appropriate @AliasFor declarations: [summary, description]
08:02:30.482 [main] WARN  [] o.s.c.a.AnnotationTypeMapping - Support for convention-based annotation attribute overrides is deprecated and will be removed in Spring Framework 7.0. Please annotate the following attributes in @com.gymapp.openapi.annotation.operation.ChangeStatusOperation with appropriate @AliasFor declarations: [description]
08:02:30.513 [main] WARN  [] o.s.c.a.AnnotationTypeMapping - Support for convention-based annotation attribute overrides is deprecated and will be removed in Spring Framework 7.0. Please annotate the following attributes in @com.gymapp.openapi.annotation.operation.CreateVoidOperation with appropriate @AliasFor declarations: [summary, description]
08:02:30.513 [main] WARN  [] o.s.c.a.AnnotationTypeMapping - Support for convention-based annotation attribute overrides is deprecated and will be removed in Spring Framework 7.0. Please annotate the following attributes in @com.gymapp.openapi.annotation.operation.CreateVoidOperation with appropriate @AliasFor declarations: [description]
08:02:30.534 [main] WARN  [] o.s.c.a.AnnotationTypeMapping - Support for convention-based annotation attribute overrides is deprecated and will be removed in Spring Framework 7.0. Please annotate the following attributes in @com.gymapp.openapi.annotation.operation.GetAllOperation with appropriate @AliasFor declarations: [summary, description]
08:02:30.535 [main] WARN  [] o.s.c.a.AnnotationTypeMapping - Support for convention-based annotation attribute overrides is deprecated and will be removed in Spring Framework 7.0. Please annotate the following attributes in @com.gymapp.openapi.annotation.operation.GetAllOperation with appropriate @AliasFor declarations: [description]
08:02:34.658 [main] WARN  [] org.hibernate.orm.deprecation - HHH90000025: PostgreSQLDialect does not need to be specified explicitly using 'hibernate.dialect' (remove the property setting and it will be selected by default)
08:02:42.867 [main] WARN  [] o.s.b.a.o.j.JpaBaseConfiguration$JpaWebConfiguration - spring.jpa.open-in-view is enabled by default. Therefore, database queries may be performed during view rendering. Explicitly configure spring.jpa.open-in-view to disable this warning
08:02:44.606 [main] WARN  [] o.s.c.events.SpringDocAppInitializer - SpringDoc /v3/api-docs endpoint is enabled by default. To disable it in production, set the property 'springdoc.api-docs.enabled=false'
08:02:44.606 [main] WARN  [] o.s.c.events.SpringDocAppInitializer - SpringDoc /swagger-ui.html endpoint is enabled by default. To disable it in production, set the property 'springdoc.swagger-ui.enabled=false'
08:04:10.448 [http-nio-8080-exec-7] WARN  [c2fb37e6-834c-4b15-8990-cabe8a060d76] com.gymapp.service.core.AuthManager - Authentication failed: user string not found
08:04:10.448 [http-nio-8080-exec-7] WARN  [c2fb37e6-834c-4b15-8990-cabe8a060d76] c.gymapp.exception.ExceptionLogger - Bad request at /api/v1/auth/login: Invalid username or password
08:04:30.060 [http-nio-8080-exec-4] WARN  [993e2f7f-5fc4-444d-a93f-a43f79a1502a] com.gymapp.service.core.AuthManager - Authentication failed: user admin not found
08:04:30.060 [http-nio-8080-exec-4] WARN  [993e2f7f-5fc4-444d-a93f-a43f79a1502a] c.gymapp.exception.ExceptionLogger - Bad request at /api/v1/auth/login: Invalid username or password
08:08:29.988 [http-nio-8080-exec-3] WARN  [b9c38e46-bac2-4e9a-afa2-074dbccfe7c3] c.gymapp.exception.ExceptionLogger - Bad request at /api/v1/trainers: A trainee with the same first name and last name already exists.
08:09:17.196 [http-nio-8080-exec-5] ERROR [0848e96f-d7ad-45e8-9c02-f84c9b23e048] c.gymapp.exception.ExceptionLogger - Unexpected error at /api/v1/trainers: TrainingType no encontrado
java.lang.RuntimeException: TrainingType no encontrado
	at com.gymapp.service.trainer.factory.TrainerFactory.lambda$create$0(TrainerFactory.java:56)
	at java.base/java.util.Optional.orElseThrow(Optional.java:403)
	at com.gymapp.service.trainer.factory.TrainerFactory.create(TrainerFactory.java:56)
	at com.gymapp.service.trainer.TrainerServiceImpl.register(TrainerServiceImpl.java:47)
	at java.base/jdk.internal.reflect.DirectMethodHandleAccessor.invoke(DirectMethodHandleAccessor.java:103)
	at java.base/java.lang.reflect.Method.invoke(Method.java:580)
	at org.springframework.aop.support.AopUtils.invokeJoinpointUsingReflection(AopUtils.java:360)
	at org.springframework.aop.framework.ReflectiveMethodInvocation.invokeJoinpoint(ReflectiveMethodInvocation.java:196)
	at org.springframework.aop.framework.ReflectiveMethodInvocation.proceed(ReflectiveMethodInvocation.java:163)
	at org.springframework.transaction.interceptor.TransactionAspectSupport.invokeWithinTransaction(TransactionAspectSupport.java:380)
	at org.springframework.transaction.interceptor.TransactionInterceptor.invoke(TransactionInterceptor.java:119)
	at org.springframework.aop.framework.ReflectiveMethodInvocation.proceed(ReflectiveMethodInvocation.java:184)
	at org.springframework.aop.framework.CglibAopProxy$DynamicAdvisedInterceptor.intercept(CglibAopProxy.java:728)
	at com.gymapp.service.trainer.TrainerServiceImpl$$SpringCGLIB$$0.register(<generated>)
	at com.gymapp.controller.TrainerController.register(TrainerController.java:39)
	at java.base/jdk.internal.reflect.DirectMethodHandleAccessor.invoke(DirectMethodHandleAccessor.java:103)
	at java.base/java.lang.reflect.Method.invoke(Method.java:580)
	at org.springframework.web.method.support.InvocableHandlerMethod.doInvoke(InvocableHandlerMethod.java:258)
	at org.springframework.web.method.support.InvocableHandlerMethod.invokeForRequest(InvocableHandlerMethod.java:191)
	at org.springframework.web.servlet.mvc.method.annotation.ServletInvocableHandlerMethod.invokeAndHandle(ServletInvocableHandlerMethod.java:118)
	at org.springframework.web.servlet.mvc.method.annotation.RequestMappingHandlerAdapter.invokeHandlerMethod(RequestMappingHandlerAdapter.java:991)
	at org.springframework.web.servlet.mvc.method.annotation.RequestMappingHandlerAdapter.handleInternal(RequestMappingHandlerAdapter.java:896)
	at org.springframework.web.servlet.mvc.method.AbstractHandlerMethodAdapter.handle(AbstractHandlerMethodAdapter.java:87)
	at org.springframework.web.servlet.DispatcherServlet.doDispatch(DispatcherServlet.java:1089)
	at org.springframework.web.servlet.DispatcherServlet.doService(DispatcherServlet.java:979)
	at org.springframework.web.servlet.FrameworkServlet.processRequest(FrameworkServlet.java:1014)
	at org.springframework.web.servlet.FrameworkServlet.doPost(FrameworkServlet.java:914)
	at jakarta.servlet.http.HttpServlet.service(HttpServlet.java:590)
	at org.springframework.web.servlet.FrameworkServlet.service(FrameworkServlet.java:885)
	at jakarta.servlet.http.HttpServlet.service(HttpServlet.java:658)
	at org.apache.catalina.core.ApplicationFilterChain.internalDoFilter(ApplicationFilterChain.java:193)
	at org.apache.catalina.core.ApplicationFilterChain.doFilter(ApplicationFilterChain.java:138)
	at org.apache.tomcat.websocket.server.WsFilter.doFilter(WsFilter.java:51)
	at org.apache.catalina.core.ApplicationFilterChain.internalDoFilter(ApplicationFilterChain.java:162)
	at org.apache.catalina.core.ApplicationFilterChain.doFilter(ApplicationFilterChain.java:138)
	at org.springframework.web.filter.RequestContextFilter.doFilterInternal(RequestContextFilter.java:100)
	at org.springframework.web.filter.OncePerRequestFilter.doFilter(OncePerRequestFilter.java:116)
	at org.apache.catalina.core.ApplicationFilterChain.internalDoFilter(ApplicationFilterChain.java:162)
	at org.apache.catalina.core.ApplicationFilterChain.doFilter(ApplicationFilterChain.java:138)
	at org.springframework.web.filter.FormContentFilter.doFilterInternal(FormContentFilter.java:93)
	at org.springframework.web.filter.OncePerRequestFilter.doFilter(OncePerRequestFilter.java:116)
	at org.apache.catalina.core.ApplicationFilterChain.internalDoFilter(ApplicationFilterChain.java:162)
	at org.apache.catalina.core.ApplicationFilterChain.doFilter(ApplicationFilterChain.java:138)
	at org.springframework.web.filter.ServerHttpObservationFilter.doFilterInternal(ServerHttpObservationFilter.java:110)
	at org.springframework.web.filter.OncePerRequestFilter.doFilter(OncePerRequestFilter.java:116)
	at org.apache.catalina.core.ApplicationFilterChain.internalDoFilter(ApplicationFilterChain.java:162)
	at org.apache.catalina.core.ApplicationFilterChain.doFilter(ApplicationFilterChain.java:138)
	at org.springframework.web.filter.CharacterEncodingFilter.doFilterInternal(CharacterEncodingFilter.java:201)
	at org.springframework.web.filter.OncePerRequestFilter.doFilter(OncePerRequestFilter.java:116)
	at org.apache.catalina.core.ApplicationFilterChain.internalDoFilter(ApplicationFilterChain.java:162)
	at org.apache.catalina.core.ApplicationFilterChain.doFilter(ApplicationFilterChain.java:138)
	at org.apache.catalina.core.StandardWrapperValve.invoke(StandardWrapperValve.java:165)
	at org.apache.catalina.core.StandardContextValve.invoke(StandardContextValve.java:88)
	at org.apache.catalina.authenticator.AuthenticatorBase.invoke(AuthenticatorBase.java:482)
	at org.apache.catalina.core.StandardHostValve.invoke(StandardHostValve.java:113)
	at org.apache.catalina.valves.ErrorReportValve.invoke(ErrorReportValve.java:83)
	at org.apache.catalina.core.StandardEngineValve.invoke(StandardEngineValve.java:72)
	at org.apache.catalina.connector.CoyoteAdapter.service(CoyoteAdapter.java:342)
	at org.apache.coyote.http11.Http11Processor.service(Http11Processor.java:399)
	at org.apache.coyote.AbstractProcessorLight.process(AbstractProcessorLight.java:63)
	at org.apache.coyote.AbstractProtocol$ConnectionHandler.process(AbstractProtocol.java:903)
	at org.apache.tomcat.util.net.NioEndpoint$SocketProcessor.doRun(NioEndpoint.java:1774)
	at org.apache.tomcat.util.net.SocketProcessorBase.run(SocketProcessorBase.java:52)
	at org.apache.tomcat.util.threads.ThreadPoolExecutor.runWorker(ThreadPoolExecutor.java:973)
	at org.apache.tomcat.util.threads.ThreadPoolExecutor$Worker.run(ThreadPoolExecutor.java:491)
	at org.apache.tomcat.util.threads.TaskThread$WrappingRunnable.run(TaskThread.java:63)
	at java.base/java.lang.Thread.run(Thread.java:1583)
08:11:38.719 [http-nio-8080-exec-10] WARN  [d55d7653-480d-4b8d-bc30-770c04afb6b2] c.g.i.AuthenticationInterceptor - Missing or invalid credentials for path: /api/v1/trainers/admin.admin1
08:11:46.551 [http-nio-8080-exec-9] WARN  [f4fb3331-c0b4-4b5f-afab-7f4e6fc48bcf] c.g.i.AuthenticationInterceptor - Missing or invalid credentials for path: /api/v1/trainers/admin.admin
08:12:34.610 [http-nio-8080-exec-7] WARN  [cd43495c-9d18-4b0a-ab16-a16d56a44a12] o.s.s.c.bcrypt.BCryptPasswordEncoder - Encoded password does not look like BCrypt
08:12:34.610 [http-nio-8080-exec-7] WARN  [cd43495c-9d18-4b0a-ab16-a16d56a44a12] c.gymapp.exception.ExceptionLogger - Bad request at /api/v1/auth/login: Contraseña incorrecta
08:12:51.871 [http-nio-8080-exec-4] WARN  [3e7e1851-71a8-4eee-be03-fcaca8375d5f] o.s.s.c.bcrypt.BCryptPasswordEncoder - Encoded password does not look like BCrypt
08:12:51.875 [http-nio-8080-exec-4] WARN  [3e7e1851-71a8-4eee-be03-fcaca8375d5f] c.gymapp.exception.ExceptionLogger - Bad request at /api/v1/auth/login: Contraseña incorrecta
08:13:49.222 [http-nio-8080-exec-6] WARN  [245434d4-7e48-46e5-8db2-a6a9285342fd] o.s.s.c.bcrypt.BCryptPasswordEncoder - Encoded password does not look like BCrypt
08:13:49.222 [http-nio-8080-exec-6] WARN  [245434d4-7e48-46e5-8db2-a6a9285342fd] c.gymapp.exception.ExceptionLogger - Bad request at /api/v1/auth/login: Contraseña incorrecta
08:28:01.361 [main] WARN  [] o.s.c.a.AnnotationTypeMapping - Support for convention-based annotation attribute overrides is deprecated and will be removed in Spring Framework 7.0. Please annotate the following attributes in @com.gymapp.openapi.annotation.operation.LoginOperation with appropriate @AliasFor declarations: [summary, description]
08:28:01.368 [main] WARN  [] o.s.c.a.AnnotationTypeMapping - Support for convention-based annotation attribute overrides is deprecated and will be removed in Spring Framework 7.0. Please annotate the following attributes in @com.gymapp.openapi.annotation.operation.LoginOperation with appropriate @AliasFor declarations: [description]
08:28:01.377 [main] WARN  [] o.s.c.a.AnnotationTypeMapping - Support for convention-based annotation attribute overrides is deprecated and will be removed in Spring Framework 7.0. Please annotate the following attributes in @com.gymapp.openapi.annotation.operation.ChangePasswordOperation with appropriate @AliasFor declarations: [summary, description]
08:28:01.378 [main] WARN  [] o.s.c.a.AnnotationTypeMapping - Support for convention-based annotation attribute overrides is deprecated and will be removed in Spring Framework 7.0. Please annotate the following attributes in @com.gymapp.openapi.annotation.operation.ChangePasswordOperation with appropriate @AliasFor declarations: [description]
08:28:01.382 [main] WARN  [] o.s.c.a.AnnotationTypeMapping - Support for convention-based annotation attribute overrides is deprecated and will be removed in Spring Framework 7.0. Please annotate the following attributes in @com.gymapp.openapi.annotation.operation.CreateOperation with appropriate @AliasFor declarations: [summary, description]
08:28:01.384 [main] WARN  [] o.s.c.a.AnnotationTypeMapping - Support for convention-based annotation attribute overrides is deprecated and will be removed in Spring Framework 7.0. Please annotate the following attributes in @com.gymapp.openapi.annotation.operation.CreateOperation with appropriate @AliasFor declarations: [description]
08:28:01.386 [main] WARN  [] o.s.c.a.AnnotationTypeMapping - Support for convention-based annotation attribute overrides is deprecated and will be removed in Spring Framework 7.0. Please annotate the following attributes in @com.gymapp.openapi.annotation.operation.GetByIdOperation with appropriate @AliasFor declarations: [summary, description]
08:28:01.387 [main] WARN  [] o.s.c.a.AnnotationTypeMapping - Support for convention-based annotation attribute overrides is deprecated and will be removed in Spring Framework 7.0. Please annotate the following attributes in @com.gymapp.openapi.annotation.operation.GetByIdOperation with appropriate @AliasFor declarations: [description]
08:28:01.391 [main] WARN  [] o.s.c.a.AnnotationTypeMapping - Support for convention-based annotation attribute overrides is deprecated and will be removed in Spring Framework 7.0. Please annotate the following attributes in @com.gymapp.openapi.annotation.operation.UpdateOperation with appropriate @AliasFor declarations: [summary, description]
08:28:01.391 [main] WARN  [] o.s.c.a.AnnotationTypeMapping - Support for convention-based annotation attribute overrides is deprecated and will be removed in Spring Framework 7.0. Please annotate the following attributes in @com.gymapp.openapi.annotation.operation.UpdateOperation with appropriate @AliasFor declarations: [description]
08:28:01.393 [main] WARN  [] o.s.c.a.AnnotationTypeMapping - Support for convention-based annotation attribute overrides is deprecated and will be removed in Spring Framework 7.0. Please annotate the following attributes in @com.gymapp.openapi.annotation.operation.DeleteOperation with appropriate @AliasFor declarations: [summary, description]
08:28:01.394 [main] WARN  [] o.s.c.a.AnnotationTypeMapping - Support for convention-based annotation attribute overrides is deprecated and will be removed in Spring Framework 7.0. Please annotate the following attributes in @com.gymapp.openapi.annotation.operation.DeleteOperation with appropriate @AliasFor declarations: [description]
08:28:01.397 [main] WARN  [] o.s.c.a.AnnotationTypeMapping - Support for convention-based annotation attribute overrides is deprecated and will be removed in Spring Framework 7.0. Please annotate the following attributes in @com.gymapp.openapi.annotation.operation.AssignOperation with appropriate @AliasFor declarations: [summary, description]
08:28:01.397 [main] WARN  [] o.s.c.a.AnnotationTypeMapping - Support for convention-based annotation attribute overrides is deprecated and will be removed in Spring Framework 7.0. Please annotate the following attributes in @com.gymapp.openapi.annotation.operation.AssignOperation with appropriate @AliasFor declarations: [description]
08:28:01.398 [main] WARN  [] o.s.c.a.AnnotationTypeMapping - Support for convention-based annotation attribute overrides is deprecated and will be removed in Spring Framework 7.0. Please annotate the following attributes in @com.gymapp.openapi.annotation.operation.SearchTrainingsOperation with appropriate @AliasFor declarations: [summary, description]
08:28:01.399 [main] WARN  [] o.s.c.a.AnnotationTypeMapping - Support for convention-based annotation attribute overrides is deprecated and will be removed in Spring Framework 7.0. Please annotate the following attributes in @com.gymapp.openapi.annotation.operation.SearchTrainingsOperation with appropriate @AliasFor declarations: [description]
08:28:01.401 [main] WARN  [] o.s.c.a.AnnotationTypeMapping - Support for convention-based annotation attribute overrides is deprecated and will be removed in Spring Framework 7.0. Please annotate the following attributes in @com.gymapp.openapi.annotation.operation.ChangeStatusOperation with appropriate @AliasFor declarations: [summary, description]
08:28:01.401 [main] WARN  [] o.s.c.a.AnnotationTypeMapping - Support for convention-based annotation attribute overrides is deprecated and will be removed in Spring Framework 7.0. Please annotate the following attributes in @com.gymapp.openapi.annotation.operation.ChangeStatusOperation with appropriate @AliasFor declarations: [description]
08:28:01.404 [main] WARN  [] o.s.c.a.AnnotationTypeMapping - Support for convention-based annotation attribute overrides is deprecated and will be removed in Spring Framework 7.0. Please annotate the following attributes in @com.gymapp.openapi.annotation.operation.CreateVoidOperation with appropriate @AliasFor declarations: [summary, description]
08:28:01.404 [main] WARN  [] o.s.c.a.AnnotationTypeMapping - Support for convention-based annotation attribute overrides is deprecated and will be removed in Spring Framework 7.0. Please annotate the following attributes in @com.gymapp.openapi.annotation.operation.CreateVoidOperation with appropriate @AliasFor declarations: [description]
08:28:01.406 [main] WARN  [] o.s.c.a.AnnotationTypeMapping - Support for convention-based annotation attribute overrides is deprecated and will be removed in Spring Framework 7.0. Please annotate the following attributes in @com.gymapp.openapi.annotation.operation.GetAllOperation with appropriate @AliasFor declarations: [summary, description]
08:28:01.406 [main] WARN  [] o.s.c.a.AnnotationTypeMapping - Support for convention-based annotation attribute overrides is deprecated and will be removed in Spring Framework 7.0. Please annotate the following attributes in @com.gymapp.openapi.annotation.operation.GetAllOperation with appropriate @AliasFor declarations: [description]
08:28:04.036 [main] WARN  [] org.hibernate.orm.deprecation - HHH90000025: PostgreSQLDialect does not need to be specified explicitly using 'hibernate.dialect' (remove the property setting and it will be selected by default)
08:28:05.900 [main] WARN  [] o.s.b.a.o.j.JpaBaseConfiguration$JpaWebConfiguration - spring.jpa.open-in-view is enabled by default. Therefore, database queries may be performed during view rendering. Explicitly configure spring.jpa.open-in-view to disable this warning
08:28:06.549 [main] WARN  [] o.s.c.events.SpringDocAppInitializer - SpringDoc /v3/api-docs endpoint is enabled by default. To disable it in production, set the property 'springdoc.api-docs.enabled=false'
08:28:06.549 [main] WARN  [] o.s.c.events.SpringDocAppInitializer - SpringDoc /swagger-ui.html endpoint is enabled by default. To disable it in production, set the property 'springdoc.swagger-ui.enabled=false'
08:42:31.497 [main] WARN  [] o.s.c.a.AnnotationTypeMapping - Support for convention-based annotation attribute overrides is deprecated and will be removed in Spring Framework 7.0. Please annotate the following attributes in @com.gymapp.openapi.annotation.operation.LoginOperation with appropriate @AliasFor declarations: [summary, description]
08:42:31.514 [main] WARN  [] o.s.c.a.AnnotationTypeMapping - Support for convention-based annotation attribute overrides is deprecated and will be removed in Spring Framework 7.0. Please annotate the following attributes in @com.gymapp.openapi.annotation.operation.LoginOperation with appropriate @AliasFor declarations: [description]
08:42:31.583 [main] WARN  [] o.s.c.a.AnnotationTypeMapping - Support for convention-based annotation attribute overrides is deprecated and will be removed in Spring Framework 7.0. Please annotate the following attributes in @com.gymapp.openapi.annotation.operation.ChangePasswordOperation with appropriate @AliasFor declarations: [summary, description]
08:42:31.585 [main] WARN  [] o.s.c.a.AnnotationTypeMapping - Support for convention-based annotation attribute overrides is deprecated and will be removed in Spring Framework 7.0. Please annotate the following attributes in @com.gymapp.openapi.annotation.operation.ChangePasswordOperation with appropriate @AliasFor declarations: [description]
08:42:31.640 [main] WARN  [] o.s.c.a.AnnotationTypeMapping - Support for convention-based annotation attribute overrides is deprecated and will be removed in Spring Framework 7.0. Please annotate the following attributes in @com.gymapp.openapi.annotation.operation.CreateOperation with appropriate @AliasFor declarations: [summary, description]
08:42:31.653 [main] WARN  [] o.s.c.a.AnnotationTypeMapping - Support for convention-based annotation attribute overrides is deprecated and will be removed in Spring Framework 7.0. Please annotate the following attributes in @com.gymapp.openapi.annotation.operation.CreateOperation with appropriate @AliasFor declarations: [description]
08:42:31.657 [main] WARN  [] o.s.c.a.AnnotationTypeMapping - Support for convention-based annotation attribute overrides is deprecated and will be removed in Spring Framework 7.0. Please annotate the following attributes in @com.gymapp.openapi.annotation.operation.GetByIdOperation with appropriate @AliasFor declarations: [summary, description]
08:42:31.658 [main] WARN  [] o.s.c.a.AnnotationTypeMapping - Support for convention-based annotation attribute overrides is deprecated and will be removed in Spring Framework 7.0. Please annotate the following attributes in @com.gymapp.openapi.annotation.operation.GetByIdOperation with appropriate @AliasFor declarations: [description]
08:42:31.674 [main] WARN  [] o.s.c.a.AnnotationTypeMapping - Support for convention-based annotation attribute overrides is deprecated and will be removed in Spring Framework 7.0. Please annotate the following attributes in @com.gymapp.openapi.annotation.operation.UpdateOperation with appropriate @AliasFor declarations: [summary, description]
08:42:31.675 [main] WARN  [] o.s.c.a.AnnotationTypeMapping - Support for convention-based annotation attribute overrides is deprecated and will be removed in Spring Framework 7.0. Please annotate the following attributes in @com.gymapp.openapi.annotation.operation.UpdateOperation with appropriate @AliasFor declarations: [description]
08:42:31.703 [main] WARN  [] o.s.c.a.AnnotationTypeMapping - Support for convention-based annotation attribute overrides is deprecated and will be removed in Spring Framework 7.0. Please annotate the following attributes in @com.gymapp.openapi.annotation.operation.DeleteOperation with appropriate @AliasFor declarations: [summary, description]
08:42:31.705 [main] WARN  [] o.s.c.a.AnnotationTypeMapping - Support for convention-based annotation attribute overrides is deprecated and will be removed in Spring Framework 7.0. Please annotate the following attributes in @com.gymapp.openapi.annotation.operation.DeleteOperation with appropriate @AliasFor declarations: [description]
08:42:31.741 [main] WARN  [] o.s.c.a.AnnotationTypeMapping - Support for convention-based annotation attribute overrides is deprecated and will be removed in Spring Framework 7.0. Please annotate the following attributes in @com.gymapp.openapi.annotation.operation.AssignOperation with appropriate @AliasFor declarations: [summary, description]
08:42:31.741 [main] WARN  [] o.s.c.a.AnnotationTypeMapping - Support for convention-based annotation attribute overrides is deprecated and will be removed in Spring Framework 7.0. Please annotate the following attributes in @com.gymapp.openapi.annotation.operation.AssignOperation with appropriate @AliasFor declarations: [description]
08:42:31.769 [main] WARN  [] o.s.c.a.AnnotationTypeMapping - Support for convention-based annotation attribute overrides is deprecated and will be removed in Spring Framework 7.0. Please annotate the following attributes in @com.gymapp.openapi.annotation.operation.SearchTrainingsOperation with appropriate @AliasFor declarations: [summary, description]
08:42:31.769 [main] WARN  [] o.s.c.a.AnnotationTypeMapping - Support for convention-based annotation attribute overrides is deprecated and will be removed in Spring Framework 7.0. Please annotate the following attributes in @com.gymapp.openapi.annotation.operation.SearchTrainingsOperation with appropriate @AliasFor declarations: [description]
08:42:31.787 [main] WARN  [] o.s.c.a.AnnotationTypeMapping - Support for convention-based annotation attribute overrides is deprecated and will be removed in Spring Framework 7.0. Please annotate the following attributes in @com.gymapp.openapi.annotation.operation.ChangeStatusOperation with appropriate @AliasFor declarations: [summary, description]
08:42:31.788 [main] WARN  [] o.s.c.a.AnnotationTypeMapping - Support for convention-based annotation attribute overrides is deprecated and will be removed in Spring Framework 7.0. Please annotate the following attributes in @com.gymapp.openapi.annotation.operation.ChangeStatusOperation with appropriate @AliasFor declarations: [description]
08:42:31.831 [main] WARN  [] o.s.c.a.AnnotationTypeMapping - Support for convention-based annotation attribute overrides is deprecated and will be removed in Spring Framework 7.0. Please annotate the following attributes in @com.gymapp.openapi.annotation.operation.CreateVoidOperation with appropriate @AliasFor declarations: [summary, description]
08:42:31.831 [main] WARN  [] o.s.c.a.AnnotationTypeMapping - Support for convention-based annotation attribute overrides is deprecated and will be removed in Spring Framework 7.0. Please annotate the following attributes in @com.gymapp.openapi.annotation.operation.CreateVoidOperation with appropriate @AliasFor declarations: [description]
08:42:31.878 [main] WARN  [] o.s.c.a.AnnotationTypeMapping - Support for convention-based annotation attribute overrides is deprecated and will be removed in Spring Framework 7.0. Please annotate the following attributes in @com.gymapp.openapi.annotation.operation.GetAllOperation with appropriate @AliasFor declarations: [summary, description]
08:42:31.878 [main] WARN  [] o.s.c.a.AnnotationTypeMapping - Support for convention-based annotation attribute overrides is deprecated and will be removed in Spring Framework 7.0. Please annotate the following attributes in @com.gymapp.openapi.annotation.operation.GetAllOperation with appropriate @AliasFor declarations: [description]
08:42:34.717 [main] WARN  [] org.hibernate.orm.deprecation - HHH90000025: PostgreSQLDialect does not need to be specified explicitly using 'hibernate.dialect' (remove the property setting and it will be selected by default)
08:42:36.514 [main] WARN  [] o.s.b.a.o.j.JpaBaseConfiguration$JpaWebConfiguration - spring.jpa.open-in-view is enabled by default. Therefore, database queries may be performed during view rendering. Explicitly configure spring.jpa.open-in-view to disable this warning
08:42:37.235 [main] WARN  [] o.s.c.events.SpringDocAppInitializer - SpringDoc /v3/api-docs endpoint is enabled by default. To disable it in production, set the property 'springdoc.api-docs.enabled=false'
08:42:37.236 [main] WARN  [] o.s.c.events.SpringDocAppInitializer - SpringDoc /swagger-ui.html endpoint is enabled by default. To disable it in production, set the property 'springdoc.swagger-ui.enabled=false'
