07:31:19.333 [background-preinit] INFO  [] o.h.validator.internal.util.Version - HV000001: Hibernate Validator 8.0.3.Final
07:31:19.394 [main] INFO  [] com.gymapp.GymAppApplication - Starting GymAppApplication using Java 21.0.7 with PID 20348 (C:\Users\ASUS\Desktop\EPAM-COURSE\Spring-boot\spring-rest\target\classes started by ASUS in C:\Users\ASUS\Desktop\EPAM-COURSE\Spring-boot\spring-rest)
07:31:19.395 [main] INFO  [] com.gymapp.GymAppApplication - The following 1 profile is active: "local"
07:31:21.738 [main] INFO  [] o.s.d.r.c.RepositoryConfigurationDelegate - Bootstrapping Spring Data JPA repositories in DEFAULT mode.
07:31:21.856 [main] INFO  [] o.s.d.r.c.RepositoryConfigurationDelegate - Finished Spring Data repository scanning in 104 ms. Found 4 JPA repository interfaces.
07:31:22.786 [main] INFO  [] o.s.b.w.e.tomcat.TomcatWebServer - Tomcat initialized with port 8080 (http)
07:31:22.804 [main] INFO  [] o.a.coyote.http11.Http11NioProtocol - Initializing ProtocolHandler ["http-nio-8080"]
07:31:22.808 [main] INFO  [] o.a.catalina.core.StandardService - Starting service [Tomcat]
07:31:22.809 [main] INFO  [] o.a.catalina.core.StandardEngine - Starting Servlet engine: [Apache Tomcat/10.1.48]
07:31:22.911 [main] INFO  [] o.a.c.c.C.[Tomcat].[localhost].[/] - Initializing Spring embedded WebApplicationContext
07:31:22.912 [main] INFO  [] o.s.b.w.s.c.ServletWebServerApplicationContext - Root WebApplicationContext: initialization completed in 3456 ms
07:31:23.391 [main] INFO  [] o.h.jpa.internal.util.LogHelper - HHH000204: Processing PersistenceUnitInfo [name: default]
07:31:23.482 [main] INFO  [] org.hibernate.Version - HHH000412: Hibernate ORM core version 6.6.33.Final
07:31:23.536 [main] INFO  [] o.h.c.i.RegionFactoryInitiator - HHH000026: Second-level cache disabled
07:31:23.852 [main] INFO  [] o.s.o.j.p.SpringPersistenceUnitInfo - No LoadTimeWeaver setup: ignoring JPA class transformer
07:31:23.876 [main] INFO  [] com.zaxxer.hikari.HikariDataSource - HikariPool-1 - Starting...
07:31:24.210 [main] INFO  [] com.zaxxer.hikari.pool.HikariPool - HikariPool-1 - Added connection org.postgresql.jdbc.PgConnection@7c840fe3
07:31:24.211 [main] INFO  [] com.zaxxer.hikari.HikariDataSource - HikariPool-1 - Start completed.
07:31:24.291 [main] INFO  [] o.hibernate.orm.connections.pooling - HHH10001005: Database info:
	Database JDBC URL [Connecting through datasource 'HikariDataSource (HikariPool-1)']
	Database driver: undefined/unknown
	Database version: 17.5
	Autocommit mode: undefined/unknown
	Isolation level: undefined/unknown
	Minimum pool size: undefined/unknown
	Maximum pool size: undefined/unknown
07:31:25.299 [main] INFO  [] o.h.e.t.j.p.i.JtaPlatformInitiator - HHH000489: No JTA platform available (set 'hibernate.transaction.jta.platform' to enable JTA platform integration)
07:31:25.422 [main] INFO  [] o.s.o.j.LocalContainerEntityManagerFactoryBean - Initialized JPA EntityManagerFactory for persistence unit 'default'
07:31:25.864 [main] INFO  [] o.s.d.j.r.query.QueryEnhancerFactory - Hibernate is in classpath; If applicable, HQL parser will be used.
07:31:27.674 [main] INFO  [] o.s.b.a.e.web.EndpointLinksResolver - Exposing 3 endpoints beneath base path '/actuator'
07:31:27.749 [main] INFO  [] o.a.coyote.http11.Http11NioProtocol - Starting ProtocolHandler ["http-nio-8080"]
07:31:27.763 [main] INFO  [] o.s.b.w.e.tomcat.TomcatWebServer - Tomcat started on port 8080 (http) with context path '/'
07:31:27.780 [main] INFO  [] com.gymapp.GymAppApplication - Started GymAppApplication in 8.835 seconds (process running for 13.917)
07:32:51.175 [SpringApplicationShutdownHook] INFO  [] o.s.b.w.e.tomcat.GracefulShutdown - Commencing graceful shutdown. Waiting for active requests to complete
07:32:51.200 [tomcat-shutdown] INFO  [] o.s.b.w.e.tomcat.GracefulShutdown - Graceful shutdown complete
07:32:51.215 [SpringApplicationShutdownHook] INFO  [] o.s.o.j.LocalContainerEntityManagerFactoryBean - Closing JPA EntityManagerFactory for persistence unit 'default'
07:32:51.219 [SpringApplicationShutdownHook] INFO  [] com.zaxxer.hikari.HikariDataSource - HikariPool-1 - Shutdown initiated...
07:32:51.227 [SpringApplicationShutdownHook] INFO  [] com.zaxxer.hikari.HikariDataSource - HikariPool-1 - Shutdown completed.
08:02:29.908 [background-preinit] INFO  [] o.h.validator.internal.util.Version - HV000001: Hibernate Validator 8.0.3.Final
08:02:29.950 [main] INFO  [] com.gymapp.GymAppApplication - Starting GymAppApplication using Java 21.0.7 with PID 9916 (C:\Users\ASUS\Desktop\EPAM-COURSE\Spring-boot\spring-rest\target\classes started by ASUS in C:\Users\ASUS\Desktop\EPAM-COURSE\Spring-boot\spring-rest)
08:02:29.951 [main] INFO  [] com.gymapp.GymAppApplication - The following 1 profile is active: "local"
08:02:31.968 [main] INFO  [] o.s.d.r.c.RepositoryConfigurationDelegate - Bootstrapping Spring Data JPA repositories in DEFAULT mode.
08:02:32.046 [main] INFO  [] o.s.d.r.c.RepositoryConfigurationDelegate - Finished Spring Data repository scanning in 71 ms. Found 4 JPA repository interfaces.
08:02:32.628 [main] INFO  [] o.s.b.w.e.tomcat.TomcatWebServer - Tomcat initialized with port 8080 (http)
08:02:32.641 [main] INFO  [] o.a.coyote.http11.Http11NioProtocol - Initializing ProtocolHandler ["http-nio-8080"]
08:02:32.645 [main] INFO  [] o.a.catalina.core.StandardService - Starting service [Tomcat]
08:02:32.645 [main] INFO  [] o.a.catalina.core.StandardEngine - Starting Servlet engine: [Apache Tomcat/10.1.48]
08:02:32.702 [main] INFO  [] o.a.c.c.C.[Tomcat].[localhost].[/] - Initializing Spring embedded WebApplicationContext
08:02:32.703 [main] INFO  [] o.s.b.w.s.c.ServletWebServerApplicationContext - Root WebApplicationContext: initialization completed in 2713 ms
08:02:33.121 [main] INFO  [] o.h.jpa.internal.util.LogHelper - HHH000204: Processing PersistenceUnitInfo [name: default]
08:02:33.183 [main] INFO  [] org.hibernate.Version - HHH000412: Hibernate ORM core version 6.6.33.Final
08:02:33.224 [main] INFO  [] o.h.c.i.RegionFactoryInitiator - HHH000026: Second-level cache disabled
08:02:33.770 [main] INFO  [] o.s.o.j.p.SpringPersistenceUnitInfo - No LoadTimeWeaver setup: ignoring JPA class transformer
08:02:33.849 [main] INFO  [] com.zaxxer.hikari.HikariDataSource - HikariPool-1 - Starting...
08:02:34.574 [main] INFO  [] com.zaxxer.hikari.pool.HikariPool - HikariPool-1 - Added connection org.postgresql.jdbc.PgConnection@5f369fc6
08:02:34.577 [main] INFO  [] com.zaxxer.hikari.HikariDataSource - HikariPool-1 - Start completed.
08:02:34.703 [main] INFO  [] o.hibernate.orm.connections.pooling - HHH10001005: Database info:
	Database JDBC URL [Connecting through datasource 'HikariDataSource (HikariPool-1)']
	Database driver: undefined/unknown
	Database version: 17.5
	Autocommit mode: undefined/unknown
	Isolation level: undefined/unknown
	Minimum pool size: undefined/unknown
	Maximum pool size: undefined/unknown
08:02:37.467 [main] INFO  [] o.h.e.t.j.p.i.JtaPlatformInitiator - HHH000489: No JTA platform available (set 'hibernate.transaction.jta.platform' to enable JTA platform integration)
08:02:37.771 [main] INFO  [] o.s.o.j.LocalContainerEntityManagerFactoryBean - Initialized JPA EntityManagerFactory for persistence unit 'default'
08:02:39.316 [main] INFO  [] o.s.d.j.r.query.QueryEnhancerFactory - Hibernate is in classpath; If applicable, HQL parser will be used.
08:02:44.442 [main] INFO  [] o.s.b.a.e.web.EndpointLinksResolver - Exposing 3 endpoints beneath base path '/actuator'
08:02:44.493 [main] INFO  [] o.a.coyote.http11.Http11NioProtocol - Starting ProtocolHandler ["http-nio-8080"]
08:02:44.506 [main] INFO  [] o.s.b.w.e.tomcat.TomcatWebServer - Tomcat started on port 8080 (http) with context path '/'
08:02:44.518 [main] INFO  [] com.gymapp.GymAppApplication - Started GymAppApplication in 14.916 seconds (process running for 24.695)
08:02:47.000 [http-nio-8080-exec-1] INFO  [] o.a.c.c.C.[Tomcat].[localhost].[/] - Initializing Spring DispatcherServlet 'dispatcherServlet'
08:02:47.000 [http-nio-8080-exec-1] INFO  [] o.s.web.servlet.DispatcherServlet - Initializing Servlet 'dispatcherServlet'
08:02:47.015 [http-nio-8080-exec-1] INFO  [] o.s.web.servlet.DispatcherServlet - Completed initialization in 15 ms
08:02:47.067 [http-nio-8080-exec-1] INFO  [b93280de-9325-447e-8a59-01a5dd849433] c.g.interceptor.LoggingInterceptor - Incoming request: GET /swagger-ui.html
08:02:47.200 [http-nio-8080-exec-1] INFO  [b93280de-9325-447e-8a59-01a5dd849433] c.g.interceptor.LoggingInterceptor - Response status: 302
08:02:47.216 [http-nio-8080-exec-2] INFO  [1e725c9b-6450-404e-9eaa-a7c4bb866b88] c.g.interceptor.LoggingInterceptor - Incoming request: GET /swagger-ui/index.html
08:02:47.216 [http-nio-8080-exec-2] INFO  [1e725c9b-6450-404e-9eaa-a7c4bb866b88] c.g.interceptor.LoggingInterceptor - Response status: 304
08:02:47.255 [http-nio-8080-exec-4] INFO  [a7982f60-6948-4066-b994-9794d4e1607a] c.g.interceptor.LoggingInterceptor - Incoming request: GET /swagger-ui/swagger-initializer.js
08:02:47.256 [http-nio-8080-exec-5] INFO  [b2dc5489-0d02-4cd5-a2ec-3fee47a92ea4] c.g.interceptor.LoggingInterceptor - Incoming request: GET /swagger-ui/index.css
08:02:47.256 [http-nio-8080-exec-9] INFO  [6cb4c7e9-e55c-4b88-9586-573c4cf78624] c.g.interceptor.LoggingInterceptor - Incoming request: GET /swagger-ui/swagger-ui-standalone-preset.js
08:02:47.255 [http-nio-8080-exec-10] INFO  [719d5163-1dd0-4dfc-9ede-7b72b28266a4] c.g.interceptor.LoggingInterceptor - Incoming request: GET /swagger-ui/swagger-ui.css
08:02:47.258 [http-nio-8080-exec-7] INFO  [151ee950-e0dd-4ff9-b702-e07b91503ea4] c.g.interceptor.LoggingInterceptor - Incoming request: GET /swagger-ui/swagger-ui-bundle.js
08:02:47.259 [http-nio-8080-exec-10] INFO  [719d5163-1dd0-4dfc-9ede-7b72b28266a4] c.g.interceptor.LoggingInterceptor - Response status: 304
08:02:47.261 [http-nio-8080-exec-9] INFO  [6cb4c7e9-e55c-4b88-9586-573c4cf78624] c.g.interceptor.LoggingInterceptor - Response status: 304
08:02:47.261 [http-nio-8080-exec-5] INFO  [b2dc5489-0d02-4cd5-a2ec-3fee47a92ea4] c.g.interceptor.LoggingInterceptor - Response status: 304
08:02:47.262 [http-nio-8080-exec-7] INFO  [151ee950-e0dd-4ff9-b702-e07b91503ea4] c.g.interceptor.LoggingInterceptor - Response status: 304
08:02:47.324 [http-nio-8080-exec-4] INFO  [a7982f60-6948-4066-b994-9794d4e1607a] c.g.interceptor.LoggingInterceptor - Response status: 200
08:02:47.431 [http-nio-8080-exec-6] INFO  [27446299-24e8-4719-903b-fcdb1ae4b019] c.g.interceptor.LoggingInterceptor - Incoming request: GET /v3/api-docs/swagger-config
08:02:47.442 [http-nio-8080-exec-6] INFO  [27446299-24e8-4719-903b-fcdb1ae4b019] c.g.interceptor.LoggingInterceptor - Response status: 200
08:02:47.461 [http-nio-8080-exec-8] INFO  [efb09783-f327-4690-8754-63965d9dd7bc] c.g.interceptor.LoggingInterceptor - Incoming request: GET /swagger-ui/favicon-32x32.png
08:02:47.462 [http-nio-8080-exec-3] INFO  [d56f836a-17df-4244-9b0e-145c0ba984cd] c.g.interceptor.LoggingInterceptor - Incoming request: GET /v3/api-docs
08:02:47.464 [http-nio-8080-exec-8] INFO  [efb09783-f327-4690-8754-63965d9dd7bc] c.g.interceptor.LoggingInterceptor - Response status: 304
08:02:49.050 [http-nio-8080-exec-3] INFO  [d56f836a-17df-4244-9b0e-145c0ba984cd] o.s.api.AbstractOpenApiResource - Init duration for springdoc-openapi is: 1563 ms
08:02:49.165 [http-nio-8080-exec-3] INFO  [d56f836a-17df-4244-9b0e-145c0ba984cd] c.g.interceptor.LoggingInterceptor - Response status: 200
08:04:10.066 [http-nio-8080-exec-7] INFO  [c2fb37e6-834c-4b15-8990-cabe8a060d76] c.g.interceptor.LoggingInterceptor - Incoming request: POST /api/v1/auth/login
08:04:10.165 [http-nio-8080-exec-7] INFO  [c2fb37e6-834c-4b15-8990-cabe8a060d76] com.gymapp.service.core.AuthManager - Authenticating user: string
08:04:10.464 [http-nio-8080-exec-7] INFO  [c2fb37e6-834c-4b15-8990-cabe8a060d76] c.g.interceptor.LoggingInterceptor - Response status: 400
08:04:30.052 [http-nio-8080-exec-4] INFO  [993e2f7f-5fc4-444d-a93f-a43f79a1502a] c.g.interceptor.LoggingInterceptor - Incoming request: POST /api/v1/auth/login
08:04:30.053 [http-nio-8080-exec-4] INFO  [993e2f7f-5fc4-444d-a93f-a43f79a1502a] com.gymapp.service.core.AuthManager - Authenticating user: admin
08:04:30.063 [http-nio-8080-exec-4] INFO  [993e2f7f-5fc4-444d-a93f-a43f79a1502a] c.g.interceptor.LoggingInterceptor - Response status: 400
08:05:46.031 [http-nio-8080-exec-6] INFO  [1e3f6c57-3ce8-4930-a96e-fe4e0e6387e2] c.g.interceptor.LoggingInterceptor - Incoming request: POST /api/v1/trainees
08:05:46.061 [http-nio-8080-exec-6] INFO  [1e3f6c57-3ce8-4930-a96e-fe4e0e6387e2] c.g.s.trainee.TraineeServiceImpl - Registering new trainee: admin admin
08:05:46.464 [http-nio-8080-exec-6] INFO  [1e3f6c57-3ce8-4930-a96e-fe4e0e6387e2] c.g.interceptor.LoggingInterceptor - Response status: 201
08:08:29.929 [http-nio-8080-exec-3] INFO  [b9c38e46-bac2-4e9a-afa2-074dbccfe7c3] c.g.interceptor.LoggingInterceptor - Incoming request: POST /api/v1/trainers
08:08:29.937 [http-nio-8080-exec-3] INFO  [b9c38e46-bac2-4e9a-afa2-074dbccfe7c3] c.g.s.trainer.TrainerServiceImpl - Registering trainer: admin admin
08:08:29.989 [http-nio-8080-exec-3] INFO  [b9c38e46-bac2-4e9a-afa2-074dbccfe7c3] c.g.interceptor.LoggingInterceptor - Response status: 400
08:09:17.051 [http-nio-8080-exec-5] INFO  [0848e96f-d7ad-45e8-9c02-f84c9b23e048] c.g.interceptor.LoggingInterceptor - Incoming request: POST /api/v1/trainers
08:09:17.052 [http-nio-8080-exec-5] INFO  [0848e96f-d7ad-45e8-9c02-f84c9b23e048] c.g.s.trainer.TrainerServiceImpl - Registering trainer: admin Admin
08:09:17.211 [http-nio-8080-exec-5] INFO  [0848e96f-d7ad-45e8-9c02-f84c9b23e048] c.g.interceptor.LoggingInterceptor - Response status: 500
08:10:14.565 [http-nio-8080-exec-2] INFO  [1228c5a0-281c-46a0-941f-bc1f404d30ba] c.g.interceptor.LoggingInterceptor - Incoming request: POST /api/v1/trainers
08:10:14.565 [http-nio-8080-exec-2] INFO  [1228c5a0-281c-46a0-941f-bc1f404d30ba] c.g.s.trainer.TrainerServiceImpl - Registering trainer: admin Admin
08:10:14.716 [http-nio-8080-exec-2] INFO  [1228c5a0-281c-46a0-941f-bc1f404d30ba] c.g.interceptor.LoggingInterceptor - Response status: 201
08:11:38.718 [http-nio-8080-exec-10] INFO  [d55d7653-480d-4b8d-bc30-770c04afb6b2] c.g.interceptor.LoggingInterceptor - Incoming request: GET /api/v1/trainers/admin.admin1
08:11:38.719 [http-nio-8080-exec-10] INFO  [d55d7653-480d-4b8d-bc30-770c04afb6b2] c.g.interceptor.LoggingInterceptor - Response status: 401
08:11:46.551 [http-nio-8080-exec-9] INFO  [f4fb3331-c0b4-4b5f-afab-7f4e6fc48bcf] c.g.interceptor.LoggingInterceptor - Incoming request: GET /api/v1/trainers/admin.admin
08:11:46.551 [http-nio-8080-exec-9] INFO  [f4fb3331-c0b4-4b5f-afab-7f4e6fc48bcf] c.g.interceptor.LoggingInterceptor - Response status: 401
08:12:34.591 [http-nio-8080-exec-7] INFO  [cd43495c-9d18-4b0a-ab16-a16d56a44a12] c.g.interceptor.LoggingInterceptor - Incoming request: POST /api/v1/auth/login
08:12:34.593 [http-nio-8080-exec-7] INFO  [cd43495c-9d18-4b0a-ab16-a16d56a44a12] com.gymapp.service.core.AuthManager - Authenticating user: admin.admin1
08:12:34.616 [http-nio-8080-exec-7] INFO  [cd43495c-9d18-4b0a-ab16-a16d56a44a12] c.g.interceptor.LoggingInterceptor - Response status: 400
08:12:51.857 [http-nio-8080-exec-4] INFO  [3e7e1851-71a8-4eee-be03-fcaca8375d5f] c.g.interceptor.LoggingInterceptor - Incoming request: POST /api/v1/auth/login
08:12:51.859 [http-nio-8080-exec-4] INFO  [3e7e1851-71a8-4eee-be03-fcaca8375d5f] com.gymapp.service.core.AuthManager - Authenticating user: admin.admin1
08:12:51.876 [http-nio-8080-exec-4] INFO  [3e7e1851-71a8-4eee-be03-fcaca8375d5f] c.g.interceptor.LoggingInterceptor - Response status: 400
08:13:49.209 [http-nio-8080-exec-6] INFO  [245434d4-7e48-46e5-8db2-a6a9285342fd] c.g.interceptor.LoggingInterceptor - Incoming request: POST /api/v1/auth/login
08:13:49.211 [http-nio-8080-exec-6] INFO  [245434d4-7e48-46e5-8db2-a6a9285342fd] com.gymapp.service.core.AuthManager - Authenticating user: admin.admin
08:13:49.225 [http-nio-8080-exec-6] INFO  [245434d4-7e48-46e5-8db2-a6a9285342fd] c.g.interceptor.LoggingInterceptor - Response status: 400
08:14:17.800 [SpringApplicationShutdownHook] INFO  [] o.s.b.w.e.tomcat.GracefulShutdown - Commencing graceful shutdown. Waiting for active requests to complete
08:14:17.804 [tomcat-shutdown] INFO  [] o.s.b.w.e.tomcat.GracefulShutdown - Graceful shutdown complete
08:14:17.808 [SpringApplicationShutdownHook] INFO  [] o.s.o.j.LocalContainerEntityManagerFactoryBean - Closing JPA EntityManagerFactory for persistence unit 'default'
08:14:17.810 [SpringApplicationShutdownHook] INFO  [] com.zaxxer.hikari.HikariDataSource - HikariPool-1 - Shutdown initiated...
08:14:17.812 [SpringApplicationShutdownHook] INFO  [] com.zaxxer.hikari.HikariDataSource - HikariPool-1 - Shutdown completed.
08:28:01.104 [background-preinit] INFO  [] o.h.validator.internal.util.Version - HV000001: Hibernate Validator 8.0.3.Final
08:28:01.147 [main] INFO  [] com.gymapp.GymAppApplication - Starting GymAppApplication using Java 21.0.7 with PID 20072 (C:\Users\ASUS\Desktop\EPAM-COURSE\Spring-boot\spring-rest\target\classes started by ASUS in C:\Users\ASUS\Desktop\EPAM-COURSE\Spring-boot\spring-rest)
08:28:01.148 [main] INFO  [] com.gymapp.GymAppApplication - The following 1 profile is active: "local"
08:28:02.316 [main] INFO  [] o.s.d.r.c.RepositoryConfigurationDelegate - Bootstrapping Spring Data JPA repositories in DEFAULT mode.
08:28:02.393 [main] INFO  [] o.s.d.r.c.RepositoryConfigurationDelegate - Finished Spring Data repository scanning in 69 ms. Found 4 JPA repository interfaces.
08:28:02.996 [main] INFO  [] o.s.b.w.e.tomcat.TomcatWebServer - Tomcat initialized with port 8080 (http)
08:28:03.009 [main] INFO  [] o.a.coyote.http11.Http11NioProtocol - Initializing ProtocolHandler ["http-nio-8080"]
08:28:03.010 [main] INFO  [] o.a.catalina.core.StandardService - Starting service [Tomcat]
08:28:03.011 [main] INFO  [] o.a.catalina.core.StandardEngine - Starting Servlet engine: [Apache Tomcat/10.1.48]
08:28:03.077 [main] INFO  [] o.a.c.c.C.[Tomcat].[localhost].[/] - Initializing Spring embedded WebApplicationContext
08:28:03.079 [main] INFO  [] o.s.b.w.s.c.ServletWebServerApplicationContext - Root WebApplicationContext: initialization completed in 1888 ms
08:28:03.445 [main] INFO  [] o.h.jpa.internal.util.LogHelper - HHH000204: Processing PersistenceUnitInfo [name: default]
08:28:03.491 [main] INFO  [] org.hibernate.Version - HHH000412: Hibernate ORM core version 6.6.33.Final
08:28:03.523 [main] INFO  [] o.h.c.i.RegionFactoryInitiator - HHH000026: Second-level cache disabled
08:28:03.766 [main] INFO  [] o.s.o.j.p.SpringPersistenceUnitInfo - No LoadTimeWeaver setup: ignoring JPA class transformer
08:28:03.785 [main] INFO  [] com.zaxxer.hikari.HikariDataSource - HikariPool-1 - Starting...
08:28:04.016 [main] INFO  [] com.zaxxer.hikari.pool.HikariPool - HikariPool-1 - Added connection org.postgresql.jdbc.PgConnection@b671dda
08:28:04.016 [main] INFO  [] com.zaxxer.hikari.HikariDataSource - HikariPool-1 - Start completed.
08:28:04.049 [main] INFO  [] o.hibernate.orm.connections.pooling - HHH10001005: Database info:
	Database JDBC URL [Connecting through datasource 'HikariDataSource (HikariPool-1)']
	Database driver: undefined/unknown
	Database version: 17.5
	Autocommit mode: undefined/unknown
	Isolation level: undefined/unknown
	Minimum pool size: undefined/unknown
	Maximum pool size: undefined/unknown
08:28:04.763 [main] INFO  [] o.h.e.t.j.p.i.JtaPlatformInitiator - HHH000489: No JTA platform available (set 'hibernate.transaction.jta.platform' to enable JTA platform integration)
08:28:04.839 [main] INFO  [] o.s.o.j.LocalContainerEntityManagerFactoryBean - Initialized JPA EntityManagerFactory for persistence unit 'default'
08:28:05.074 [main] INFO  [] o.s.d.j.r.query.QueryEnhancerFactory - Hibernate is in classpath; If applicable, HQL parser will be used.
08:28:06.414 [main] INFO  [] o.s.b.a.e.web.EndpointLinksResolver - Exposing 3 endpoints beneath base path '/actuator'
08:28:06.458 [main] INFO  [] o.a.coyote.http11.Http11NioProtocol - Starting ProtocolHandler ["http-nio-8080"]
08:28:06.470 [main] INFO  [] o.s.b.w.e.tomcat.TomcatWebServer - Tomcat started on port 8080 (http) with context path '/'
08:28:06.481 [main] INFO  [] com.gymapp.GymAppApplication - Started GymAppApplication in 5.662 seconds (process running for 6.128)
08:28:13.769 [http-nio-8080-exec-1] INFO  [] o.a.c.c.C.[Tomcat].[localhost].[/] - Initializing Spring DispatcherServlet 'dispatcherServlet'
08:28:13.769 [http-nio-8080-exec-1] INFO  [] o.s.web.servlet.DispatcherServlet - Initializing Servlet 'dispatcherServlet'
08:28:13.769 [http-nio-8080-exec-1] INFO  [] o.s.web.servlet.DispatcherServlet - Completed initialization in 0 ms
08:28:13.848 [http-nio-8080-exec-1] INFO  [eca0d057-a715-4fea-b0bf-c6bb39e92084] c.g.interceptor.LoggingInterceptor - Incoming request: GET /swagger-ui/index.html
08:28:14.027 [http-nio-8080-exec-1] INFO  [eca0d057-a715-4fea-b0bf-c6bb39e92084] c.g.interceptor.LoggingInterceptor - Response status: 304
08:28:14.136 [http-nio-8080-exec-3] INFO  [075736e2-78ea-4cb6-9e70-76e024a37298] c.g.interceptor.LoggingInterceptor - Incoming request: GET /swagger-ui/swagger-initializer.js
08:28:14.243 [http-nio-8080-exec-3] INFO  [075736e2-78ea-4cb6-9e70-76e024a37298] c.g.interceptor.LoggingInterceptor - Response status: 200
08:28:14.345 [http-nio-8080-exec-4] INFO  [fe44383d-bd48-43a2-b132-be103796ce0c] c.g.interceptor.LoggingInterceptor - Incoming request: GET /v3/api-docs/swagger-config
08:28:14.388 [http-nio-8080-exec-4] INFO  [fe44383d-bd48-43a2-b132-be103796ce0c] c.g.interceptor.LoggingInterceptor - Response status: 200
08:28:14.416 [http-nio-8080-exec-8] INFO  [6d05ddc5-da14-449f-bf28-19e76092fee5] c.g.interceptor.LoggingInterceptor - Incoming request: GET /v3/api-docs
08:28:15.766 [http-nio-8080-exec-8] INFO  [6d05ddc5-da14-449f-bf28-19e76092fee5] o.s.api.AbstractOpenApiResource - Init duration for springdoc-openapi is: 1329 ms
08:28:15.891 [http-nio-8080-exec-8] INFO  [6d05ddc5-da14-449f-bf28-19e76092fee5] c.g.interceptor.LoggingInterceptor - Response status: 200
08:28:57.400 [http-nio-8080-exec-5] INFO  [1f000f45-9f9f-4df2-9fa3-5b7f72d97fd8] c.g.interceptor.LoggingInterceptor - Incoming request: POST /api/v1/trainees
08:28:57.515 [http-nio-8080-exec-5] INFO  [1f000f45-9f9f-4df2-9fa3-5b7f72d97fd8] c.g.s.trainee.TraineeServiceImpl - Registering new trainee: juan torres
08:28:57.997 [http-nio-8080-exec-5] INFO  [1f000f45-9f9f-4df2-9fa3-5b7f72d97fd8] c.g.interceptor.LoggingInterceptor - Response status: 201
08:29:32.142 [SpringApplicationShutdownHook] INFO  [] o.s.b.w.e.tomcat.GracefulShutdown - Commencing graceful shutdown. Waiting for active requests to complete
08:29:32.146 [tomcat-shutdown] INFO  [] o.s.b.w.e.tomcat.GracefulShutdown - Graceful shutdown complete
08:29:32.150 [SpringApplicationShutdownHook] INFO  [] o.s.o.j.LocalContainerEntityManagerFactoryBean - Closing JPA EntityManagerFactory for persistence unit 'default'
08:29:32.151 [SpringApplicationShutdownHook] INFO  [] com.zaxxer.hikari.HikariDataSource - HikariPool-1 - Shutdown initiated...
08:29:32.154 [SpringApplicationShutdownHook] INFO  [] com.zaxxer.hikari.HikariDataSource - HikariPool-1 - Shutdown completed.
08:42:31.174 [background-preinit] INFO  [] o.h.validator.internal.util.Version - HV000001: Hibernate Validator 8.0.3.Final
08:42:31.219 [main] INFO  [] com.gymapp.GymAppApplication - Starting GymAppApplication using Java 21.0.7 with PID 11108 (C:\Users\ASUS\Desktop\EPAM-COURSE\Spring-boot\spring-rest\target\classes started by ASUS in C:\Users\ASUS\Desktop\EPAM-COURSE\Spring-boot\spring-rest)
08:42:31.220 [main] INFO  [] com.gymapp.GymAppApplication - The following 1 profile is active: "local"
08:42:33.141 [main] INFO  [] o.s.d.r.c.RepositoryConfigurationDelegate - Bootstrapping Spring Data JPA repositories in DEFAULT mode.
08:42:33.211 [main] INFO  [] o.s.d.r.c.RepositoryConfigurationDelegate - Finished Spring Data repository scanning in 62 ms. Found 4 JPA repository interfaces.
08:42:33.844 [main] INFO  [] o.s.b.w.e.tomcat.TomcatWebServer - Tomcat initialized with port 8080 (http)
08:42:33.854 [main] INFO  [] o.a.coyote.http11.Http11NioProtocol - Initializing ProtocolHandler ["http-nio-8080"]
08:42:33.856 [main] INFO  [] o.a.catalina.core.StandardService - Starting service [Tomcat]
08:42:33.856 [main] INFO  [] o.a.catalina.core.StandardEngine - Starting Servlet engine: [Apache Tomcat/10.1.48]
08:42:33.918 [main] INFO  [] o.a.c.c.C.[Tomcat].[localhost].[/] - Initializing Spring embedded WebApplicationContext
08:42:33.919 [main] INFO  [] o.s.b.w.s.c.ServletWebServerApplicationContext - Root WebApplicationContext: initialization completed in 2653 ms
08:42:34.288 [main] INFO  [] o.h.jpa.internal.util.LogHelper - HHH000204: Processing PersistenceUnitInfo [name: default]
08:42:34.327 [main] INFO  [] org.hibernate.Version - HHH000412: Hibernate ORM core version 6.6.33.Final
08:42:34.366 [main] INFO  [] o.h.c.i.RegionFactoryInitiator - HHH000026: Second-level cache disabled
08:42:34.554 [main] INFO  [] o.s.o.j.p.SpringPersistenceUnitInfo - No LoadTimeWeaver setup: ignoring JPA class transformer
08:42:34.571 [main] INFO  [] com.zaxxer.hikari.HikariDataSource - HikariPool-1 - Starting...
08:42:34.696 [main] INFO  [] com.zaxxer.hikari.pool.HikariPool - HikariPool-1 - Added connection org.postgresql.jdbc.PgConnection@3a13f663
08:42:34.697 [main] INFO  [] com.zaxxer.hikari.HikariDataSource - HikariPool-1 - Start completed.
08:42:34.730 [main] INFO  [] o.hibernate.orm.connections.pooling - HHH10001005: Database info:
	Database JDBC URL [Connecting through datasource 'HikariDataSource (HikariPool-1)']
	Database driver: undefined/unknown
	Database version: 17.5
	Autocommit mode: undefined/unknown
	Isolation level: undefined/unknown
	Minimum pool size: undefined/unknown
	Maximum pool size: undefined/unknown
08:42:35.443 [main] INFO  [] o.h.e.t.j.p.i.JtaPlatformInitiator - HHH000489: No JTA platform available (set 'hibernate.transaction.jta.platform' to enable JTA platform integration)
08:42:35.528 [main] INFO  [] o.s.o.j.LocalContainerEntityManagerFactoryBean - Initialized JPA EntityManagerFactory for persistence unit 'default'
08:42:35.775 [main] INFO  [] o.s.d.j.r.query.QueryEnhancerFactory - Hibernate is in classpath; If applicable, HQL parser will be used.
08:42:37.060 [main] INFO  [] o.s.b.a.e.web.EndpointLinksResolver - Exposing 3 endpoints beneath base path '/actuator'
08:42:37.115 [main] INFO  [] o.a.coyote.http11.Http11NioProtocol - Starting ProtocolHandler ["http-nio-8080"]
08:42:37.126 [main] INFO  [] o.s.b.w.e.tomcat.TomcatWebServer - Tomcat started on port 8080 (http) with context path '/'
08:42:37.136 [main] INFO  [] com.gymapp.GymAppApplication - Started GymAppApplication in 6.243 seconds (process running for 8.612)
08:42:44.689 [http-nio-8080-exec-1] INFO  [] o.a.c.c.C.[Tomcat].[localhost].[/] - Initializing Spring DispatcherServlet 'dispatcherServlet'
08:42:44.690 [http-nio-8080-exec-1] INFO  [] o.s.web.servlet.DispatcherServlet - Initializing Servlet 'dispatcherServlet'
08:42:44.690 [http-nio-8080-exec-1] INFO  [] o.s.web.servlet.DispatcherServlet - Completed initialization in 0 ms
08:42:44.756 [http-nio-8080-exec-1] INFO  [0d98cfe3-eae2-41b4-bd3a-9122f052fda9] c.g.interceptor.LoggingInterceptor - Incoming request: GET /swagger-ui/index.html
08:42:44.805 [http-nio-8080-exec-1] INFO  [0d98cfe3-eae2-41b4-bd3a-9122f052fda9] c.g.interceptor.LoggingInterceptor - Response status: 304
08:42:44.858 [http-nio-8080-exec-10] INFO  [71bd95c6-7ef5-4b43-86b6-4eee26801895] c.g.interceptor.LoggingInterceptor - Incoming request: GET /swagger-ui/swagger-initializer.js
08:42:44.945 [http-nio-8080-exec-10] INFO  [71bd95c6-7ef5-4b43-86b6-4eee26801895] c.g.interceptor.LoggingInterceptor - Response status: 200
08:42:45.015 [http-nio-8080-exec-4] INFO  [9caa2834-bab7-46f8-8101-d8a95c9943d0] c.g.interceptor.LoggingInterceptor - Incoming request: GET /v3/api-docs/swagger-config
08:42:45.057 [http-nio-8080-exec-4] INFO  [9caa2834-bab7-46f8-8101-d8a95c9943d0] c.g.interceptor.LoggingInterceptor - Response status: 200
08:42:45.087 [http-nio-8080-exec-3] INFO  [2031685b-114e-4d47-b706-0d6389f984e0] c.g.interceptor.LoggingInterceptor - Incoming request: GET /v3/api-docs
08:42:46.323 [http-nio-8080-exec-3] INFO  [2031685b-114e-4d47-b706-0d6389f984e0] o.s.api.AbstractOpenApiResource - Init duration for springdoc-openapi is: 1217 ms
08:42:46.472 [http-nio-8080-exec-3] INFO  [2031685b-114e-4d47-b706-0d6389f984e0] c.g.interceptor.LoggingInterceptor - Response status: 200
08:43:34.805 [http-nio-8080-exec-5] INFO  [fc45afba-c93e-4fdd-b0fa-205d867f25c5] c.g.interceptor.LoggingInterceptor - Incoming request: POST /api/v1/trainees
08:43:34.939 [http-nio-8080-exec-5] INFO  [fc45afba-c93e-4fdd-b0fa-205d867f25c5] c.g.s.trainee.TraineeServiceImpl - Registering new trainee: pablo sandoval
08:43:35.474 [http-nio-8080-exec-5] INFO  [fc45afba-c93e-4fdd-b0fa-205d867f25c5] c.g.interceptor.LoggingInterceptor - Response status: 201
08:44:58.868 [http-nio-8080-exec-8] INFO  [0659facf-d3d7-4a85-ad76-fadd94c28dab] c.g.interceptor.LoggingInterceptor - Incoming request: POST /api/v1/auth/login
08:44:58.875 [http-nio-8080-exec-8] INFO  [0659facf-d3d7-4a85-ad76-fadd94c28dab] com.gymapp.service.core.AuthManager - Authenticating user: pablo.sandoval
08:44:59.021 [http-nio-8080-exec-8] INFO  [0659facf-d3d7-4a85-ad76-fadd94c28dab] com.gymapp.service.core.AuthManager - Authentication successful for user: pablo.sandoval
08:44:59.021 [http-nio-8080-exec-8] INFO  [0659facf-d3d7-4a85-ad76-fadd94c28dab] c.g.interceptor.LoggingInterceptor - Response status: 200
08:46:10.237 [SpringApplicationShutdownHook] INFO  [] o.s.b.w.e.tomcat.GracefulShutdown - Commencing graceful shutdown. Waiting for active requests to complete
08:46:10.240 [tomcat-shutdown] INFO  [] o.s.b.w.e.tomcat.GracefulShutdown - Graceful shutdown complete
08:46:10.244 [SpringApplicationShutdownHook] INFO  [] o.s.o.j.LocalContainerEntityManagerFactoryBean - Closing JPA EntityManagerFactory for persistence unit 'default'
08:46:10.246 [SpringApplicationShutdownHook] INFO  [] com.zaxxer.hikari.HikariDataSource - HikariPool-1 - Shutdown initiated...
08:46:10.248 [SpringApplicationShutdownHook] INFO  [] com.zaxxer.hikari.HikariDataSource - HikariPool-1 - Shutdown completed.
