15:56:09.734 [background-preinit] INFO  [] o.h.validator.internal.util.Version - HV000001: Hibernate Validator 8.0.3.Final
15:56:09.802 [main] INFO  [] com.gymapp.GymAppApplication - Starting GymAppApplication using Java 21.0.7 with PID 9120 (C:\Users\ASUS\Desktop\EPAM-COURSE\Spring-boot\spring-boot\target\classes started by ASUS in C:\Users\ASUS\Desktop\EPAM-COURSE\Spring-boot\spring-boot)
15:56:09.804 [main] INFO  [] com.gymapp.GymAppApplication - The following 1 profile is active: "local"
15:56:12.267 [main] INFO  [] o.s.d.r.c.RepositoryConfigurationDelegate - Bootstrapping Spring Data JPA repositories in DEFAULT mode.
15:56:12.363 [main] INFO  [] o.s.d.r.c.RepositoryConfigurationDelegate - Finished Spring Data repository scanning in 86 ms. Found 4 JPA repository interfaces.
15:56:13.074 [main] INFO  [] o.s.b.w.e.tomcat.TomcatWebServer - Tomcat initialized with port 8080 (http)
15:56:13.089 [main] INFO  [] o.a.coyote.http11.Http11NioProtocol - Initializing ProtocolHandler ["http-nio-8080"]
15:56:13.092 [main] INFO  [] o.a.catalina.core.StandardService - Starting service [Tomcat]
15:56:13.092 [main] INFO  [] o.a.catalina.core.StandardEngine - Starting Servlet engine: [Apache Tomcat/10.1.48]
15:56:13.174 [main] INFO  [] o.a.c.c.C.[Tomcat].[localhost].[/] - Initializing Spring embedded WebApplicationContext
15:56:13.175 [main] INFO  [] o.s.b.w.s.c.ServletWebServerApplicationContext - Root WebApplicationContext: initialization completed in 3326 ms
15:56:13.579 [main] INFO  [] o.h.jpa.internal.util.LogHelper - HHH000204: Processing PersistenceUnitInfo [name: default]
15:56:13.680 [main] INFO  [] org.hibernate.Version - HHH000412: Hibernate ORM core version 6.6.33.Final
15:56:13.721 [main] INFO  [] o.h.c.i.RegionFactoryInitiator - HHH000026: Second-level cache disabled
15:56:13.994 [main] INFO  [] o.s.o.j.p.SpringPersistenceUnitInfo - No LoadTimeWeaver setup: ignoring JPA class transformer
15:56:14.020 [main] INFO  [] com.zaxxer.hikari.HikariDataSource - HikariPool-1 - Starting...
15:56:14.232 [main] INFO  [] com.zaxxer.hikari.pool.HikariPool - HikariPool-1 - Added connection org.postgresql.jdbc.PgConnection@17189618
15:56:14.235 [main] INFO  [] com.zaxxer.hikari.HikariDataSource - HikariPool-1 - Start completed.
15:56:14.302 [main] INFO  [] o.hibernate.orm.connections.pooling - HHH10001005: Database info:
	Database JDBC URL [Connecting through datasource 'HikariDataSource (HikariPool-1)']
	Database driver: undefined/unknown
	Database version: 17.5
	Autocommit mode: undefined/unknown
	Isolation level: undefined/unknown
	Minimum pool size: undefined/unknown
	Maximum pool size: undefined/unknown
15:56:15.327 [main] INFO  [] o.h.e.t.j.p.i.JtaPlatformInitiator - HHH000489: No JTA platform available (set 'hibernate.transaction.jta.platform' to enable JTA platform integration)
15:56:15.450 [main] INFO  [] o.s.o.j.LocalContainerEntityManagerFactoryBean - Initialized JPA EntityManagerFactory for persistence unit 'default'
15:56:15.808 [main] INFO  [] o.s.d.j.r.query.QueryEnhancerFactory - Hibernate is in classpath; If applicable, HQL parser will be used.
15:56:17.486 [main] INFO  [] o.s.b.a.e.web.EndpointLinksResolver - Exposing 3 endpoints beneath base path '/actuator'
15:56:17.547 [main] INFO  [] o.a.coyote.http11.Http11NioProtocol - Starting ProtocolHandler ["http-nio-8080"]
15:56:17.564 [main] INFO  [] o.s.b.w.e.tomcat.TomcatWebServer - Tomcat started on port 8080 (http) with context path '/'
15:56:17.580 [main] INFO  [] com.gymapp.GymAppApplication - Started GymAppApplication in 8.232 seconds (process running for 10.516)
15:56:33.913 [http-nio-8080-exec-1] INFO  [] o.a.c.c.C.[Tomcat].[localhost].[/] - Initializing Spring DispatcherServlet 'dispatcherServlet'
15:56:33.913 [http-nio-8080-exec-1] INFO  [] o.s.web.servlet.DispatcherServlet - Initializing Servlet 'dispatcherServlet'
15:56:33.915 [http-nio-8080-exec-1] INFO  [] o.s.web.servlet.DispatcherServlet - Completed initialization in 2 ms
15:56:34.884 [http-nio-8080-exec-2] INFO  [8f61dba5-a9cf-4a21-9999-fb669a8fdc4a] c.g.interceptor.LoggingInterceptor - Incoming request: GET /favicon.ico
15:56:34.888 [http-nio-8080-exec-2] INFO  [8f61dba5-a9cf-4a21-9999-fb669a8fdc4a] c.g.interceptor.LoggingInterceptor - Response status: 401
15:57:08.921 [http-nio-8080-exec-3] INFO  [ef450424-8bb9-447a-860c-f11fca3cffca] c.g.interceptor.LoggingInterceptor - Incoming request: GET /actuator/metrics
15:57:08.925 [http-nio-8080-exec-3] INFO  [ef450424-8bb9-447a-860c-f11fca3cffca] c.g.interceptor.LoggingInterceptor - Response status: 401
15:57:22.490 [http-nio-8080-exec-4] INFO  [248e4f67-8a80-4ac8-a00a-5aee0bae450f] c.g.interceptor.LoggingInterceptor - Incoming request: GET /actuator/metrics
15:57:22.490 [http-nio-8080-exec-4] INFO  [248e4f67-8a80-4ac8-a00a-5aee0bae450f] c.g.interceptor.LoggingInterceptor - Response status: 401
15:57:42.124 [http-nio-8080-exec-5] INFO  [1485caf8-70bb-4d8d-83f5-d55b4f1f2fda] c.g.interceptor.LoggingInterceptor - Incoming request: GET /actuator/metrics
15:57:42.124 [http-nio-8080-exec-5] INFO  [1485caf8-70bb-4d8d-83f5-d55b4f1f2fda] c.g.interceptor.LoggingInterceptor - Response status: 401
15:59:16.824 [SpringApplicationShutdownHook] INFO  [] o.s.b.w.e.tomcat.GracefulShutdown - Commencing graceful shutdown. Waiting for active requests to complete
15:59:16.836 [tomcat-shutdown] INFO  [] o.s.b.w.e.tomcat.GracefulShutdown - Graceful shutdown complete
15:59:16.843 [SpringApplicationShutdownHook] INFO  [] o.s.o.j.LocalContainerEntityManagerFactoryBean - Closing JPA EntityManagerFactory for persistence unit 'default'
15:59:16.846 [SpringApplicationShutdownHook] INFO  [] com.zaxxer.hikari.HikariDataSource - HikariPool-1 - Shutdown initiated...
15:59:16.852 [SpringApplicationShutdownHook] INFO  [] com.zaxxer.hikari.HikariDataSource - HikariPool-1 - Shutdown completed.
16:03:17.186 [background-preinit] INFO  [] o.h.validator.internal.util.Version - HV000001: Hibernate Validator 8.0.3.Final
16:03:17.336 [main] INFO  [] com.gymapp.GymAppApplication - Starting GymAppApplication using Java 21.0.7 with PID 4408 (C:\Users\ASUS\Desktop\EPAM-COURSE\Spring-boot\spring-boot\target\classes started by ASUS in C:\Users\ASUS\Desktop\EPAM-COURSE\Spring-boot\spring-boot)
16:03:17.336 [main] INFO  [] com.gymapp.GymAppApplication - The following 1 profile is active: "local"
16:03:23.220 [main] INFO  [] o.s.d.r.c.RepositoryConfigurationDelegate - Bootstrapping Spring Data JPA repositories in DEFAULT mode.
16:03:23.603 [main] INFO  [] o.s.d.r.c.RepositoryConfigurationDelegate - Finished Spring Data repository scanning in 324 ms. Found 4 JPA repository interfaces.
16:03:26.814 [main] INFO  [] o.s.b.w.e.tomcat.TomcatWebServer - Tomcat initialized with port 8080 (http)
16:03:26.859 [main] INFO  [] o.a.coyote.http11.Http11NioProtocol - Initializing ProtocolHandler ["http-nio-8080"]
16:03:26.859 [main] INFO  [] o.a.catalina.core.StandardService - Starting service [Tomcat]
16:03:26.859 [main] INFO  [] o.a.catalina.core.StandardEngine - Starting Servlet engine: [Apache Tomcat/10.1.48]
16:03:27.132 [main] INFO  [] o.a.c.c.C.[Tomcat].[localhost].[/] - Initializing Spring embedded WebApplicationContext
16:03:27.132 [main] INFO  [] o.s.b.w.s.c.ServletWebServerApplicationContext - Root WebApplicationContext: initialization completed in 9531 ms
16:03:28.677 [main] INFO  [] o.h.jpa.internal.util.LogHelper - HHH000204: Processing PersistenceUnitInfo [name: default]
16:03:28.952 [main] INFO  [] org.hibernate.Version - HHH000412: Hibernate ORM core version 6.6.33.Final
16:03:29.071 [main] INFO  [] o.h.c.i.RegionFactoryInitiator - HHH000026: Second-level cache disabled
16:03:30.035 [main] INFO  [] o.s.o.j.p.SpringPersistenceUnitInfo - No LoadTimeWeaver setup: ignoring JPA class transformer
16:03:30.108 [main] INFO  [] com.zaxxer.hikari.HikariDataSource - HikariPool-1 - Starting...
16:03:30.609 [main] INFO  [] com.zaxxer.hikari.pool.HikariPool - HikariPool-1 - Added connection org.postgresql.jdbc.PgConnection@11dbcb3b
16:03:30.618 [main] INFO  [] com.zaxxer.hikari.HikariDataSource - HikariPool-1 - Start completed.
16:03:30.829 [main] INFO  [] o.hibernate.orm.connections.pooling - HHH10001005: Database info:
	Database JDBC URL [Connecting through datasource 'HikariDataSource (HikariPool-1)']
	Database driver: undefined/unknown
	Database version: 17.5
	Autocommit mode: undefined/unknown
	Isolation level: undefined/unknown
	Minimum pool size: undefined/unknown
	Maximum pool size: undefined/unknown
16:03:34.159 [main] INFO  [] o.h.e.t.j.p.i.JtaPlatformInitiator - HHH000489: No JTA platform available (set 'hibernate.transaction.jta.platform' to enable JTA platform integration)
16:03:34.417 [main] INFO  [] o.s.o.j.LocalContainerEntityManagerFactoryBean - Initialized JPA EntityManagerFactory for persistence unit 'default'
16:03:35.526 [main] INFO  [] o.s.d.j.r.query.QueryEnhancerFactory - Hibernate is in classpath; If applicable, HQL parser will be used.
16:03:38.628 [main] INFO  [] o.s.b.a.e.web.EndpointLinksResolver - Exposing 3 endpoints beneath base path '/actuator'
16:03:38.700 [main] INFO  [] o.a.coyote.http11.Http11NioProtocol - Starting ProtocolHandler ["http-nio-8080"]
16:03:38.724 [main] INFO  [] o.s.b.w.e.tomcat.TomcatWebServer - Tomcat started on port 8080 (http) with context path '/'
16:03:38.743 [main] INFO  [] com.gymapp.GymAppApplication - Started GymAppApplication in 22.497 seconds (process running for 23.635)
16:03:47.567 [http-nio-8080-exec-2] INFO  [] o.a.c.c.C.[Tomcat].[localhost].[/] - Initializing Spring DispatcherServlet 'dispatcherServlet'
16:03:47.575 [http-nio-8080-exec-2] INFO  [] o.s.web.servlet.DispatcherServlet - Initializing Servlet 'dispatcherServlet'
16:03:47.583 [http-nio-8080-exec-2] INFO  [] o.s.web.servlet.DispatcherServlet - Completed initialization in 8 ms
16:03:48.868 [http-nio-8080-exec-3] INFO  [262d0432-7a98-48ce-a1de-2e88ce485d60] c.g.interceptor.LoggingInterceptor - Incoming request: GET /favicon.ico
16:03:48.869 [http-nio-8080-exec-3] INFO  [262d0432-7a98-48ce-a1de-2e88ce485d60] c.g.interceptor.LoggingInterceptor - Response status: 401
16:03:55.925 [http-nio-8080-exec-6] INFO  [2a1c1915-d1b8-441d-9306-cbea302e5b9d] c.g.interceptor.LoggingInterceptor - Incoming request: GET /favicon.ico
16:03:55.926 [http-nio-8080-exec-6] INFO  [2a1c1915-d1b8-441d-9306-cbea302e5b9d] c.g.interceptor.LoggingInterceptor - Response status: 401
17:00:25.260 [SpringApplicationShutdownHook] INFO  [] o.s.b.w.e.tomcat.GracefulShutdown - Commencing graceful shutdown. Waiting for active requests to complete
17:00:25.265 [tomcat-shutdown] INFO  [] o.s.b.w.e.tomcat.GracefulShutdown - Graceful shutdown complete
17:00:25.271 [SpringApplicationShutdownHook] INFO  [] o.s.o.j.LocalContainerEntityManagerFactoryBean - Closing JPA EntityManagerFactory for persistence unit 'default'
17:00:25.273 [SpringApplicationShutdownHook] INFO  [] com.zaxxer.hikari.HikariDataSource - HikariPool-1 - Shutdown initiated...
17:00:25.279 [SpringApplicationShutdownHook] INFO  [] com.zaxxer.hikari.HikariDataSource - HikariPool-1 - Shutdown completed.
17:31:22.486 [background-preinit] INFO  [] o.h.validator.internal.util.Version - HV000001: Hibernate Validator 8.0.3.Final
17:31:22.586 [main] INFO  [] com.gymapp.GymAppApplication - Starting GymAppApplication using Java 21.0.7 with PID 19176 (C:\Users\ASUS\Desktop\EPAM-COURSE\Spring-boot\spring-boot\target\classes started by ASUS in C:\Users\ASUS\Desktop\EPAM-COURSE\Spring-boot\spring-boot)
17:31:22.590 [main] INFO  [] com.gymapp.GymAppApplication - The following 1 profile is active: "local"
17:31:25.575 [main] INFO  [] o.s.d.r.c.RepositoryConfigurationDelegate - Bootstrapping Spring Data JPA repositories in DEFAULT mode.
17:31:25.705 [main] INFO  [] o.s.d.r.c.RepositoryConfigurationDelegate - Finished Spring Data repository scanning in 116 ms. Found 4 JPA repository interfaces.
17:31:26.369 [background-preinit] INFO  [] o.h.validator.internal.util.Version - HV000001: Hibernate Validator 8.0.3.Final
17:31:26.472 [main] INFO  [] com.gymapp.GymAppApplication - Starting GymAppApplication using Java 21.0.7 with PID 3200 (C:\Users\ASUS\Desktop\EPAM-COURSE\Spring-boot\spring-boot\target\classes started by ASUS in C:\Users\ASUS\Desktop\EPAM-COURSE\Spring-boot\spring-boot)
17:31:26.475 [main] INFO  [] com.gymapp.GymAppApplication - The following 1 profile is active: "local"
17:31:26.933 [main] INFO  [] o.s.b.w.e.tomcat.TomcatWebServer - Tomcat initialized with port 8080 (http)
17:31:26.966 [main] INFO  [] o.a.coyote.http11.Http11NioProtocol - Initializing ProtocolHandler ["http-nio-8080"]
17:31:26.971 [main] INFO  [] o.a.catalina.core.StandardService - Starting service [Tomcat]
17:31:26.972 [main] INFO  [] o.a.catalina.core.StandardEngine - Starting Servlet engine: [Apache Tomcat/10.1.48]
17:31:27.114 [main] INFO  [] o.a.c.c.C.[Tomcat].[localhost].[/] - Initializing Spring embedded WebApplicationContext
17:31:27.119 [main] INFO  [] o.s.b.w.s.c.ServletWebServerApplicationContext - Root WebApplicationContext: initialization completed in 4400 ms
17:31:27.890 [main] INFO  [] o.h.jpa.internal.util.LogHelper - HHH000204: Processing PersistenceUnitInfo [name: default]
17:31:27.970 [main] INFO  [] org.hibernate.Version - HHH000412: Hibernate ORM core version 6.6.33.Final
17:31:28.041 [main] INFO  [] o.h.c.i.RegionFactoryInitiator - HHH000026: Second-level cache disabled
17:31:28.387 [main] INFO  [] o.s.o.j.p.SpringPersistenceUnitInfo - No LoadTimeWeaver setup: ignoring JPA class transformer
17:31:28.427 [main] INFO  [] com.zaxxer.hikari.HikariDataSource - HikariPool-1 - Starting...
17:31:28.639 [main] INFO  [] com.zaxxer.hikari.pool.HikariPool - HikariPool-1 - Added connection org.postgresql.jdbc.PgConnection@5f369fc6
17:31:28.640 [main] INFO  [] com.zaxxer.hikari.HikariDataSource - HikariPool-1 - Start completed.
17:31:28.648 [main] INFO  [] o.s.d.r.c.RepositoryConfigurationDelegate - Bootstrapping Spring Data JPA repositories in DEFAULT mode.
17:31:28.702 [main] INFO  [] o.hibernate.orm.connections.pooling - HHH10001005: Database info:
	Database JDBC URL [Connecting through datasource 'HikariDataSource (HikariPool-1)']
	Database driver: undefined/unknown
	Database version: 17.5
	Autocommit mode: undefined/unknown
	Isolation level: undefined/unknown
	Minimum pool size: undefined/unknown
	Maximum pool size: undefined/unknown
17:31:28.766 [main] INFO  [] o.s.d.r.c.RepositoryConfigurationDelegate - Finished Spring Data repository scanning in 107 ms. Found 4 JPA repository interfaces.
17:31:29.826 [main] INFO  [] o.s.b.w.e.tomcat.TomcatWebServer - Tomcat initialized with port 8080 (http)
17:31:29.842 [main] INFO  [] o.a.coyote.http11.Http11NioProtocol - Initializing ProtocolHandler ["http-nio-8080"]
17:31:29.845 [main] INFO  [] o.a.catalina.core.StandardService - Starting service [Tomcat]
17:31:29.845 [main] INFO  [] o.a.catalina.core.StandardEngine - Starting Servlet engine: [Apache Tomcat/10.1.48]
17:31:29.933 [main] INFO  [] o.a.c.c.C.[Tomcat].[localhost].[/] - Initializing Spring embedded WebApplicationContext
17:31:29.934 [main] INFO  [] o.s.b.w.s.c.ServletWebServerApplicationContext - Root WebApplicationContext: initialization completed in 3365 ms
17:31:30.195 [main] INFO  [] o.h.e.t.j.p.i.JtaPlatformInitiator - HHH000489: No JTA platform available (set 'hibernate.transaction.jta.platform' to enable JTA platform integration)
17:31:30.500 [main] INFO  [] o.s.o.j.LocalContainerEntityManagerFactoryBean - Initialized JPA EntityManagerFactory for persistence unit 'default'
17:31:30.627 [main] INFO  [] o.h.jpa.internal.util.LogHelper - HHH000204: Processing PersistenceUnitInfo [name: default]
17:31:30.725 [main] INFO  [] org.hibernate.Version - HHH000412: Hibernate ORM core version 6.6.33.Final
17:31:30.854 [main] INFO  [] o.h.c.i.RegionFactoryInitiator - HHH000026: Second-level cache disabled
17:31:31.055 [main] INFO  [] o.s.d.j.r.query.QueryEnhancerFactory - Hibernate is in classpath; If applicable, HQL parser will be used.
17:31:31.258 [main] INFO  [] o.s.o.j.p.SpringPersistenceUnitInfo - No LoadTimeWeaver setup: ignoring JPA class transformer
17:31:31.286 [main] INFO  [] com.zaxxer.hikari.HikariDataSource - HikariPool-1 - Starting...
17:31:31.506 [main] INFO  [] com.zaxxer.hikari.pool.HikariPool - HikariPool-1 - Added connection org.postgresql.jdbc.PgConnection@5f369fc6
17:31:31.510 [main] INFO  [] com.zaxxer.hikari.HikariDataSource - HikariPool-1 - Start completed.
17:31:31.570 [main] INFO  [] o.hibernate.orm.connections.pooling - HHH10001005: Database info:
	Database JDBC URL [Connecting through datasource 'HikariDataSource (HikariPool-1)']
	Database driver: undefined/unknown
	Database version: 17.5
	Autocommit mode: undefined/unknown
	Isolation level: undefined/unknown
	Minimum pool size: undefined/unknown
	Maximum pool size: undefined/unknown
17:31:32.938 [main] INFO  [] o.h.e.t.j.p.i.JtaPlatformInitiator - HHH000489: No JTA platform available (set 'hibernate.transaction.jta.platform' to enable JTA platform integration)
17:31:33.118 [main] INFO  [] o.s.o.j.LocalContainerEntityManagerFactoryBean - Initialized JPA EntityManagerFactory for persistence unit 'default'
17:31:33.372 [main] INFO  [] o.s.b.a.e.web.EndpointLinksResolver - Exposing 3 endpoints beneath base path '/actuator'
17:31:33.451 [main] INFO  [] o.a.coyote.http11.Http11NioProtocol - Starting ProtocolHandler ["http-nio-8080"]
17:31:33.468 [main] INFO  [] o.s.b.w.e.tomcat.TomcatWebServer - Tomcat started on port 8080 (http) with context path '/'
17:31:33.483 [main] INFO  [] com.gymapp.GymAppApplication - Started GymAppApplication in 11.55 seconds (process running for 14.538)
17:31:33.527 [main] INFO  [] o.s.d.j.r.query.QueryEnhancerFactory - Hibernate is in classpath; If applicable, HQL parser will be used.
17:31:35.475 [main] INFO  [] o.s.b.a.e.web.EndpointLinksResolver - Exposing 3 endpoints beneath base path '/actuator'
17:31:35.596 [main] INFO  [] o.a.coyote.http11.Http11NioProtocol - Starting ProtocolHandler ["http-nio-8080"]
17:31:35.606 [main] INFO  [] o.s.o.j.LocalContainerEntityManagerFactoryBean - Closing JPA EntityManagerFactory for persistence unit 'default'
17:31:35.608 [main] INFO  [] com.zaxxer.hikari.HikariDataSource - HikariPool-1 - Shutdown initiated...
17:31:35.614 [main] INFO  [] com.zaxxer.hikari.HikariDataSource - HikariPool-1 - Shutdown completed.
17:31:35.635 [main] INFO  [] o.s.b.a.l.ConditionEvaluationReportLogger - 

Error starting ApplicationContext. To display the condition evaluation report re-run your application with 'debug' enabled.
17:31:44.037 [SpringApplicationShutdownHook] INFO  [] o.s.b.w.e.tomcat.GracefulShutdown - Commencing graceful shutdown. Waiting for active requests to complete
17:31:44.045 [tomcat-shutdown] INFO  [] o.s.b.w.e.tomcat.GracefulShutdown - Graceful shutdown complete
17:31:44.054 [SpringApplicationShutdownHook] INFO  [] o.s.o.j.LocalContainerEntityManagerFactoryBean - Closing JPA EntityManagerFactory for persistence unit 'default'
17:31:44.055 [SpringApplicationShutdownHook] INFO  [] com.zaxxer.hikari.HikariDataSource - HikariPool-1 - Shutdown initiated...
17:31:44.065 [SpringApplicationShutdownHook] INFO  [] com.zaxxer.hikari.HikariDataSource - HikariPool-1 - Shutdown completed.
17:32:07.334 [background-preinit] INFO  [] o.h.validator.internal.util.Version - HV000001: Hibernate Validator 8.0.3.Final
17:32:07.405 [main] INFO  [] com.gymapp.GymAppApplication - Starting GymAppApplication using Java 21.0.7 with PID 14968 (C:\Users\ASUS\Desktop\EPAM-COURSE\Spring-boot\spring-boot\target\classes started by ASUS in C:\Users\ASUS\Desktop\EPAM-COURSE\Spring-boot\spring-boot)
17:32:07.407 [main] INFO  [] com.gymapp.GymAppApplication - The following 1 profile is active: "local"
17:32:08.980 [main] INFO  [] o.s.d.r.c.RepositoryConfigurationDelegate - Bootstrapping Spring Data JPA repositories in DEFAULT mode.
17:32:09.085 [main] INFO  [] o.s.d.r.c.RepositoryConfigurationDelegate - Finished Spring Data repository scanning in 92 ms. Found 4 JPA repository interfaces.
17:32:09.872 [main] INFO  [] o.s.b.w.e.tomcat.TomcatWebServer - Tomcat initialized with port 8080 (http)
17:32:09.886 [main] INFO  [] o.a.coyote.http11.Http11NioProtocol - Initializing ProtocolHandler ["http-nio-8080"]
17:32:09.889 [main] INFO  [] o.a.catalina.core.StandardService - Starting service [Tomcat]
17:32:09.889 [main] INFO  [] o.a.catalina.core.StandardEngine - Starting Servlet engine: [Apache Tomcat/10.1.48]
17:32:09.977 [main] INFO  [] o.a.c.c.C.[Tomcat].[localhost].[/] - Initializing Spring embedded WebApplicationContext
17:32:09.978 [main] INFO  [] o.s.b.w.s.c.ServletWebServerApplicationContext - Root WebApplicationContext: initialization completed in 2491 ms
17:32:10.493 [main] INFO  [] o.h.jpa.internal.util.LogHelper - HHH000204: Processing PersistenceUnitInfo [name: default]
17:32:10.543 [main] INFO  [] org.hibernate.Version - HHH000412: Hibernate ORM core version 6.6.33.Final
17:32:10.576 [main] INFO  [] o.h.c.i.RegionFactoryInitiator - HHH000026: Second-level cache disabled
17:32:10.894 [main] INFO  [] o.s.o.j.p.SpringPersistenceUnitInfo - No LoadTimeWeaver setup: ignoring JPA class transformer
17:32:10.920 [main] INFO  [] com.zaxxer.hikari.HikariDataSource - HikariPool-1 - Starting...
17:32:11.080 [main] INFO  [] com.zaxxer.hikari.pool.HikariPool - HikariPool-1 - Added connection org.postgresql.jdbc.PgConnection@6684589a
17:32:11.081 [main] INFO  [] com.zaxxer.hikari.HikariDataSource - HikariPool-1 - Start completed.
17:32:11.136 [main] INFO  [] o.hibernate.orm.connections.pooling - HHH10001005: Database info:
	Database JDBC URL [Connecting through datasource 'HikariDataSource (HikariPool-1)']
	Database driver: undefined/unknown
	Database version: 17.5
	Autocommit mode: undefined/unknown
	Isolation level: undefined/unknown
	Minimum pool size: undefined/unknown
	Maximum pool size: undefined/unknown
17:32:12.315 [main] INFO  [] o.h.e.t.j.p.i.JtaPlatformInitiator - HHH000489: No JTA platform available (set 'hibernate.transaction.jta.platform' to enable JTA platform integration)
17:32:12.423 [main] INFO  [] o.s.o.j.LocalContainerEntityManagerFactoryBean - Initialized JPA EntityManagerFactory for persistence unit 'default'
17:32:12.783 [main] INFO  [] o.s.d.j.r.query.QueryEnhancerFactory - Hibernate is in classpath; If applicable, HQL parser will be used.
17:32:14.605 [main] INFO  [] o.s.b.a.e.web.EndpointLinksResolver - Exposing 3 endpoints beneath base path '/actuator'
17:32:14.688 [main] INFO  [] o.a.coyote.http11.Http11NioProtocol - Starting ProtocolHandler ["http-nio-8080"]
17:32:14.705 [main] INFO  [] o.s.b.w.e.tomcat.TomcatWebServer - Tomcat started on port 8080 (http) with context path '/'
17:32:14.721 [main] INFO  [] com.gymapp.GymAppApplication - Started GymAppApplication in 7.774 seconds (process running for 8.507)
17:32:31.819 [http-nio-8080-exec-3] INFO  [] o.a.c.c.C.[Tomcat].[localhost].[/] - Initializing Spring DispatcherServlet 'dispatcherServlet'
17:32:31.819 [http-nio-8080-exec-3] INFO  [] o.s.web.servlet.DispatcherServlet - Initializing Servlet 'dispatcherServlet'
17:32:31.823 [http-nio-8080-exec-3] INFO  [] o.s.web.servlet.DispatcherServlet - Completed initialization in 4 ms
17:32:31.885 [http-nio-8080-exec-3] INFO  [dde719ba-252f-4f66-9a8d-2ad0a91053f1] c.g.interceptor.LoggingInterceptor - Incoming request: GET /swagger-ui/index.html
17:32:32.205 [http-nio-8080-exec-3] INFO  [dde719ba-252f-4f66-9a8d-2ad0a91053f1] c.g.interceptor.LoggingInterceptor - Response status: 304
17:32:32.284 [http-nio-8080-exec-4] INFO  [1cc5fce5-d04b-4b99-8cd6-f1c7de306740] c.g.interceptor.LoggingInterceptor - Incoming request: GET /swagger-ui/index.css
17:32:32.283 [http-nio-8080-exec-6] INFO  [30f538cd-0725-41ca-b4f4-3982d41ee2dd] c.g.interceptor.LoggingInterceptor - Incoming request: GET /swagger-ui/swagger-ui-standalone-preset.js
17:32:32.288 [http-nio-8080-exec-1] INFO  [c21f942b-9208-4ed8-a5c0-cb52b31efcf6] c.g.interceptor.LoggingInterceptor - Incoming request: GET /swagger-ui/swagger-ui.css
17:32:32.286 [http-nio-8080-exec-5] INFO  [2a50436d-1216-47a8-a71f-c2ccc9ccef98] c.g.interceptor.LoggingInterceptor - Incoming request: GET /swagger-ui/swagger-ui-bundle.js
17:32:32.303 [http-nio-8080-exec-2] INFO  [72ca564f-4fe5-4ea0-a0d0-d1d97cc3450c] c.g.interceptor.LoggingInterceptor - Incoming request: GET /swagger-ui/swagger-initializer.js
17:32:32.303 [http-nio-8080-exec-1] INFO  [c21f942b-9208-4ed8-a5c0-cb52b31efcf6] c.g.interceptor.LoggingInterceptor - Response status: 304
17:32:32.309 [http-nio-8080-exec-5] INFO  [2a50436d-1216-47a8-a71f-c2ccc9ccef98] c.g.interceptor.LoggingInterceptor - Response status: 304
17:32:32.314 [http-nio-8080-exec-4] INFO  [1cc5fce5-d04b-4b99-8cd6-f1c7de306740] c.g.interceptor.LoggingInterceptor - Response status: 304
17:32:32.312 [http-nio-8080-exec-6] INFO  [30f538cd-0725-41ca-b4f4-3982d41ee2dd] c.g.interceptor.LoggingInterceptor - Response status: 304
17:32:32.407 [http-nio-8080-exec-2] INFO  [72ca564f-4fe5-4ea0-a0d0-d1d97cc3450c] c.g.interceptor.LoggingInterceptor - Response status: 200
17:32:32.551 [http-nio-8080-exec-7] INFO  [40ac8f3c-7cf8-4e62-9d04-f5db5519a209] c.g.interceptor.LoggingInterceptor - Incoming request: GET /v3/api-docs/swagger-config
17:32:32.609 [http-nio-8080-exec-7] INFO  [40ac8f3c-7cf8-4e62-9d04-f5db5519a209] c.g.interceptor.LoggingInterceptor - Response status: 200
17:32:32.654 [http-nio-8080-exec-8] INFO  [766ba6c9-80ed-4fd2-a945-a804e8c0e548] c.g.interceptor.LoggingInterceptor - Incoming request: GET /v3/api-docs
17:32:34.094 [http-nio-8080-exec-8] INFO  [766ba6c9-80ed-4fd2-a945-a804e8c0e548] o.s.api.AbstractOpenApiResource - Init duration for springdoc-openapi is: 1412 ms
17:32:34.589 [http-nio-8080-exec-8] INFO  [766ba6c9-80ed-4fd2-a945-a804e8c0e548] c.g.interceptor.LoggingInterceptor - Response status: 200
17:35:19.115 [http-nio-8080-exec-4] INFO  [17ef23c0-72d5-41b9-a02c-d7ae24a4d0ba] c.g.interceptor.LoggingInterceptor - Incoming request: GET /api/v1/trainees/test.test
17:35:19.116 [http-nio-8080-exec-4] INFO  [17ef23c0-72d5-41b9-a02c-d7ae24a4d0ba] c.g.interceptor.LoggingInterceptor - Response status: 401
17:37:47.289 [SpringApplicationShutdownHook] INFO  [] o.s.b.w.e.tomcat.GracefulShutdown - Commencing graceful shutdown. Waiting for active requests to complete
17:37:47.303 [tomcat-shutdown] INFO  [] o.s.b.w.e.tomcat.GracefulShutdown - Graceful shutdown complete
17:37:47.318 [SpringApplicationShutdownHook] INFO  [] o.s.o.j.LocalContainerEntityManagerFactoryBean - Closing JPA EntityManagerFactory for persistence unit 'default'
17:37:47.320 [SpringApplicationShutdownHook] INFO  [] com.zaxxer.hikari.HikariDataSource - HikariPool-1 - Shutdown initiated...
17:37:47.331 [SpringApplicationShutdownHook] INFO  [] com.zaxxer.hikari.HikariDataSource - HikariPool-1 - Shutdown completed.
17:37:58.140 [background-preinit] INFO  [] o.h.validator.internal.util.Version - HV000001: Hibernate Validator 8.0.3.Final
17:37:58.199 [main] INFO  [] com.gymapp.GymAppApplication - Starting GymAppApplication using Java 21.0.7 with PID 16576 (C:\Users\ASUS\Desktop\EPAM-COURSE\Spring-boot\spring-boot\target\classes started by ASUS in C:\Users\ASUS\Desktop\EPAM-COURSE\Spring-boot\spring-boot)
17:37:58.200 [main] INFO  [] com.gymapp.GymAppApplication - The following 1 profile is active: "local"
17:37:59.830 [main] INFO  [] o.s.d.r.c.RepositoryConfigurationDelegate - Bootstrapping Spring Data JPA repositories in DEFAULT mode.
17:37:59.933 [main] INFO  [] o.s.d.r.c.RepositoryConfigurationDelegate - Finished Spring Data repository scanning in 93 ms. Found 4 JPA repository interfaces.
17:38:01.331 [main] INFO  [] o.s.b.w.e.tomcat.TomcatWebServer - Tomcat initialized with port 8080 (http)
17:38:01.368 [main] INFO  [] o.a.coyote.http11.Http11NioProtocol - Initializing ProtocolHandler ["http-nio-8080"]
17:38:01.376 [main] INFO  [] o.a.catalina.core.StandardService - Starting service [Tomcat]
17:38:01.378 [main] INFO  [] o.a.catalina.core.StandardEngine - Starting Servlet engine: [Apache Tomcat/10.1.48]
17:38:01.634 [main] INFO  [] o.a.c.c.C.[Tomcat].[localhost].[/] - Initializing Spring embedded WebApplicationContext
17:38:01.635 [main] INFO  [] o.s.b.w.s.c.ServletWebServerApplicationContext - Root WebApplicationContext: initialization completed in 3382 ms
17:38:02.259 [main] INFO  [] o.h.jpa.internal.util.LogHelper - HHH000204: Processing PersistenceUnitInfo [name: default]
17:38:02.349 [main] INFO  [] org.hibernate.Version - HHH000412: Hibernate ORM core version 6.6.33.Final
17:38:02.402 [main] INFO  [] o.h.c.i.RegionFactoryInitiator - HHH000026: Second-level cache disabled
17:38:02.767 [main] INFO  [] o.s.o.j.p.SpringPersistenceUnitInfo - No LoadTimeWeaver setup: ignoring JPA class transformer
17:38:02.797 [main] INFO  [] com.zaxxer.hikari.HikariDataSource - HikariPool-1 - Starting...
17:38:02.975 [main] INFO  [] com.zaxxer.hikari.pool.HikariPool - HikariPool-1 - Added connection org.postgresql.jdbc.PgConnection@5ba63110
17:38:02.976 [main] INFO  [] com.zaxxer.hikari.HikariDataSource - HikariPool-1 - Start completed.
17:38:03.052 [main] INFO  [] o.hibernate.orm.connections.pooling - HHH10001005: Database info:
	Database JDBC URL [Connecting through datasource 'HikariDataSource (HikariPool-1)']
	Database driver: undefined/unknown
	Database version: 17.5
	Autocommit mode: undefined/unknown
	Isolation level: undefined/unknown
	Minimum pool size: undefined/unknown
	Maximum pool size: undefined/unknown
17:38:04.254 [main] INFO  [] o.h.e.t.j.p.i.JtaPlatformInitiator - HHH000489: No JTA platform available (set 'hibernate.transaction.jta.platform' to enable JTA platform integration)
17:38:04.379 [main] INFO  [] o.s.o.j.LocalContainerEntityManagerFactoryBean - Initialized JPA EntityManagerFactory for persistence unit 'default'
17:38:04.918 [main] INFO  [] o.s.d.j.r.query.QueryEnhancerFactory - Hibernate is in classpath; If applicable, HQL parser will be used.
17:38:06.882 [main] INFO  [] o.s.b.a.e.web.EndpointLinksResolver - Exposing 3 endpoints beneath base path '/actuator'
17:38:06.949 [main] INFO  [] o.a.coyote.http11.Http11NioProtocol - Starting ProtocolHandler ["http-nio-8080"]
17:38:06.964 [main] INFO  [] o.s.b.w.e.tomcat.TomcatWebServer - Tomcat started on port 8080 (http) with context path '/'
17:38:06.979 [main] INFO  [] com.gymapp.GymAppApplication - Started GymAppApplication in 9.289 seconds (process running for 10.101)
17:38:16.115 [http-nio-8080-exec-1] INFO  [] o.a.c.c.C.[Tomcat].[localhost].[/] - Initializing Spring DispatcherServlet 'dispatcherServlet'
17:38:16.120 [http-nio-8080-exec-1] INFO  [] o.s.web.servlet.DispatcherServlet - Initializing Servlet 'dispatcherServlet'
17:38:16.159 [http-nio-8080-exec-1] INFO  [] o.s.web.servlet.DispatcherServlet - Completed initialization in 37 ms
17:38:16.222 [http-nio-8080-exec-1] INFO  [c3f7ba97-a073-4530-ae05-4bfa7e19b826] c.g.interceptor.LoggingInterceptor - Incoming request: GET /swagger-ui/index.html
17:38:16.254 [http-nio-8080-exec-1] INFO  [c3f7ba97-a073-4530-ae05-4bfa7e19b826] c.g.interceptor.LoggingInterceptor - Response status: 304
17:38:16.291 [http-nio-8080-exec-2] INFO  [8e9f96a0-580e-43dd-8faf-bb4c03845aff] c.g.interceptor.LoggingInterceptor - Incoming request: GET /swagger-ui/swagger-initializer.js
17:38:16.644 [http-nio-8080-exec-2] INFO  [8e9f96a0-580e-43dd-8faf-bb4c03845aff] c.g.interceptor.LoggingInterceptor - Response status: 200
17:38:16.747 [http-nio-8080-exec-3] INFO  [325a85a5-da72-4edb-9315-ac8ab0b34046] c.g.interceptor.LoggingInterceptor - Incoming request: GET /v3/api-docs/swagger-config
17:38:16.813 [http-nio-8080-exec-3] INFO  [325a85a5-da72-4edb-9315-ac8ab0b34046] c.g.interceptor.LoggingInterceptor - Response status: 200
17:38:16.845 [http-nio-8080-exec-4] INFO  [05955b97-82e8-4429-ba74-f921bbb55c65] c.g.interceptor.LoggingInterceptor - Incoming request: GET /swagger-ui/favicon-32x32.png
17:38:16.850 [http-nio-8080-exec-5] INFO  [c4e9feed-9ca7-4f47-8ce8-6deac4af96ac] c.g.interceptor.LoggingInterceptor - Incoming request: GET /v3/api-docs
17:38:16.856 [http-nio-8080-exec-4] INFO  [05955b97-82e8-4429-ba74-f921bbb55c65] c.g.interceptor.LoggingInterceptor - Response status: 304
17:38:19.193 [http-nio-8080-exec-5] INFO  [c4e9feed-9ca7-4f47-8ce8-6deac4af96ac] o.s.api.AbstractOpenApiResource - Init duration for springdoc-openapi is: 2236 ms
17:38:19.278 [http-nio-8080-exec-5] INFO  [c4e9feed-9ca7-4f47-8ce8-6deac4af96ac] c.g.interceptor.LoggingInterceptor - Response status: 200
17:43:44.323 [SpringApplicationShutdownHook] INFO  [] o.s.b.w.e.tomcat.GracefulShutdown - Commencing graceful shutdown. Waiting for active requests to complete
17:43:44.333 [tomcat-shutdown] INFO  [] o.s.b.w.e.tomcat.GracefulShutdown - Graceful shutdown complete
17:43:44.343 [SpringApplicationShutdownHook] INFO  [] o.s.o.j.LocalContainerEntityManagerFactoryBean - Closing JPA EntityManagerFactory for persistence unit 'default'
17:43:44.346 [SpringApplicationShutdownHook] INFO  [] com.zaxxer.hikari.HikariDataSource - HikariPool-1 - Shutdown initiated...
17:43:44.354 [SpringApplicationShutdownHook] INFO  [] com.zaxxer.hikari.HikariDataSource - HikariPool-1 - Shutdown completed.
17:43:56.526 [background-preinit] INFO  [] o.h.validator.internal.util.Version - HV000001: Hibernate Validator 8.0.3.Final
17:43:56.614 [main] INFO  [] com.gymapp.GymAppApplication - Starting GymAppApplication using Java 21.0.7 with PID 10752 (C:\Users\ASUS\Desktop\EPAM-COURSE\Spring-boot\spring-boot\target\classes started by ASUS in C:\Users\ASUS\Desktop\EPAM-COURSE\Spring-boot\spring-boot)
17:43:56.615 [main] INFO  [] com.gymapp.GymAppApplication - The following 1 profile is active: "local"
17:43:58.376 [main] INFO  [] o.s.d.r.c.RepositoryConfigurationDelegate - Bootstrapping Spring Data JPA repositories in DEFAULT mode.
17:43:58.478 [main] INFO  [] o.s.d.r.c.RepositoryConfigurationDelegate - Finished Spring Data repository scanning in 93 ms. Found 4 JPA repository interfaces.
17:43:59.363 [main] INFO  [] o.s.b.w.e.tomcat.TomcatWebServer - Tomcat initialized with port 8080 (http)
17:43:59.378 [main] INFO  [] o.a.coyote.http11.Http11NioProtocol - Initializing ProtocolHandler ["http-nio-8080"]
17:43:59.381 [main] INFO  [] o.a.catalina.core.StandardService - Starting service [Tomcat]
17:43:59.382 [main] INFO  [] o.a.catalina.core.StandardEngine - Starting Servlet engine: [Apache Tomcat/10.1.48]
17:43:59.471 [main] INFO  [] o.a.c.c.C.[Tomcat].[localhost].[/] - Initializing Spring embedded WebApplicationContext
17:43:59.473 [main] INFO  [] o.s.b.w.s.c.ServletWebServerApplicationContext - Root WebApplicationContext: initialization completed in 2787 ms
17:43:59.997 [main] INFO  [] o.h.jpa.internal.util.LogHelper - HHH000204: Processing PersistenceUnitInfo [name: default]
17:44:00.052 [main] INFO  [] org.hibernate.Version - HHH000412: Hibernate ORM core version 6.6.33.Final
17:44:00.081 [main] INFO  [] o.h.c.i.RegionFactoryInitiator - HHH000026: Second-level cache disabled
17:44:00.374 [main] INFO  [] o.s.o.j.p.SpringPersistenceUnitInfo - No LoadTimeWeaver setup: ignoring JPA class transformer
17:44:00.405 [main] INFO  [] com.zaxxer.hikari.HikariDataSource - HikariPool-1 - Starting...
17:44:00.756 [main] INFO  [] com.zaxxer.hikari.pool.HikariPool - HikariPool-1 - Added connection org.postgresql.jdbc.PgConnection@6684589a
17:44:00.761 [main] INFO  [] com.zaxxer.hikari.HikariDataSource - HikariPool-1 - Start completed.
17:44:00.864 [main] INFO  [] o.hibernate.orm.connections.pooling - HHH10001005: Database info:
	Database JDBC URL [Connecting through datasource 'HikariDataSource (HikariPool-1)']
	Database driver: undefined/unknown
	Database version: 17.5
	Autocommit mode: undefined/unknown
	Isolation level: undefined/unknown
	Minimum pool size: undefined/unknown
	Maximum pool size: undefined/unknown
17:44:02.267 [main] INFO  [] o.h.e.t.j.p.i.JtaPlatformInitiator - HHH000489: No JTA platform available (set 'hibernate.transaction.jta.platform' to enable JTA platform integration)
17:44:02.381 [main] INFO  [] o.s.o.j.LocalContainerEntityManagerFactoryBean - Initialized JPA EntityManagerFactory for persistence unit 'default'
17:44:02.813 [main] INFO  [] o.s.d.j.r.query.QueryEnhancerFactory - Hibernate is in classpath; If applicable, HQL parser will be used.
17:44:04.752 [main] INFO  [] o.s.b.a.e.web.EndpointLinksResolver - Exposing 3 endpoints beneath base path '/actuator'
17:44:04.851 [main] INFO  [] o.a.coyote.http11.Http11NioProtocol - Starting ProtocolHandler ["http-nio-8080"]
17:44:04.867 [main] INFO  [] o.s.b.w.e.tomcat.TomcatWebServer - Tomcat started on port 8080 (http) with context path '/'
17:44:04.880 [main] INFO  [] com.gymapp.GymAppApplication - Started GymAppApplication in 8.883 seconds (process running for 9.552)
17:44:11.185 [http-nio-8080-exec-1] INFO  [] o.a.c.c.C.[Tomcat].[localhost].[/] - Initializing Spring DispatcherServlet 'dispatcherServlet'
17:44:11.185 [http-nio-8080-exec-1] INFO  [] o.s.web.servlet.DispatcherServlet - Initializing Servlet 'dispatcherServlet'
17:44:11.187 [http-nio-8080-exec-1] INFO  [] o.s.web.servlet.DispatcherServlet - Completed initialization in 2 ms
17:44:11.229 [http-nio-8080-exec-1] INFO  [f5b0fcd5-04ee-4763-b1a8-97a5214fbc86] c.g.interceptor.LoggingInterceptor - Incoming request: GET /swagger-ui/index.html
17:44:11.263 [http-nio-8080-exec-1] INFO  [f5b0fcd5-04ee-4763-b1a8-97a5214fbc86] c.g.interceptor.LoggingInterceptor - Response status: 304
17:44:11.337 [http-nio-8080-exec-3] INFO  [c15237c7-1da3-4f8a-89ce-c4c99ebe2d69] c.g.interceptor.LoggingInterceptor - Incoming request: GET /swagger-ui/swagger-initializer.js
17:44:11.493 [http-nio-8080-exec-3] INFO  [c15237c7-1da3-4f8a-89ce-c4c99ebe2d69] c.g.interceptor.LoggingInterceptor - Response status: 200
17:44:11.629 [http-nio-8080-exec-6] INFO  [1cff965e-9020-4ff7-b7db-fa29a2dceea9] c.g.interceptor.LoggingInterceptor - Incoming request: GET /v3/api-docs/swagger-config
17:44:11.680 [http-nio-8080-exec-6] INFO  [1cff965e-9020-4ff7-b7db-fa29a2dceea9] c.g.interceptor.LoggingInterceptor - Response status: 200
17:44:11.707 [http-nio-8080-exec-5] INFO  [95bc90be-d80c-4e02-8041-93a2367d61fe] c.g.interceptor.LoggingInterceptor - Incoming request: GET /v3/api-docs
17:44:14.643 [http-nio-8080-exec-5] INFO  [95bc90be-d80c-4e02-8041-93a2367d61fe] o.s.api.AbstractOpenApiResource - Init duration for springdoc-openapi is: 2908 ms
17:44:15.038 [http-nio-8080-exec-5] INFO  [95bc90be-d80c-4e02-8041-93a2367d61fe] c.g.interceptor.LoggingInterceptor - Response status: 200
17:45:22.739 [http-nio-8080-exec-7] INFO  [38043619-7b52-4000-865a-7115d961c758] c.g.interceptor.LoggingInterceptor - Incoming request: GET /api/v1/trainees/test.test
17:45:22.772 [http-nio-8080-exec-7] INFO  [38043619-7b52-4000-865a-7115d961c758] c.g.interceptor.LoggingInterceptor - Response status: 401
17:46:22.102 [http-nio-8080-exec-8] INFO  [e806a643-1989-4be3-9a94-60e47397ffb4] c.g.interceptor.LoggingInterceptor - Incoming request: GET /api/v1/trainees/test.test
17:46:22.102 [http-nio-8080-exec-8] INFO  [e806a643-1989-4be3-9a94-60e47397ffb4] c.g.interceptor.LoggingInterceptor - Response status: 401
17:46:24.351 [http-nio-8080-exec-9] INFO  [25721425-9e66-4860-80ec-a1c130ca1f3f] c.g.interceptor.LoggingInterceptor - Incoming request: GET /api/v1/trainees/test.test
17:46:24.354 [http-nio-8080-exec-9] INFO  [25721425-9e66-4860-80ec-a1c130ca1f3f] c.g.interceptor.LoggingInterceptor - Response status: 401
17:48:21.053 [http-nio-8080-exec-1] INFO  [0b28bcff-adca-40ee-a51f-0d9811661d3c] c.g.interceptor.LoggingInterceptor - Incoming request: POST /api/v1/auth/login
17:48:21.223 [http-nio-8080-exec-1] INFO  [0b28bcff-adca-40ee-a51f-0d9811661d3c] com.gymapp.service.core.AuthManager - Authenticating user: adrian.rincon
17:48:21.515 [http-nio-8080-exec-1] INFO  [0b28bcff-adca-40ee-a51f-0d9811661d3c] c.g.interceptor.LoggingInterceptor - Response status: 400
17:49:50.280 [http-nio-8080-exec-3] INFO  [28d56066-6f27-4ddb-a55e-6cbac915af66] c.g.interceptor.LoggingInterceptor - Incoming request: POST /api/v1/trainees
17:49:50.304 [http-nio-8080-exec-3] INFO  [28d56066-6f27-4ddb-a55e-6cbac915af66] c.g.s.trainee.TraineeServiceImpl - Registering new trainee: test1 xdd
17:49:51.035 [http-nio-8080-exec-3] INFO  [28d56066-6f27-4ddb-a55e-6cbac915af66] c.g.interceptor.LoggingInterceptor - Response status: 201
17:51:30.996 [http-nio-8080-exec-5] INFO  [e24f6c50-334e-4448-803c-b62f17d12416] c.g.interceptor.LoggingInterceptor - Incoming request: POST /api/v1/auth/login
17:51:30.997 [http-nio-8080-exec-5] INFO  [e24f6c50-334e-4448-803c-b62f17d12416] com.gymapp.service.core.AuthManager - Authenticating user: test1.xdd
17:51:31.101 [http-nio-8080-exec-5] INFO  [e24f6c50-334e-4448-803c-b62f17d12416] com.gymapp.service.core.AuthManager - Authentication successful for user: test1.xdd
17:51:31.103 [http-nio-8080-exec-5] INFO  [e24f6c50-334e-4448-803c-b62f17d12416] c.g.interceptor.LoggingInterceptor - Response status: 200
17:52:21.841 [http-nio-8080-exec-4] INFO  [062528ba-f111-436a-bf83-46b0d322677c] c.g.interceptor.LoggingInterceptor - Incoming request: GET /api/v1/trainees/test.test
17:52:21.854 [http-nio-8080-exec-4] INFO  [062528ba-f111-436a-bf83-46b0d322677c] c.g.interceptor.LoggingInterceptor - Response status: 401
17:52:52.749 [http-nio-8080-exec-2] INFO  [8176dc4a-4314-43a8-9198-0133c2a82262] c.g.interceptor.LoggingInterceptor - Incoming request: GET /api/v1/trainees/test1.xdd
17:52:52.753 [http-nio-8080-exec-2] INFO  [8176dc4a-4314-43a8-9198-0133c2a82262] c.g.interceptor.LoggingInterceptor - Response status: 401
17:54:52.487 [SpringApplicationShutdownHook] INFO  [] o.s.b.w.e.tomcat.GracefulShutdown - Commencing graceful shutdown. Waiting for active requests to complete
17:54:52.500 [tomcat-shutdown] INFO  [] o.s.b.w.e.tomcat.GracefulShutdown - Graceful shutdown complete
17:54:52.510 [SpringApplicationShutdownHook] INFO  [] o.s.o.j.LocalContainerEntityManagerFactoryBean - Closing JPA EntityManagerFactory for persistence unit 'default'
17:54:52.514 [SpringApplicationShutdownHook] INFO  [] com.zaxxer.hikari.HikariDataSource - HikariPool-1 - Shutdown initiated...
17:54:52.522 [SpringApplicationShutdownHook] INFO  [] com.zaxxer.hikari.HikariDataSource - HikariPool-1 - Shutdown completed.
17:58:41.868 [background-preinit] INFO  [] o.h.validator.internal.util.Version - HV000001: Hibernate Validator 8.0.3.Final
17:58:41.975 [main] INFO  [] com.gymapp.GymAppApplication - Starting GymAppApplication using Java 21.0.7 with PID 8272 (C:\Users\ASUS\Desktop\EPAM-COURSE\Spring-boot\spring-boot\target\classes started by ASUS in C:\Users\ASUS\Desktop\EPAM-COURSE\Spring-boot\spring-boot)
17:58:41.977 [main] INFO  [] com.gymapp.GymAppApplication - The following 1 profile is active: "local"
17:58:43.950 [main] INFO  [] o.s.d.r.c.RepositoryConfigurationDelegate - Bootstrapping Spring Data JPA repositories in DEFAULT mode.
17:58:44.047 [main] INFO  [] o.s.d.r.c.RepositoryConfigurationDelegate - Finished Spring Data repository scanning in 86 ms. Found 4 JPA repository interfaces.
17:58:45.119 [main] INFO  [] o.s.b.w.e.tomcat.TomcatWebServer - Tomcat initialized with port 8080 (http)
17:58:45.142 [main] INFO  [] o.a.coyote.http11.Http11NioProtocol - Initializing ProtocolHandler ["http-nio-8080"]
17:58:45.147 [main] INFO  [] o.a.catalina.core.StandardService - Starting service [Tomcat]
17:58:45.148 [main] INFO  [] o.a.catalina.core.StandardEngine - Starting Servlet engine: [Apache Tomcat/10.1.48]
17:58:45.274 [main] INFO  [] o.a.c.c.C.[Tomcat].[localhost].[/] - Initializing Spring embedded WebApplicationContext
17:58:45.275 [main] INFO  [] o.s.b.w.s.c.ServletWebServerApplicationContext - Root WebApplicationContext: initialization completed in 3199 ms
17:58:45.982 [main] INFO  [] o.h.jpa.internal.util.LogHelper - HHH000204: Processing PersistenceUnitInfo [name: default]
17:58:46.058 [main] INFO  [] org.hibernate.Version - HHH000412: Hibernate ORM core version 6.6.33.Final
17:58:46.111 [main] INFO  [] o.h.c.i.RegionFactoryInitiator - HHH000026: Second-level cache disabled
17:58:46.540 [main] INFO  [] o.s.o.j.p.SpringPersistenceUnitInfo - No LoadTimeWeaver setup: ignoring JPA class transformer
17:58:46.579 [main] INFO  [] com.zaxxer.hikari.HikariDataSource - HikariPool-1 - Starting...
17:58:46.814 [main] INFO  [] com.zaxxer.hikari.pool.HikariPool - HikariPool-1 - Added connection org.postgresql.jdbc.PgConnection@7c840fe3
17:58:46.815 [main] INFO  [] com.zaxxer.hikari.HikariDataSource - HikariPool-1 - Start completed.
17:58:46.888 [main] INFO  [] o.hibernate.orm.connections.pooling - HHH10001005: Database info:
	Database JDBC URL [Connecting through datasource 'HikariDataSource (HikariPool-1)']
	Database driver: undefined/unknown
	Database version: 17.5
	Autocommit mode: undefined/unknown
	Isolation level: undefined/unknown
	Minimum pool size: undefined/unknown
	Maximum pool size: undefined/unknown
17:58:48.176 [main] INFO  [] o.h.e.t.j.p.i.JtaPlatformInitiator - HHH000489: No JTA platform available (set 'hibernate.transaction.jta.platform' to enable JTA platform integration)
17:58:48.314 [main] INFO  [] o.s.o.j.LocalContainerEntityManagerFactoryBean - Initialized JPA EntityManagerFactory for persistence unit 'default'
17:58:48.809 [main] INFO  [] o.s.d.j.r.query.QueryEnhancerFactory - Hibernate is in classpath; If applicable, HQL parser will be used.
17:58:51.549 [main] INFO  [] o.s.b.a.e.web.EndpointLinksResolver - Exposing 3 endpoints beneath base path '/actuator'
17:58:51.739 [main] INFO  [] o.a.coyote.http11.Http11NioProtocol - Starting ProtocolHandler ["http-nio-8080"]
17:58:51.771 [main] INFO  [] o.s.b.w.e.tomcat.TomcatWebServer - Tomcat started on port 8080 (http) with context path '/'
17:58:51.890 [main] INFO  [] com.gymapp.GymAppApplication - Started GymAppApplication in 10.58 seconds (process running for 11.339)
17:58:56.449 [http-nio-8080-exec-1] INFO  [] o.a.c.c.C.[Tomcat].[localhost].[/] - Initializing Spring DispatcherServlet 'dispatcherServlet'
17:58:56.450 [http-nio-8080-exec-1] INFO  [] o.s.web.servlet.DispatcherServlet - Initializing Servlet 'dispatcherServlet'
17:58:56.452 [http-nio-8080-exec-1] INFO  [] o.s.web.servlet.DispatcherServlet - Completed initialization in 2 ms
17:58:57.692 [http-nio-8080-exec-2] INFO  [b3ad7f9e-44fe-408e-895b-a8f5de793424] c.g.interceptor.LoggingInterceptor - Incoming request: GET /favicon.ico
17:58:57.696 [http-nio-8080-exec-2] INFO  [b3ad7f9e-44fe-408e-895b-a8f5de793424] c.g.interceptor.LoggingInterceptor - Response status: 401
18:00:59.914 [SpringApplicationShutdownHook] INFO  [] o.s.b.w.e.tomcat.GracefulShutdown - Commencing graceful shutdown. Waiting for active requests to complete
18:00:59.933 [tomcat-shutdown] INFO  [] o.s.b.w.e.tomcat.GracefulShutdown - Graceful shutdown complete
18:00:59.941 [SpringApplicationShutdownHook] INFO  [] o.s.o.j.LocalContainerEntityManagerFactoryBean - Closing JPA EntityManagerFactory for persistence unit 'default'
18:00:59.943 [SpringApplicationShutdownHook] INFO  [] com.zaxxer.hikari.HikariDataSource - HikariPool-1 - Shutdown initiated...
18:00:59.948 [SpringApplicationShutdownHook] INFO  [] com.zaxxer.hikari.HikariDataSource - HikariPool-1 - Shutdown completed.
20:02:29.370 [background-preinit] INFO  [] o.h.validator.internal.util.Version - HV000001: Hibernate Validator 8.0.3.Final
20:02:29.442 [main] INFO  [] com.gymapp.GymAppApplication - Starting GymAppApplication using Java 21.0.7 with PID 23560 (C:\Users\ASUS\Desktop\EPAM-COURSE\Spring-boot\spring-boot\target\classes started by ASUS in C:\Users\ASUS\Desktop\EPAM-COURSE\Spring-boot\spring-boot)
20:02:29.443 [main] INFO  [] com.gymapp.GymAppApplication - The following 1 profile is active: "local"
20:02:31.155 [main] INFO  [] o.s.d.r.c.RepositoryConfigurationDelegate - Bootstrapping Spring Data JPA repositories in DEFAULT mode.
20:02:31.253 [main] INFO  [] o.s.d.r.c.RepositoryConfigurationDelegate - Finished Spring Data repository scanning in 88 ms. Found 4 JPA repository interfaces.
20:02:32.015 [main] INFO  [] o.s.b.w.e.tomcat.TomcatWebServer - Tomcat initialized with port 8080 (http)
20:02:32.027 [main] INFO  [] o.a.coyote.http11.Http11NioProtocol - Initializing ProtocolHandler ["http-nio-8080"]
20:02:32.030 [main] INFO  [] o.a.catalina.core.StandardService - Starting service [Tomcat]
20:02:32.031 [main] INFO  [] o.a.catalina.core.StandardEngine - Starting Servlet engine: [Apache Tomcat/10.1.48]
20:02:32.121 [main] INFO  [] o.a.c.c.C.[Tomcat].[localhost].[/] - Initializing Spring embedded WebApplicationContext
20:02:32.121 [main] INFO  [] o.s.b.w.s.c.ServletWebServerApplicationContext - Root WebApplicationContext: initialization completed in 2631 ms
20:02:32.612 [main] INFO  [] o.h.jpa.internal.util.LogHelper - HHH000204: Processing PersistenceUnitInfo [name: default]
20:02:32.675 [main] INFO  [] org.hibernate.Version - HHH000412: Hibernate ORM core version 6.6.33.Final
20:02:32.739 [main] INFO  [] o.h.c.i.RegionFactoryInitiator - HHH000026: Second-level cache disabled
20:02:32.991 [main] INFO  [] o.s.o.j.p.SpringPersistenceUnitInfo - No LoadTimeWeaver setup: ignoring JPA class transformer
20:02:33.011 [main] INFO  [] com.zaxxer.hikari.HikariDataSource - HikariPool-1 - Starting...
20:02:33.155 [main] INFO  [] com.zaxxer.hikari.pool.HikariPool - HikariPool-1 - Added connection org.postgresql.jdbc.PgConnection@4cf5d999
20:02:33.156 [main] INFO  [] com.zaxxer.hikari.HikariDataSource - HikariPool-1 - Start completed.
20:02:33.196 [main] INFO  [] o.hibernate.orm.connections.pooling - HHH10001005: Database info:
	Database JDBC URL [Connecting through datasource 'HikariDataSource (HikariPool-1)']
	Database driver: undefined/unknown
	Database version: 17.5
	Autocommit mode: undefined/unknown
	Isolation level: undefined/unknown
	Minimum pool size: undefined/unknown
	Maximum pool size: undefined/unknown
20:02:34.202 [main] INFO  [] o.h.e.t.j.p.i.JtaPlatformInitiator - HHH000489: No JTA platform available (set 'hibernate.transaction.jta.platform' to enable JTA platform integration)
20:02:34.301 [main] INFO  [] o.s.o.j.LocalContainerEntityManagerFactoryBean - Initialized JPA EntityManagerFactory for persistence unit 'default'
20:02:34.708 [main] INFO  [] o.s.d.j.r.query.QueryEnhancerFactory - Hibernate is in classpath; If applicable, HQL parser will be used.
20:02:36.372 [main] INFO  [] o.s.b.a.e.web.EndpointLinksResolver - Exposing 3 endpoints beneath base path '/actuator'
20:02:36.430 [main] INFO  [] o.a.coyote.http11.Http11NioProtocol - Starting ProtocolHandler ["http-nio-8080"]
20:02:36.447 [main] INFO  [] o.s.b.w.e.tomcat.TomcatWebServer - Tomcat started on port 8080 (http) with context path '/'
20:02:36.460 [main] INFO  [] com.gymapp.GymAppApplication - Started GymAppApplication in 7.513 seconds (process running for 8.148)
20:02:47.231 [http-nio-8080-exec-2] INFO  [] o.a.c.c.C.[Tomcat].[localhost].[/] - Initializing Spring DispatcherServlet 'dispatcherServlet'
20:02:47.231 [http-nio-8080-exec-2] INFO  [] o.s.web.servlet.DispatcherServlet - Initializing Servlet 'dispatcherServlet'
20:02:47.231 [http-nio-8080-exec-2] INFO  [] o.s.web.servlet.DispatcherServlet - Completed initialization in 0 ms
20:02:47.291 [http-nio-8080-exec-2] INFO  [6fcf25eb-0c6d-4891-b3d1-c8641bf96ae4] c.g.interceptor.LoggingInterceptor - Incoming request: GET /swagger-ui/swagger-initializer.js
20:02:47.410 [http-nio-8080-exec-2] INFO  [6fcf25eb-0c6d-4891-b3d1-c8641bf96ae4] c.g.interceptor.LoggingInterceptor - Response status: 200
20:02:47.524 [http-nio-8080-exec-1] INFO  [3c0b1bc5-404b-4e87-b5d6-8af6fa2f6da7] c.g.interceptor.LoggingInterceptor - Incoming request: GET /v3/api-docs/swagger-config
20:02:47.574 [http-nio-8080-exec-1] INFO  [3c0b1bc5-404b-4e87-b5d6-8af6fa2f6da7] c.g.interceptor.LoggingInterceptor - Response status: 200
20:02:47.584 [http-nio-8080-exec-3] INFO  [6dbd19ff-8df1-4f44-b06f-f0b5ea01a5cd] c.g.interceptor.LoggingInterceptor - Incoming request: GET /v3/api-docs
20:02:48.655 [http-nio-8080-exec-3] INFO  [6dbd19ff-8df1-4f44-b06f-f0b5ea01a5cd] o.s.api.AbstractOpenApiResource - Init duration for springdoc-openapi is: 1048 ms
20:02:48.781 [http-nio-8080-exec-3] INFO  [6dbd19ff-8df1-4f44-b06f-f0b5ea01a5cd] c.g.interceptor.LoggingInterceptor - Response status: 200
20:07:47.338 [http-nio-8080-exec-6] INFO  [1ad10942-2622-404b-a62a-d57ec116bc15] c.g.interceptor.LoggingInterceptor - Incoming request: GET /api/v1/trainees/test1.xdd
20:07:47.341 [http-nio-8080-exec-6] INFO  [1ad10942-2622-404b-a62a-d57ec116bc15] c.g.interceptor.LoggingInterceptor - Response status: 401
20:10:05.081 [http-nio-8080-exec-8] INFO  [a0073357-f5b1-46f8-977c-9aec602aa925] c.g.interceptor.LoggingInterceptor - Incoming request: GET /api/v1/trainees/test1.xdd
20:10:05.082 [http-nio-8080-exec-8] INFO  [a0073357-f5b1-46f8-977c-9aec602aa925] c.g.interceptor.LoggingInterceptor - Response status: 401
20:10:40.143 [http-nio-8080-exec-10] INFO  [a1edb6f2-54b7-4e9b-a598-03d2d7e54047] c.g.interceptor.LoggingInterceptor - Incoming request: GET /api/v1/trainees/test1.xdd
20:10:40.143 [http-nio-8080-exec-10] INFO  [a1edb6f2-54b7-4e9b-a598-03d2d7e54047] c.g.interceptor.LoggingInterceptor - Response status: 401
20:10:53.642 [SpringApplicationShutdownHook] INFO  [] o.s.b.w.e.tomcat.GracefulShutdown - Commencing graceful shutdown. Waiting for active requests to complete
20:10:53.659 [tomcat-shutdown] INFO  [] o.s.b.w.e.tomcat.GracefulShutdown - Graceful shutdown complete
20:10:53.665 [SpringApplicationShutdownHook] INFO  [] o.s.o.j.LocalContainerEntityManagerFactoryBean - Closing JPA EntityManagerFactory for persistence unit 'default'
20:10:53.669 [SpringApplicationShutdownHook] INFO  [] com.zaxxer.hikari.HikariDataSource - HikariPool-1 - Shutdown initiated...
20:10:53.673 [SpringApplicationShutdownHook] INFO  [] com.zaxxer.hikari.HikariDataSource - HikariPool-1 - Shutdown completed.
20:12:04.824 [background-preinit] INFO  [] o.h.validator.internal.util.Version - HV000001: Hibernate Validator 8.0.3.Final
20:12:04.885 [main] INFO  [] com.gymapp.GymAppApplication - Starting GymAppApplication using Java 21.0.7 with PID 14068 (C:\Users\ASUS\Desktop\EPAM-COURSE\Spring-boot\spring-boot\target\classes started by ASUS in C:\Users\ASUS\Desktop\EPAM-COURSE\Spring-boot\spring-boot)
20:12:04.886 [main] INFO  [] com.gymapp.GymAppApplication - The following 1 profile is active: "local"
20:12:06.461 [main] INFO  [] o.s.d.r.c.RepositoryConfigurationDelegate - Bootstrapping Spring Data JPA repositories in DEFAULT mode.
20:12:06.578 [main] INFO  [] o.s.d.r.c.RepositoryConfigurationDelegate - Finished Spring Data repository scanning in 97 ms. Found 4 JPA repository interfaces.
20:12:07.455 [main] INFO  [] o.s.b.w.e.tomcat.TomcatWebServer - Tomcat initialized with port 8080 (http)
20:12:07.471 [main] INFO  [] o.a.coyote.http11.Http11NioProtocol - Initializing ProtocolHandler ["http-nio-8080"]
20:12:07.473 [main] INFO  [] o.a.catalina.core.StandardService - Starting service [Tomcat]
20:12:07.473 [main] INFO  [] o.a.catalina.core.StandardEngine - Starting Servlet engine: [Apache Tomcat/10.1.48]
20:12:07.547 [main] INFO  [] o.a.c.c.C.[Tomcat].[localhost].[/] - Initializing Spring embedded WebApplicationContext
20:12:07.548 [main] INFO  [] o.s.b.w.s.c.ServletWebServerApplicationContext - Root WebApplicationContext: initialization completed in 2613 ms
20:12:07.958 [main] INFO  [] o.h.jpa.internal.util.LogHelper - HHH000204: Processing PersistenceUnitInfo [name: default]
20:12:08.029 [main] INFO  [] org.hibernate.Version - HHH000412: Hibernate ORM core version 6.6.33.Final
20:12:08.079 [main] INFO  [] o.h.c.i.RegionFactoryInitiator - HHH000026: Second-level cache disabled
20:12:08.310 [main] INFO  [] o.s.o.j.p.SpringPersistenceUnitInfo - No LoadTimeWeaver setup: ignoring JPA class transformer
20:12:08.330 [main] INFO  [] com.zaxxer.hikari.HikariDataSource - HikariPool-1 - Starting...
20:12:08.614 [main] INFO  [] com.zaxxer.hikari.pool.HikariPool - HikariPool-1 - Added connection org.postgresql.jdbc.PgConnection@5d15789f
20:12:08.619 [main] INFO  [] com.zaxxer.hikari.HikariDataSource - HikariPool-1 - Start completed.
20:12:08.664 [main] INFO  [] o.hibernate.orm.connections.pooling - HHH10001005: Database info:
	Database JDBC URL [Connecting through datasource 'HikariDataSource (HikariPool-1)']
	Database driver: undefined/unknown
	Database version: 17.5
	Autocommit mode: undefined/unknown
	Isolation level: undefined/unknown
	Minimum pool size: undefined/unknown
	Maximum pool size: undefined/unknown
20:12:09.566 [main] INFO  [] o.h.e.t.j.p.i.JtaPlatformInitiator - HHH000489: No JTA platform available (set 'hibernate.transaction.jta.platform' to enable JTA platform integration)
20:12:09.664 [main] INFO  [] o.s.o.j.LocalContainerEntityManagerFactoryBean - Initialized JPA EntityManagerFactory for persistence unit 'default'
20:12:10.014 [main] INFO  [] o.s.d.j.r.query.QueryEnhancerFactory - Hibernate is in classpath; If applicable, HQL parser will be used.
20:12:11.630 [main] INFO  [] o.s.b.a.e.web.EndpointLinksResolver - Exposing 3 endpoints beneath base path '/actuator'
20:12:11.718 [main] INFO  [] o.a.coyote.http11.Http11NioProtocol - Starting ProtocolHandler ["http-nio-8080"]
20:12:11.734 [main] INFO  [] o.s.b.w.e.tomcat.TomcatWebServer - Tomcat started on port 8080 (http) with context path '/'
20:12:11.750 [main] INFO  [] com.gymapp.GymAppApplication - Started GymAppApplication in 7.287 seconds (process running for 7.904)
20:12:16.630 [http-nio-8080-exec-1] INFO  [] o.a.c.c.C.[Tomcat].[localhost].[/] - Initializing Spring DispatcherServlet 'dispatcherServlet'
20:12:16.630 [http-nio-8080-exec-1] INFO  [] o.s.web.servlet.DispatcherServlet - Initializing Servlet 'dispatcherServlet'
20:12:16.638 [http-nio-8080-exec-1] INFO  [] o.s.web.servlet.DispatcherServlet - Completed initialization in 8 ms
20:12:16.694 [http-nio-8080-exec-1] INFO  [93e052c3-6009-4a9a-8164-5dc81ba605c9] c.g.interceptor.LoggingInterceptor - Incoming request: GET /swagger-ui/index.html
20:12:16.765 [http-nio-8080-exec-1] INFO  [93e052c3-6009-4a9a-8164-5dc81ba605c9] c.g.interceptor.LoggingInterceptor - Response status: 200
20:12:16.805 [http-nio-8080-exec-4] INFO  [a507f2d1-9e3f-4dd2-bf1d-91a0a743cff9] c.g.interceptor.LoggingInterceptor - Incoming request: GET /swagger-ui/swagger-initializer.js
20:12:16.874 [http-nio-8080-exec-4] INFO  [a507f2d1-9e3f-4dd2-bf1d-91a0a743cff9] c.g.interceptor.LoggingInterceptor - Response status: 200
20:12:17.083 [http-nio-8080-exec-5] INFO  [a5b04aa9-7a41-417a-993d-3deab92443f6] c.g.interceptor.LoggingInterceptor - Incoming request: GET /v3/api-docs/swagger-config
20:12:17.123 [http-nio-8080-exec-5] INFO  [a5b04aa9-7a41-417a-993d-3deab92443f6] c.g.interceptor.LoggingInterceptor - Response status: 200
20:12:17.172 [http-nio-8080-exec-2] INFO  [243b6d85-89a2-46e7-ac40-993cebe696e2] c.g.interceptor.LoggingInterceptor - Incoming request: GET /v3/api-docs
20:12:18.245 [http-nio-8080-exec-2] INFO  [243b6d85-89a2-46e7-ac40-993cebe696e2] o.s.api.AbstractOpenApiResource - Init duration for springdoc-openapi is: 1047 ms
20:12:18.327 [http-nio-8080-exec-2] INFO  [243b6d85-89a2-46e7-ac40-993cebe696e2] c.g.interceptor.LoggingInterceptor - Response status: 200
20:13:28.600 [SpringApplicationShutdownHook] INFO  [] o.s.b.w.e.tomcat.GracefulShutdown - Commencing graceful shutdown. Waiting for active requests to complete
20:13:28.613 [tomcat-shutdown] INFO  [] o.s.b.w.e.tomcat.GracefulShutdown - Graceful shutdown complete
20:13:28.621 [SpringApplicationShutdownHook] INFO  [] o.s.o.j.LocalContainerEntityManagerFactoryBean - Closing JPA EntityManagerFactory for persistence unit 'default'
20:13:28.623 [SpringApplicationShutdownHook] INFO  [] com.zaxxer.hikari.HikariDataSource - HikariPool-1 - Shutdown initiated...
20:13:28.628 [SpringApplicationShutdownHook] INFO  [] com.zaxxer.hikari.HikariDataSource - HikariPool-1 - Shutdown completed.
20:27:54.636 [background-preinit] INFO  [] o.h.validator.internal.util.Version - HV000001: Hibernate Validator 8.0.3.Final
20:27:54.701 [main] INFO  [] com.gymapp.GymAppApplication - Starting GymAppApplication using Java 21.0.7 with PID 17116 (C:\Users\ASUS\Desktop\EPAM-COURSE\Spring-boot\spring-boot\target\classes started by ASUS in C:\Users\ASUS\Desktop\EPAM-COURSE\Spring-boot\spring-boot)
20:27:54.704 [main] INFO  [] com.gymapp.GymAppApplication - The following 1 profile is active: "local"
20:27:56.191 [main] INFO  [] o.s.d.r.c.RepositoryConfigurationDelegate - Bootstrapping Spring Data JPA repositories in DEFAULT mode.
20:27:56.295 [main] INFO  [] o.s.d.r.c.RepositoryConfigurationDelegate - Finished Spring Data repository scanning in 96 ms. Found 4 JPA repository interfaces.
20:27:57.092 [main] INFO  [] o.s.b.w.e.tomcat.TomcatWebServer - Tomcat initialized with port 8080 (http)
20:27:57.113 [main] INFO  [] o.a.coyote.http11.Http11NioProtocol - Initializing ProtocolHandler ["http-nio-8080"]
20:27:57.115 [main] INFO  [] o.a.catalina.core.StandardService - Starting service [Tomcat]
20:27:57.117 [main] INFO  [] o.a.catalina.core.StandardEngine - Starting Servlet engine: [Apache Tomcat/10.1.48]
20:27:57.190 [main] INFO  [] o.a.c.c.C.[Tomcat].[localhost].[/] - Initializing Spring embedded WebApplicationContext
20:27:57.193 [main] INFO  [] o.s.b.w.s.c.ServletWebServerApplicationContext - Root WebApplicationContext: initialization completed in 2429 ms
20:27:57.592 [main] INFO  [] o.h.jpa.internal.util.LogHelper - HHH000204: Processing PersistenceUnitInfo [name: default]
20:27:57.644 [main] INFO  [] org.hibernate.Version - HHH000412: Hibernate ORM core version 6.6.33.Final
20:27:57.707 [main] INFO  [] o.h.c.i.RegionFactoryInitiator - HHH000026: Second-level cache disabled
20:27:58.006 [main] INFO  [] o.s.o.j.p.SpringPersistenceUnitInfo - No LoadTimeWeaver setup: ignoring JPA class transformer
20:27:58.026 [main] INFO  [] com.zaxxer.hikari.HikariDataSource - HikariPool-1 - Starting...
20:27:58.185 [main] INFO  [] com.zaxxer.hikari.pool.HikariPool - HikariPool-1 - Added connection org.postgresql.jdbc.PgConnection@3a13f663
20:27:58.187 [main] INFO  [] com.zaxxer.hikari.HikariDataSource - HikariPool-1 - Start completed.
20:27:58.226 [main] INFO  [] o.hibernate.orm.connections.pooling - HHH10001005: Database info:
	Database JDBC URL [Connecting through datasource 'HikariDataSource (HikariPool-1)']
	Database driver: undefined/unknown
	Database version: 17.5
	Autocommit mode: undefined/unknown
	Isolation level: undefined/unknown
	Minimum pool size: undefined/unknown
	Maximum pool size: undefined/unknown
20:27:59.197 [main] INFO  [] o.h.e.t.j.p.i.JtaPlatformInitiator - HHH000489: No JTA platform available (set 'hibernate.transaction.jta.platform' to enable JTA platform integration)
20:27:59.292 [main] INFO  [] o.s.o.j.LocalContainerEntityManagerFactoryBean - Initialized JPA EntityManagerFactory for persistence unit 'default'
20:27:59.700 [main] INFO  [] o.s.d.j.r.query.QueryEnhancerFactory - Hibernate is in classpath; If applicable, HQL parser will be used.
20:28:01.348 [main] INFO  [] o.s.b.a.e.web.EndpointLinksResolver - Exposing 3 endpoints beneath base path '/actuator'
20:28:01.409 [main] INFO  [] o.a.coyote.http11.Http11NioProtocol - Starting ProtocolHandler ["http-nio-8080"]
20:28:01.424 [main] INFO  [] o.s.b.w.e.tomcat.TomcatWebServer - Tomcat started on port 8080 (http) with context path '/'
20:28:01.443 [main] INFO  [] com.gymapp.GymAppApplication - Started GymAppApplication in 7.166 seconds (process running for 7.804)
20:28:09.974 [http-nio-8080-exec-1] INFO  [] o.a.c.c.C.[Tomcat].[localhost].[/] - Initializing Spring DispatcherServlet 'dispatcherServlet'
20:28:09.974 [http-nio-8080-exec-1] INFO  [] o.s.web.servlet.DispatcherServlet - Initializing Servlet 'dispatcherServlet'
20:28:09.978 [http-nio-8080-exec-1] INFO  [] o.s.web.servlet.DispatcherServlet - Completed initialization in 3 ms
20:28:10.038 [http-nio-8080-exec-1] INFO  [b9be5be7-fe09-4f1c-b235-8a2d878448f4] c.g.interceptor.LoggingInterceptor - Incoming request: GET /swagger-ui/index.html
20:28:10.070 [http-nio-8080-exec-1] INFO  [b9be5be7-fe09-4f1c-b235-8a2d878448f4] c.g.interceptor.LoggingInterceptor - Response status: 304
20:28:10.123 [http-nio-8080-exec-2] INFO  [19fa7544-ed1e-40d7-a00a-1366efdc727a] c.g.interceptor.LoggingInterceptor - Incoming request: GET /swagger-ui/swagger-initializer.js
20:28:10.192 [http-nio-8080-exec-2] INFO  [19fa7544-ed1e-40d7-a00a-1366efdc727a] c.g.interceptor.LoggingInterceptor - Response status: 200
20:28:10.321 [http-nio-8080-exec-3] INFO  [3a2245cf-ded6-410e-8251-f0fb568fcb91] c.g.interceptor.LoggingInterceptor - Incoming request: GET /v3/api-docs/swagger-config
20:28:10.363 [http-nio-8080-exec-3] INFO  [3a2245cf-ded6-410e-8251-f0fb568fcb91] c.g.interceptor.LoggingInterceptor - Response status: 200
20:28:10.424 [http-nio-8080-exec-4] INFO  [5396e22a-f72f-41c6-89a7-0e800d2c77f4] c.g.interceptor.LoggingInterceptor - Incoming request: GET /v3/api-docs
20:28:11.673 [http-nio-8080-exec-4] INFO  [5396e22a-f72f-41c6-89a7-0e800d2c77f4] o.s.api.AbstractOpenApiResource - Init duration for springdoc-openapi is: 1224 ms
20:28:11.791 [http-nio-8080-exec-4] INFO  [5396e22a-f72f-41c6-89a7-0e800d2c77f4] c.g.interceptor.LoggingInterceptor - Response status: 200
20:28:19.206 [http-nio-8080-exec-5] INFO  [6b0984ab-b57f-4399-96fb-54727f041ea2] c.g.interceptor.LoggingInterceptor - Incoming request: GET /swagger-ui/index.html
20:28:19.210 [http-nio-8080-exec-5] INFO  [6b0984ab-b57f-4399-96fb-54727f041ea2] c.g.interceptor.LoggingInterceptor - Response status: 304
20:28:19.244 [http-nio-8080-exec-6] INFO  [30492d2c-b7c2-4af7-b060-1b70fb7a4d1b] c.g.interceptor.LoggingInterceptor - Incoming request: GET /swagger-ui/swagger-initializer.js
20:28:19.249 [http-nio-8080-exec-6] INFO  [30492d2c-b7c2-4af7-b060-1b70fb7a4d1b] c.g.interceptor.LoggingInterceptor - Response status: 200
20:28:19.366 [http-nio-8080-exec-7] INFO  [1aecc6fb-53dd-4e9b-89de-a2bb7c328dd5] c.g.interceptor.LoggingInterceptor - Incoming request: GET /v3/api-docs/swagger-config
20:28:19.367 [http-nio-8080-exec-7] INFO  [1aecc6fb-53dd-4e9b-89de-a2bb7c328dd5] c.g.interceptor.LoggingInterceptor - Response status: 200
20:28:19.390 [http-nio-8080-exec-8] INFO  [12b45804-b59f-48c7-9be7-7b616d6ca202] c.g.interceptor.LoggingInterceptor - Incoming request: GET /v3/api-docs
20:28:19.409 [http-nio-8080-exec-8] INFO  [12b45804-b59f-48c7-9be7-7b616d6ca202] c.g.interceptor.LoggingInterceptor - Response status: 200
20:29:13.802 [http-nio-8080-exec-9] INFO  [b7393c78-5f4e-415d-94bd-fddd548a81a8] c.g.interceptor.LoggingInterceptor - Incoming request: GET /api/v1/trainees/test1.xdd
20:29:13.803 [http-nio-8080-exec-9] INFO  [b7393c78-5f4e-415d-94bd-fddd548a81a8] com.gymapp.service.core.AuthManager - Authenticating user: test1.xdd
20:29:14.303 [http-nio-8080-exec-9] INFO  [b7393c78-5f4e-415d-94bd-fddd548a81a8] com.gymapp.service.core.AuthManager - Authentication successful for user: test1.xdd
20:29:14.316 [http-nio-8080-exec-9] INFO  [b7393c78-5f4e-415d-94bd-fddd548a81a8] c.g.s.trainee.TraineeServiceImpl - Fetching profile for trainee: test1.xdd
20:29:14.394 [http-nio-8080-exec-9] INFO  [b7393c78-5f4e-415d-94bd-fddd548a81a8] c.g.interceptor.LoggingInterceptor - Response status: 200
20:29:53.235 [http-nio-8080-exec-1] INFO  [bd5835d5-4973-4758-82af-cba731257589] c.g.interceptor.LoggingInterceptor - Incoming request: GET /api/v1/trainees/test1.xdd
20:29:53.237 [http-nio-8080-exec-1] INFO  [bd5835d5-4973-4758-82af-cba731257589] c.g.interceptor.LoggingInterceptor - Response status: 401
20:30:18.579 [http-nio-8080-exec-2] INFO  [69985c08-8edc-4ffd-9e32-68019b33801a] c.g.interceptor.LoggingInterceptor - Incoming request: GET /api/v1/trainees/test1.xdd
20:30:18.579 [http-nio-8080-exec-2] INFO  [69985c08-8edc-4ffd-9e32-68019b33801a] com.gymapp.service.core.AuthManager - Authenticating user: test1.xdd
20:30:18.746 [http-nio-8080-exec-2] INFO  [69985c08-8edc-4ffd-9e32-68019b33801a] c.g.interceptor.LoggingInterceptor - Response status: 401
20:30:39.188 [http-nio-8080-exec-3] INFO  [83390efc-b8e9-45c0-b2b5-c5b1f3969bc8] c.g.interceptor.LoggingInterceptor - Incoming request: GET /api/v1/trainees/trainings
20:30:39.190 [http-nio-8080-exec-3] INFO  [83390efc-b8e9-45c0-b2b5-c5b1f3969bc8] com.gymapp.service.core.AuthManager - Authenticating user: test1.xdd
20:30:39.382 [http-nio-8080-exec-3] INFO  [83390efc-b8e9-45c0-b2b5-c5b1f3969bc8] c.g.interceptor.LoggingInterceptor - Response status: 401
20:32:05.550 [http-nio-8080-exec-5] INFO  [93751c96-c314-478c-b020-9f9cde506c7d] c.g.interceptor.LoggingInterceptor - Incoming request: GET /api/v1/trainees/test1.xdd
20:32:05.552 [http-nio-8080-exec-5] INFO  [93751c96-c314-478c-b020-9f9cde506c7d] com.gymapp.service.core.AuthManager - Authenticating user: test1.xdd
20:32:05.721 [http-nio-8080-exec-5] INFO  [93751c96-c314-478c-b020-9f9cde506c7d] com.gymapp.service.core.AuthManager - Authentication successful for user: test1.xdd
20:32:05.724 [http-nio-8080-exec-5] INFO  [93751c96-c314-478c-b020-9f9cde506c7d] c.g.s.trainee.TraineeServiceImpl - Fetching profile for trainee: test1.xdd
20:32:05.733 [http-nio-8080-exec-5] INFO  [93751c96-c314-478c-b020-9f9cde506c7d] c.g.interceptor.LoggingInterceptor - Response status: 200
20:32:34.720 [http-nio-8080-exec-6] INFO  [6f90dbcd-a555-4130-9ce0-0b08e9e8caeb] c.g.interceptor.LoggingInterceptor - Incoming request: GET /api/v1/trainees/trainings
20:32:34.720 [http-nio-8080-exec-6] INFO  [6f90dbcd-a555-4130-9ce0-0b08e9e8caeb] com.gymapp.service.core.AuthManager - Authenticating user: test1.xdd
20:32:34.905 [http-nio-8080-exec-6] INFO  [6f90dbcd-a555-4130-9ce0-0b08e9e8caeb] com.gymapp.service.core.AuthManager - Authentication successful for user: test1.xdd
20:32:34.911 [http-nio-8080-exec-6] INFO  [6f90dbcd-a555-4130-9ce0-0b08e9e8caeb] c.g.s.trainee.TraineeServiceImpl - Fetching trainings for trainee: test1.xdd with filters: from=null, to=null, trainer=null, type=null
20:32:34.969 [http-nio-8080-exec-6] INFO  [6f90dbcd-a555-4130-9ce0-0b08e9e8caeb] c.g.interceptor.LoggingInterceptor - Response status: 200
20:32:55.297 [http-nio-8080-exec-8] INFO  [243ed15f-39c6-4b52-957a-278f8589cbfd] c.g.interceptor.LoggingInterceptor - Incoming request: GET /api/v1/trainees/test1.xdd/trainers/not-assigned
20:32:55.297 [http-nio-8080-exec-8] INFO  [243ed15f-39c6-4b52-957a-278f8589cbfd] com.gymapp.service.core.AuthManager - Authenticating user: test1.xdd
20:32:55.473 [http-nio-8080-exec-8] INFO  [243ed15f-39c6-4b52-957a-278f8589cbfd] com.gymapp.service.core.AuthManager - Authentication successful for user: test1.xdd
20:32:55.473 [http-nio-8080-exec-8] INFO  [243ed15f-39c6-4b52-957a-278f8589cbfd] c.g.s.trainee.TraineeServiceImpl - Fetching active unassigned trainers for trainee: test1.xdd
20:32:55.543 [http-nio-8080-exec-8] INFO  [243ed15f-39c6-4b52-957a-278f8589cbfd] c.g.interceptor.LoggingInterceptor - Response status: 200
20:33:33.890 [http-nio-8080-exec-10] INFO  [b353a268-4f7b-469b-9e0b-d349e3d1cd13] c.g.interceptor.LoggingInterceptor - Incoming request: GET /api/v1/training-types
20:33:33.890 [http-nio-8080-exec-10] INFO  [b353a268-4f7b-469b-9e0b-d349e3d1cd13] com.gymapp.service.core.AuthManager - Authenticating user: test1.xdd
20:33:34.060 [http-nio-8080-exec-10] INFO  [b353a268-4f7b-469b-9e0b-d349e3d1cd13] com.gymapp.service.core.AuthManager - Authentication successful for user: test1.xdd
20:33:34.074 [http-nio-8080-exec-10] INFO  [b353a268-4f7b-469b-9e0b-d349e3d1cd13] c.g.interceptor.LoggingInterceptor - Response status: 200
20:34:05.619 [http-nio-8080-exec-9] INFO  [80eb4b89-8265-45e1-926c-708cc08cb7f5] c.g.interceptor.LoggingInterceptor - Incoming request: GET /api/v1/trainers/test1.xdd
20:34:05.621 [http-nio-8080-exec-9] INFO  [80eb4b89-8265-45e1-926c-708cc08cb7f5] com.gymapp.service.core.AuthManager - Authenticating user: test1.xdd
20:34:05.801 [http-nio-8080-exec-9] INFO  [80eb4b89-8265-45e1-926c-708cc08cb7f5] com.gymapp.service.core.AuthManager - Authentication successful for user: test1.xdd
20:34:05.805 [http-nio-8080-exec-9] INFO  [80eb4b89-8265-45e1-926c-708cc08cb7f5] c.g.s.trainer.TrainerServiceImpl - Fetching profile for trainer: test1.xdd
20:34:05.838 [http-nio-8080-exec-9] INFO  [80eb4b89-8265-45e1-926c-708cc08cb7f5] c.g.interceptor.LoggingInterceptor - Response status: 400
20:37:08.624 [SpringApplicationShutdownHook] INFO  [] o.s.b.w.e.tomcat.GracefulShutdown - Commencing graceful shutdown. Waiting for active requests to complete
20:37:08.637 [tomcat-shutdown] INFO  [] o.s.b.w.e.tomcat.GracefulShutdown - Graceful shutdown complete
20:37:08.647 [SpringApplicationShutdownHook] INFO  [] o.s.o.j.LocalContainerEntityManagerFactoryBean - Closing JPA EntityManagerFactory for persistence unit 'default'
20:37:08.649 [SpringApplicationShutdownHook] INFO  [] com.zaxxer.hikari.HikariDataSource - HikariPool-1 - Shutdown initiated...
20:37:08.652 [SpringApplicationShutdownHook] INFO  [] com.zaxxer.hikari.HikariDataSource - HikariPool-1 - Shutdown completed.
20:42:07.527 [background-preinit] INFO  [] o.h.validator.internal.util.Version - HV000001: Hibernate Validator 8.0.3.Final
20:42:07.592 [main] INFO  [] com.gymapp.GymAppApplication - Starting GymAppApplication using Java 21.0.7 with PID 26508 (C:\Users\ASUS\Desktop\EPAM-COURSE\Spring-boot\spring-boot\target\classes started by ASUS in C:\Users\ASUS\Desktop\EPAM-COURSE\Spring-boot\spring-boot)
20:42:07.593 [main] INFO  [] com.gymapp.GymAppApplication - The following 1 profile is active: "local"
20:42:09.089 [main] INFO  [] o.s.d.r.c.RepositoryConfigurationDelegate - Bootstrapping Spring Data JPA repositories in DEFAULT mode.
20:42:09.192 [main] INFO  [] o.s.d.r.c.RepositoryConfigurationDelegate - Finished Spring Data repository scanning in 91 ms. Found 4 JPA repository interfaces.
20:42:10.063 [main] INFO  [] o.s.b.w.e.tomcat.TomcatWebServer - Tomcat initialized with port 8080 (http)
20:42:10.078 [main] INFO  [] o.a.coyote.http11.Http11NioProtocol - Initializing ProtocolHandler ["http-nio-8080"]
20:42:10.081 [main] INFO  [] o.a.catalina.core.StandardService - Starting service [Tomcat]
20:42:10.081 [main] INFO  [] o.a.catalina.core.StandardEngine - Starting Servlet engine: [Apache Tomcat/10.1.48]
20:42:10.158 [main] INFO  [] o.a.c.c.C.[Tomcat].[localhost].[/] - Initializing Spring embedded WebApplicationContext
20:42:10.160 [main] INFO  [] o.s.b.w.s.c.ServletWebServerApplicationContext - Root WebApplicationContext: initialization completed in 2513 ms
20:42:10.594 [main] INFO  [] o.h.jpa.internal.util.LogHelper - HHH000204: Processing PersistenceUnitInfo [name: default]
20:42:10.641 [main] INFO  [] org.hibernate.Version - HHH000412: Hibernate ORM core version 6.6.33.Final
20:42:10.686 [main] INFO  [] o.h.c.i.RegionFactoryInitiator - HHH000026: Second-level cache disabled
20:42:10.956 [main] INFO  [] o.s.o.j.p.SpringPersistenceUnitInfo - No LoadTimeWeaver setup: ignoring JPA class transformer
20:42:10.979 [main] INFO  [] com.zaxxer.hikari.HikariDataSource - HikariPool-1 - Starting...
20:42:11.252 [main] INFO  [] com.zaxxer.hikari.pool.HikariPool - HikariPool-1 - Added connection org.postgresql.jdbc.PgConnection@5f369fc6
20:42:11.253 [main] INFO  [] com.zaxxer.hikari.HikariDataSource - HikariPool-1 - Start completed.
20:42:11.297 [main] INFO  [] o.hibernate.orm.connections.pooling - HHH10001005: Database info:
	Database JDBC URL [Connecting through datasource 'HikariDataSource (HikariPool-1)']
	Database driver: undefined/unknown
	Database version: 17.5
	Autocommit mode: undefined/unknown
	Isolation level: undefined/unknown
	Minimum pool size: undefined/unknown
	Maximum pool size: undefined/unknown
20:42:12.248 [main] INFO  [] o.h.e.t.j.p.i.JtaPlatformInitiator - HHH000489: No JTA platform available (set 'hibernate.transaction.jta.platform' to enable JTA platform integration)
20:42:12.353 [main] INFO  [] o.s.o.j.LocalContainerEntityManagerFactoryBean - Initialized JPA EntityManagerFactory for persistence unit 'default'
20:42:12.641 [main] INFO  [] o.s.d.j.r.query.QueryEnhancerFactory - Hibernate is in classpath; If applicable, HQL parser will be used.
20:42:14.379 [main] INFO  [] o.s.b.a.e.web.EndpointLinksResolver - Exposing 3 endpoints beneath base path '/actuator'
20:42:14.451 [main] INFO  [] o.a.coyote.http11.Http11NioProtocol - Starting ProtocolHandler ["http-nio-8080"]
20:42:14.468 [main] INFO  [] o.s.b.w.e.tomcat.TomcatWebServer - Tomcat started on port 8080 (http) with context path '/'
20:42:14.485 [main] INFO  [] com.gymapp.GymAppApplication - Started GymAppApplication in 7.334 seconds (process running for 7.951)
20:42:24.200 [http-nio-8080-exec-1] INFO  [] o.a.c.c.C.[Tomcat].[localhost].[/] - Initializing Spring DispatcherServlet 'dispatcherServlet'
20:42:24.203 [http-nio-8080-exec-1] INFO  [] o.s.web.servlet.DispatcherServlet - Initializing Servlet 'dispatcherServlet'
20:42:24.207 [http-nio-8080-exec-1] INFO  [] o.s.web.servlet.DispatcherServlet - Completed initialization in 4 ms
20:42:24.259 [http-nio-8080-exec-1] INFO  [54e6ee0f-1e71-40bc-aa7c-7633962b5cf3] c.g.interceptor.LoggingInterceptor - Incoming request: GET /swagger-ui/swagger-initializer.js
20:42:24.369 [http-nio-8080-exec-1] INFO  [54e6ee0f-1e71-40bc-aa7c-7633962b5cf3] c.g.interceptor.LoggingInterceptor - Response status: 200
20:42:24.473 [http-nio-8080-exec-2] INFO  [d5cacb35-e727-40f1-b52d-d07b4799e792] c.g.interceptor.LoggingInterceptor - Incoming request: GET /v3/api-docs/swagger-config
20:42:24.525 [http-nio-8080-exec-2] INFO  [d5cacb35-e727-40f1-b52d-d07b4799e792] c.g.interceptor.LoggingInterceptor - Response status: 200
20:42:24.567 [http-nio-8080-exec-3] INFO  [746cb010-6fd7-4b90-b90f-a9c1aba17516] c.g.interceptor.LoggingInterceptor - Incoming request: GET /v3/api-docs
20:42:25.660 [http-nio-8080-exec-3] INFO  [746cb010-6fd7-4b90-b90f-a9c1aba17516] o.s.api.AbstractOpenApiResource - Init duration for springdoc-openapi is: 1073 ms
20:42:25.761 [http-nio-8080-exec-3] INFO  [746cb010-6fd7-4b90-b90f-a9c1aba17516] c.g.interceptor.LoggingInterceptor - Response status: 200
20:42:45.832 [SpringApplicationShutdownHook] INFO  [] o.s.b.w.e.tomcat.GracefulShutdown - Commencing graceful shutdown. Waiting for active requests to complete
20:42:45.839 [tomcat-shutdown] INFO  [] o.s.b.w.e.tomcat.GracefulShutdown - Graceful shutdown complete
20:42:45.844 [SpringApplicationShutdownHook] INFO  [] o.s.o.j.LocalContainerEntityManagerFactoryBean - Closing JPA EntityManagerFactory for persistence unit 'default'
20:42:45.847 [SpringApplicationShutdownHook] INFO  [] com.zaxxer.hikari.HikariDataSource - HikariPool-1 - Shutdown initiated...
20:42:45.854 [SpringApplicationShutdownHook] INFO  [] com.zaxxer.hikari.HikariDataSource - HikariPool-1 - Shutdown completed.
22:17:49.989 [background-preinit] INFO  [] o.h.validator.internal.util.Version - HV000001: Hibernate Validator 8.0.3.Final
22:17:50.035 [main] INFO  [] com.gymapp.GymAppApplication - Starting GymAppApplication using Java 21.0.7 with PID 13828 (C:\Users\ASUS\Desktop\EPAM-COURSE\Spring-boot\spring-boot\target\classes started by ASUS in C:\Users\ASUS\Desktop\EPAM-COURSE\Spring-boot\spring-boot)
22:17:50.036 [main] INFO  [] com.gymapp.GymAppApplication - The following 1 profile is active: "local"
22:17:53.659 [main] INFO  [] o.s.d.r.c.RepositoryConfigurationDelegate - Bootstrapping Spring Data JPA repositories in DEFAULT mode.
22:17:53.736 [main] INFO  [] o.s.d.r.c.RepositoryConfigurationDelegate - Finished Spring Data repository scanning in 69 ms. Found 4 JPA repository interfaces.
22:17:54.589 [main] INFO  [] o.s.b.w.e.tomcat.TomcatWebServer - Tomcat initialized with port 8080 (http)
22:17:54.620 [main] INFO  [] o.a.coyote.http11.Http11NioProtocol - Initializing ProtocolHandler ["http-nio-8080"]
22:17:54.625 [main] INFO  [] o.a.catalina.core.StandardService - Starting service [Tomcat]
22:17:54.625 [main] INFO  [] o.a.catalina.core.StandardEngine - Starting Servlet engine: [Apache Tomcat/10.1.48]
22:17:54.690 [main] INFO  [] o.a.c.c.C.[Tomcat].[localhost].[/] - Initializing Spring embedded WebApplicationContext
22:17:54.691 [main] INFO  [] o.s.b.w.s.c.ServletWebServerApplicationContext - Root WebApplicationContext: initialization completed in 4612 ms
22:17:55.314 [main] INFO  [] o.h.jpa.internal.util.LogHelper - HHH000204: Processing PersistenceUnitInfo [name: default]
22:17:55.428 [main] INFO  [] org.hibernate.Version - HHH000412: Hibernate ORM core version 6.6.33.Final
22:17:55.472 [main] INFO  [] o.h.c.i.RegionFactoryInitiator - HHH000026: Second-level cache disabled
22:17:55.748 [main] INFO  [] o.s.o.j.p.SpringPersistenceUnitInfo - No LoadTimeWeaver setup: ignoring JPA class transformer
22:17:55.768 [main] INFO  [] com.zaxxer.hikari.HikariDataSource - HikariPool-1 - Starting...
22:17:55.896 [main] INFO  [] com.zaxxer.hikari.pool.HikariPool - HikariPool-1 - Added connection org.postgresql.jdbc.PgConnection@361fa478
22:17:55.897 [main] INFO  [] com.zaxxer.hikari.HikariDataSource - HikariPool-1 - Start completed.
22:17:55.934 [main] INFO  [] o.hibernate.orm.connections.pooling - HHH10001005: Database info:
	Database JDBC URL [Connecting through datasource 'HikariDataSource (HikariPool-1)']
	Database driver: undefined/unknown
	Database version: 17.5
	Autocommit mode: undefined/unknown
	Isolation level: undefined/unknown
	Minimum pool size: undefined/unknown
	Maximum pool size: undefined/unknown
22:17:56.757 [main] INFO  [] o.h.e.t.j.p.i.JtaPlatformInitiator - HHH000489: No JTA platform available (set 'hibernate.transaction.jta.platform' to enable JTA platform integration)
22:17:56.843 [main] INFO  [] o.s.o.j.LocalContainerEntityManagerFactoryBean - Initialized JPA EntityManagerFactory for persistence unit 'default'
22:17:57.439 [main] INFO  [] o.s.d.j.r.query.QueryEnhancerFactory - Hibernate is in classpath; If applicable, HQL parser will be used.
22:17:59.686 [main] INFO  [] o.s.b.a.e.web.EndpointLinksResolver - Exposing 3 endpoints beneath base path '/actuator'
22:17:59.807 [main] INFO  [] o.a.coyote.http11.Http11NioProtocol - Starting ProtocolHandler ["http-nio-8080"]
22:17:59.827 [main] INFO  [] o.s.b.w.e.tomcat.TomcatWebServer - Tomcat started on port 8080 (http) with context path '/'
22:17:59.839 [main] INFO  [] com.gymapp.GymAppApplication - Started GymAppApplication in 10.141 seconds (process running for 12.497)
22:18:06.101 [SpringApplicationShutdownHook] INFO  [] o.s.b.w.e.tomcat.GracefulShutdown - Commencing graceful shutdown. Waiting for active requests to complete
22:18:06.109 [tomcat-shutdown] INFO  [] o.s.b.w.e.tomcat.GracefulShutdown - Graceful shutdown complete
22:18:06.114 [SpringApplicationShutdownHook] INFO  [] o.s.o.j.LocalContainerEntityManagerFactoryBean - Closing JPA EntityManagerFactory for persistence unit 'default'
22:18:06.116 [SpringApplicationShutdownHook] INFO  [] com.zaxxer.hikari.HikariDataSource - HikariPool-1 - Shutdown initiated...
22:18:06.122 [SpringApplicationShutdownHook] INFO  [] com.zaxxer.hikari.HikariDataSource - HikariPool-1 - Shutdown completed.
